<?xml version="1.0" encoding="UTF-8"?>
<testsuites>
  <testsuite name="bias" timestamp="2025-12-08T06:55:23Z" hostname="9f8081774f78" tests="1" skipped="1" failures="0" errors="0" time="0.093">
    <testcase time="0.0930000000000001" classname="bias" name="bias_works_for_guassian">
      <skipped message="Reason: On CRAN ('test-bias.R:1:1')"/>
    </testcase>
  </testsuite>
  <testsuite name="confint" timestamp="2025-12-08T06:55:23Z" hostname="9f8081774f78" tests="8" skipped="4" failures="0" errors="0" time="0.326">
    <testcase time="0.164" classname="confint" name="confint_works_correctly">
      <skipped message="Reason: On CRAN ('test-confint.R:1:1')"/>
    </testcase>
    <testcase time="0.0740000000000001" classname="confint" name="confint_works_with_parm_argument"/>
    <testcase time="0.005" classname="confint" name="confint_works_with_parm_argument"/>
    <testcase time="0.005" classname="confint" name="confint_works_with_parm_argument"/>
    <testcase time="0.005" classname="confint" name="confint_works_with_parm_argument"/>
    <testcase time="0.001" classname="confint" name="confint_works_with_parm_argument">
      <skipped message="Reason: On CRAN ('test-confint.R:9:1')"/>
    </testcase>
    <testcase time="0.0409999999999999" classname="confint" name="confint_works_with_level_argument">
      <skipped message="Reason: On CRAN ('test-confint.R:22:1')"/>
    </testcase>
    <testcase time="0.031" classname="confint" name="confint_works_with_transform_argument">
      <skipped message="Reason: On CRAN ('test-confint.R:27:1')"/>
    </testcase>
  </testsuite>
  <testsuite name="find_data" timestamp="2025-12-08T06:55:23Z" hostname="9f8081774f78" tests="2" skipped="0" failures="0" errors="0" time="0.036">
    <testcase time="0.029" classname="find_data" name="find_data_works_for_glm"/>
    <testcase time="0.00700000000000001" classname="find_data" name="find_data_fails_for_lm"/>
  </testsuite>
  <testsuite name="predict_counterfactual" timestamp="2025-12-08T06:55:23Z" hostname="9f8081774f78" tests="12" skipped="6" failures="0" errors="0" time="0.279">
    <testcase time="0.0229999999999999" classname="predict_counterfactual" name="predict_counterfactual_works_for_guassian">
      <skipped message="Reason: On CRAN ('test-predict_counterfactual.R:1:1')"/>
    </testcase>
    <testcase time="0.039" classname="predict_counterfactual" name="predict_counterfactual_works_for_guassian_with_lm">
      <skipped message="Reason: On CRAN ('test-predict_counterfactual.R:5:1')"/>
    </testcase>
    <testcase time="0.034" classname="predict_counterfactual" name="predict_counterfactual_works_for_binomial">
      <skipped message="Reason: On CRAN ('test-predict_counterfactual.R:9:1')"/>
    </testcase>
    <testcase time="0.0330000000000001" classname="predict_counterfactual" name="predict_counterfactual_for_negative_binomial"/>
    <testcase time="0.004" classname="predict_counterfactual" name="predict_counterfactual_for_negative_binomial"/>
    <testcase time="0.00499999999999989" classname="predict_counterfactual" name="predict_counterfactual_for_negative_binomial"/>
    <testcase time="0.00500000000000012" classname="predict_counterfactual" name="predict_counterfactual_for_negative_binomial"/>
    <testcase time="0.016" classname="predict_counterfactual" name="predict_counterfactual_works_if_contrast_are_non_standard"/>
    <testcase time="0.016" classname="predict_counterfactual" name="predict_counterfactual_works_if_contrast_are_non_standard"/>
    <testcase time="0.002" classname="predict_counterfactual" name="predict_counterfactual_works_if_contrast_are_non_standard">
      <skipped message="Reason: On CRAN ('test-predict_counterfactual.R:38:1')"/>
    </testcase>
    <testcase time="0.0629999999999999" classname="predict_counterfactual" name="predict_counterfactual_works_with_provided_vcov_function">
      <skipped message="Reason: On CRAN ('test-predict_counterfactual.R:52:1')"/>
    </testcase>
    <testcase time="0.0389999999999999" classname="predict_counterfactual" name="confint_method_for_prediction_cf_works_as_expected">
      <skipped message="Reason: On CRAN ('test-predict_counterfactual.R:61:1')"/>
    </testcase>
  </testsuite>
  <testsuite name="robin_glm" timestamp="2025-12-08T06:55:24Z" hostname="9f8081774f78" tests="11" skipped="1" failures="0" errors="0" time="0.172">
    <testcase time="0.034" classname="robin_glm" name="robin_glm_works_correctly"/>
    <testcase time="0.012" classname="robin_glm" name="robin_glm_works_correctly"/>
    <testcase time="0.01" classname="robin_glm" name="robin_glm_works_correctly"/>
    <testcase time="0.01" classname="robin_glm" name="robin_glm_works_correctly"/>
    <testcase time="0.0149999999999999" classname="robin_glm" name="robin_glm_works_correctly"/>
    <testcase time="0.0150000000000001" classname="robin_glm" name="robin_glm_works_correctly"/>
    <testcase time="0.0069999999999999" classname="robin_glm" name="robin_glm_works_correctly"/>
    <testcase time="0.00800000000000001" classname="robin_glm" name="robin_glm_works_correctly"/>
    <testcase time="0.012" classname="robin_glm" name="robin_glm_works_correctly"/>
    <testcase time="0.0270000000000001" classname="robin_glm" name="robin_glm_works_for_glm.nb"/>
    <testcase time="0.022" classname="robin_glm" name="robin_glm_can_be_printed_correctly">
      <skipped message="Reason: On CRAN ('test-robin_glm.R:67:1')"/>
    </testcase>
  </testsuite>
  <testsuite name="robin_lm" timestamp="2025-12-08T06:55:24Z" hostname="9f8081774f78" tests="6" skipped="0" failures="0" errors="0" time="0.064">
    <testcase time="0.0269999999999999" classname="robin_lm" name="h_interaction_works_correctly"/>
    <testcase time="0.004" classname="robin_lm" name="h_interaction_works_correctly"/>
    <testcase time="0.004" classname="robin_lm" name="h_interaction_works_correctly"/>
    <testcase time="0.004" classname="robin_lm" name="h_interaction_works_correctly"/>
    <testcase time="0.0129999999999999" classname="robin_lm" name="robin_lm_works_correctly"/>
    <testcase time="0.012" classname="robin_lm" name="robin_lm_works_correctly"/>
  </testsuite>
  <testsuite name="surv_effect" timestamp="2025-12-08T06:55:24Z" hostname="9f8081774f78" tests="11" skipped="7" failures="0" errors="0" time="2.182">
    <testcase time="0.676" classname="surv_effect" name="print_method_for_surv_effect_works_as_expected_unstratified_unadjusted_">
      <skipped message="Reason: On CRAN ('test-surv_effect.R:1:1')"/>
    </testcase>
    <testcase time="0.121" classname="surv_effect" name="print_method_for_surv_effect_works_as_expected_stratified_unadjusted_">
      <skipped message="Reason: On CRAN ('test-surv_effect.R:10:1')"/>
    </testcase>
    <testcase time="0.174" classname="surv_effect" name="print_method_for_surv_effect_works_as_expected_unstratified_adjusted_">
      <skipped message="Reason: On CRAN ('test-surv_effect.R:19:1')"/>
    </testcase>
    <testcase time="0.352" classname="surv_effect" name="print_method_for_surv_effect_works_as_expected_stratified_adjusted_">
      <skipped message="Reason: On CRAN ('test-surv_effect.R:28:1')"/>
    </testcase>
    <testcase time="0.0489999999999999" classname="surv_effect" name="print_method_for_surv_effect_works_as_expected_when_no_hazard_ratio_was_estimated">
      <skipped message="Reason: On CRAN ('test-surv_effect.R:37:1')"/>
    </testcase>
    <testcase time="0.356" classname="surv_effect" name="table_method_for_surv_effect_works_as_expected"/>
    <testcase time="0.00100000000000033" classname="surv_effect" name="table_method_for_surv_effect_works_as_expected">
      <skipped message="Reason: On CRAN ('test-surv_effect.R:47:1')"/>
    </testcase>
    <testcase time="0.405" classname="surv_effect" name="confint_method_for_surv_effect_works_as_expected"/>
    <testcase time="0.00300000000000011" classname="surv_effect" name="confint_method_for_surv_effect_works_as_expected">
      <skipped message="Reason: On CRAN ('test-surv_effect.R:57:1')"/>
    </testcase>
    <testcase time="0.0329999999999999" classname="surv_effect" name="confint_method_returns_error_when_no_hazard_ratio_was_estimated">
      <system-out>It looks like you have not included all of the variables that were used during randomization in your analysis `formula`. You can either:

a. adjust for all joint levels in your `formula` using `+ strata` or
b. perform a stratified test by adding to your `formula` the term `+ strata(strata)`

NOTE: (b) changes the null hypothesis from your current model specification. Please see the vignette `robincar-survival` for details.
Backtrace:
    x
 1. \-RobinCar2::robin_surv(...) at test-surv_effect.R:74:3</system-out>
    </testcase>
    <testcase time="0.012" classname="surv_effect" name="confint_method_returns_error_when_no_hazard_ratio_was_estimated"/>
  </testsuite>
  <testsuite name="survival" timestamp="2025-12-08T06:55:26Z" hostname="9f8081774f78" tests="109" skipped="22" failures="0" errors="0" time="7.736">
    <testcase time="0.0600000000000001" classname="survival" name="h_log_hr_est_via_score_works_as_expected">
      <skipped message="Reason: On CRAN ('test-survival.R:1:1')"/>
    </testcase>
    <testcase time="0.136" classname="survival" name="h_log_hr_est_via_score_does_not_give_spurious_warning"/>
    <testcase time="0.0129999999999999" classname="survival" name="h_log_hr_est_via_score_does_not_give_spurious_warning">
      <skipped message="Reason: On CRAN ('test-survival.R:12:1')"/>
    </testcase>
    <testcase time="0.0960000000000001" classname="survival" name="h_log_hr_est_via_score_extends_the_search_interval_as_needed"/>
    <testcase time="0.00700000000000012" classname="survival" name="h_log_hr_est_via_score_extends_the_search_interval_as_needed">
      <skipped message="Reason: On CRAN ('test-survival.R:26:1')"/>
    </testcase>
    <testcase time="0.0239999999999996" classname="survival" name="h_lr_test_via_score_works_as_expected">
      <skipped message="Reason: On CRAN ('test-survival.R:40:1')"/>
    </testcase>
    <testcase time="0.0640000000000001" classname="survival" name="robin_surv_comparison_works_as_expected_without_covariate_adjustment">
      <skipped message="Reason: On CRAN ('test-survival.R:51:1')"/>
    </testcase>
    <testcase time="0.0280000000000005" classname="survival" name="robin_surv_comparison_can_skip_the_hazard_ratio_estimation">
      <skipped message="Reason: On CRAN ('test-survival.R:71:1')"/>
    </testcase>
    <testcase time="0.0589999999999993" classname="survival" name="robin_surv_no_strata_no_cov_works_as_expected">
      <skipped message="Reason: On CRAN ('test-survival.R:91:1')"/>
    </testcase>
    <testcase time="0.0450000000000008" classname="survival" name="robin_surv_no_strata_no_cov_gives_the_same_results_as_RobinCar_functions"/>
    <testcase time="0.00299999999999923" classname="survival" name="robin_surv_no_strata_no_cov_gives_the_same_results_as_RobinCar_functions"/>
    <testcase time="0.00400000000000045" classname="survival" name="robin_surv_no_strata_no_cov_gives_the_same_results_as_RobinCar_functions"/>
    <testcase time="0.00300000000000011" classname="survival" name="robin_surv_no_strata_no_cov_gives_the_same_results_as_RobinCar_functions"/>
    <testcase time="0.112" classname="survival" name="robin_surv_strata_works_as_expected">
      <skipped message="Reason: On CRAN ('test-survival.R:135:1')"/>
    </testcase>
    <testcase time="0.218" classname="survival" name="robin_surv_strata_works_with_multiple_strata_variables"/>
    <testcase time="0.0519999999999996" classname="survival" name="robin_surv_strata_gives_the_same_results_as_RobinCar_functions"/>
    <testcase time="0.00400000000000045" classname="survival" name="robin_surv_strata_gives_the_same_results_as_RobinCar_functions"/>
    <testcase time="0.00300000000000011" classname="survival" name="robin_surv_strata_gives_the_same_results_as_RobinCar_functions"/>
    <testcase time="0.00399999999999956" classname="survival" name="robin_surv_strata_gives_the_same_results_as_RobinCar_functions"/>
    <testcase time="0.184" classname="survival" name="robin_surv_cov_works_as_expected">
      <skipped message="Reason: On CRAN ('test-survival.R:208:1')"/>
    </testcase>
    <testcase time="0.135" classname="survival" name="robin_surv_cov_gives_the_same_results_as_RobinCar_functions"/>
    <testcase time="0.00300000000000011" classname="survival" name="robin_surv_cov_gives_the_same_results_as_RobinCar_functions"/>
    <testcase time="0.00399999999999956" classname="survival" name="robin_surv_cov_gives_the_same_results_as_RobinCar_functions"/>
    <testcase time="0.00400000000000045" classname="survival" name="robin_surv_cov_gives_the_same_results_as_RobinCar_functions"/>
    <testcase time="0.218" classname="survival" name="robin_surv_strata_cov_works_as_expected">
      <skipped message="Reason: On CRAN ('test-survival.R:253:1')"/>
    </testcase>
    <testcase time="0.742" classname="survival" name="robin_surv_strata_cov_works_with_multiple_strata_variables"/>
    <testcase time="0.193" classname="survival" name="robin_surv_strata_cov_gives_the_same_results_as_RobinCar_functions"/>
    <testcase time="0.00400000000000045" classname="survival" name="robin_surv_strata_cov_gives_the_same_results_as_RobinCar_functions"/>
    <testcase time="0.00300000000000011" classname="survival" name="robin_surv_strata_cov_gives_the_same_results_as_RobinCar_functions"/>
    <testcase time="0.00399999999999956" classname="survival" name="robin_surv_strata_cov_gives_the_same_results_as_RobinCar_functions"/>
    <testcase time="0.0129999999999999" classname="survival" name="h_log_hr_coef_mat_works_as_expected">
      <skipped message="Reason: On CRAN ('test-survival.R:327:1')"/>
    </testcase>
    <testcase time="0.0260000000000007" classname="survival" name="h_log_hr_coef_mat_works_as_expected_for_multiple_comparisons">
      <skipped message="Reason: On CRAN ('test-survival.R:340:1')"/>
    </testcase>
    <testcase time="0.016" classname="survival" name="h_test_mat_works_as_expected">
      <skipped message="Reason: On CRAN ('test-survival.R:353:1')"/>
    </testcase>
    <testcase time="0.0169999999999995" classname="survival" name="h_events_table_works_as_expected_with_strata"/>
    <testcase time="0.00800000000000001" classname="survival" name="h_events_table_works_as_expected_with_multiple_strata"/>
    <testcase time="0.0120000000000005" classname="survival" name="h_events_table_works_as_expected_without_strata"/>
    <testcase time="0.0389999999999997" classname="survival" name="robin_surv_works_as_expected_without_strata_or_covariates"/>
    <testcase time="0.00900000000000034" classname="survival" name="robin_surv_works_as_expected_without_strata_or_covariates">
      <skipped message="Reason: On CRAN ('test-survival.R:417:1')"/>
    </testcase>
    <testcase time="0.0489999999999995" classname="survival" name="robin_surv_gives_the_same_results_as_RobinCar_functions_without_strata_or_covariates"/>
    <testcase time="0.00400000000000045" classname="survival" name="robin_surv_gives_the_same_results_as_RobinCar_functions_without_strata_or_covariates"/>
    <testcase time="0.00399999999999956" classname="survival" name="robin_surv_gives_the_same_results_as_RobinCar_functions_without_strata_or_covariates"/>
    <testcase time="0.00300000000000011" classname="survival" name="robin_surv_gives_the_same_results_as_RobinCar_functions_without_strata_or_covariates"/>
    <testcase time="0.11" classname="survival" name="robin_surv_works_as_expected_with_strata"/>
    <testcase time="0.00999999999999979" classname="survival" name="robin_surv_works_as_expected_with_strata">
      <skipped message="Reason: On CRAN ('test-survival.R:450:1')"/>
    </testcase>
    <testcase time="0.0640000000000001" classname="survival" name="robin_surv_gives_the_same_results_as_RobinCar_functions_with_strata"/>
    <testcase time="0.00399999999999956" classname="survival" name="robin_surv_gives_the_same_results_as_RobinCar_functions_with_strata"/>
    <testcase time="0.00400000000000045" classname="survival" name="robin_surv_gives_the_same_results_as_RobinCar_functions_with_strata"/>
    <testcase time="0.00499999999999989" classname="survival" name="robin_surv_gives_the_same_results_as_RobinCar_functions_with_strata"/>
    <testcase time="0.276" classname="survival" name="robin_surv_works_as_expected_with_covariates"/>
    <testcase time="0.00900000000000034" classname="survival" name="robin_surv_works_as_expected_with_covariates">
      <skipped message="Reason: On CRAN ('test-survival.R:483:1')"/>
    </testcase>
    <testcase time="0.138" classname="survival" name="robin_surv_gives_the_same_results_as_RobinCar_functions_with_covariates"/>
    <testcase time="0.00499999999999989" classname="survival" name="robin_surv_gives_the_same_results_as_RobinCar_functions_with_covariates"/>
    <testcase time="0.00499999999999989" classname="survival" name="robin_surv_gives_the_same_results_as_RobinCar_functions_with_covariates"/>
    <testcase time="0.00399999999999956" classname="survival" name="robin_surv_gives_the_same_results_as_RobinCar_functions_with_covariates"/>
    <testcase time="0.118" classname="survival" name="robin_surv_gives_the_same_results_as_RobinCar_for_single_factor_covariate"/>
    <testcase time="0.00400000000000045" classname="survival" name="robin_surv_gives_the_same_results_as_RobinCar_for_single_factor_covariate"/>
    <testcase time="0.00399999999999956" classname="survival" name="robin_surv_gives_the_same_results_as_RobinCar_for_single_factor_covariate"/>
    <testcase time="0.00400000000000045" classname="survival" name="robin_surv_gives_the_same_results_as_RobinCar_for_single_factor_covariate"/>
    <testcase time="0.202999999999999" classname="survival" name="robin_surv_works_as_expected_with_strata_and_covariates"/>
    <testcase time="0.00999999999999979" classname="survival" name="robin_surv_works_as_expected_with_strata_and_covariates">
      <skipped message="Reason: On CRAN ('test-survival.R:538:1')"/>
    </testcase>
    <testcase time="0.185" classname="survival" name="robin_surv_gives_the_same_results_as_RobinCar_functions_with_strata_and_covariates"/>
    <testcase time="0.00399999999999956" classname="survival" name="robin_surv_gives_the_same_results_as_RobinCar_functions_with_strata_and_covariates"/>
    <testcase time="0.00400000000000045" classname="survival" name="robin_surv_gives_the_same_results_as_RobinCar_functions_with_strata_and_covariates"/>
    <testcase time="0.00300000000000011" classname="survival" name="robin_surv_gives_the_same_results_as_RobinCar_functions_with_strata_and_covariates"/>
    <testcase time="0.173" classname="survival" name="robin_surv_also_works_with_multiple_pairwise_comparisons"/>
    <testcase time="0.00199999999999978" classname="survival" name="robin_surv_also_works_with_multiple_pairwise_comparisons"/>
    <testcase time="0.00199999999999978" classname="survival" name="robin_surv_also_works_with_multiple_pairwise_comparisons"/>
    <testcase time="0.00100000000000033" classname="survival" name="robin_surv_also_works_with_multiple_pairwise_comparisons"/>
    <testcase time="0.000999999999999446" classname="survival" name="robin_surv_also_works_with_multiple_pairwise_comparisons"/>
    <testcase time="0.0600000000000005" classname="survival" name="robin_surv_allows_the_user_to_optionally_define_the_comparisons_of_interest"/>
    <testcase time="0.000999999999999446" classname="survival" name="robin_surv_allows_the_user_to_optionally_define_the_comparisons_of_interest"/>
    <testcase time="0.00200000000000067" classname="survival" name="robin_surv_allows_the_user_to_optionally_define_the_comparisons_of_interest"/>
    <testcase time="0.000999999999999446" classname="survival" name="robin_surv_allows_the_user_to_optionally_define_the_comparisons_of_interest"/>
    <testcase time="0.00200000000000067" classname="survival" name="robin_surv_allows_the_user_to_optionally_define_the_comparisons_of_interest"/>
    <testcase time="0.287" classname="survival" name="robin_surv_allows_to_use_unadjusted_standard_error"/>
    <testcase time="0.00300000000000011" classname="survival" name="robin_surv_allows_to_use_unadjusted_standard_error"/>
    <testcase time="0.00299999999999923" classname="survival" name="robin_surv_allows_to_use_unadjusted_standard_error"/>
    <testcase time="0.00300000000000011" classname="survival" name="robin_surv_allows_to_use_unadjusted_standard_error"/>
    <testcase time="0.212" classname="survival" name="robin_surv_gives_the_same_results_as_RobinCar_for_strong_correlation_covariate_with_strata"/>
    <testcase time="0.00400000000000134" classname="survival" name="robin_surv_gives_the_same_results_as_RobinCar_for_strong_correlation_covariate_with_strata"/>
    <testcase time="0.00399999999999956" classname="survival" name="robin_surv_gives_the_same_results_as_RobinCar_for_strong_correlation_covariate_with_strata"/>
    <testcase time="0.00399999999999956" classname="survival" name="robin_surv_gives_the_same_results_as_RobinCar_for_strong_correlation_covariate_with_strata"/>
    <testcase time="0.214" classname="survival" name="robin_surv_works_also_with_character_variable_in_the_correlation_case"/>
    <testcase time="0.00600000000000023" classname="survival" name="robin_surv_works_also_with_character_variable_in_the_correlation_case">
      <skipped message="Reason: On CRAN ('test-survival.R:651:1')"/>
    </testcase>
    <testcase time="0.036999999999999" classname="survival" name="robin_surv_can_skip_the_hazard_ratio_estimation"/>
    <testcase time="0.00200000000000067" classname="survival" name="robin_surv_can_skip_the_hazard_ratio_estimation"/>
    <testcase time="0.00199999999999889" classname="survival" name="robin_surv_can_skip_the_hazard_ratio_estimation"/>
    <testcase time="0.00100000000000122" classname="survival" name="robin_surv_can_skip_the_hazard_ratio_estimation"/>
    <testcase time="0.000999999999999446" classname="survival" name="robin_surv_can_skip_the_hazard_ratio_estimation"/>
    <testcase time="0.00300000000000011" classname="survival" name="robin_surv_can_skip_the_hazard_ratio_estimation"/>
    <testcase time="0.243" classname="survival" name="robin_surv_can_work_with_interaction_covariates"/>
    <testcase time="0.00199999999999889" classname="survival" name="robin_surv_can_work_with_interaction_covariates"/>
    <testcase time="0.343000000000002" classname="survival" name="robin_surv_works_in_a_case_where_previously_separate_design_matrices_led_to_failure"/>
    <testcase time="0.0709999999999997" classname="survival" name="robin_surv_gives_a_warning_if_stratified_randomization_was_specified_but_simple_log_rank_test_used">
      <skipped message="Reason: On CRAN ('test-survival.R:705:1')"/>
    </testcase>
    <testcase time="0.120999999999999" classname="survival" name="robin_surv_does_not_give_a_warning_if_strata_are_sufficiently_included_in_the_analysis_model"/>
    <testcase time="0.17" classname="survival" name="robin_surv_does_give_a_warning_if_strata_are_not_sufficiently_included_in_the_analysis_model"/>
    <testcase time="0.105" classname="survival" name="robin_surv_does_give_a_warning_if_strata_are_not_sufficiently_included_in_the_analysis_model"/>
    <testcase time="0.00200000000000067" classname="survival" name="robin_surv_does_give_a_warning_if_strata_are_not_sufficiently_included_in_the_analysis_model">
      <skipped message="Reason: On CRAN ('test-survival.R:727:1')"/>
    </testcase>
    <testcase time="0.395999999999999" classname="survival" name="robin_surv_does_give_a_warning_if_strata_are_not_sufficiently_included_in_the_covariates"/>
    <testcase time="0.178000000000001" classname="survival" name="robin_surv_does_give_a_warning_if_strata_are_not_sufficiently_included_in_the_covariates"/>
    <testcase time="0.182" classname="survival" name="robin_surv_does_give_a_warning_if_strata_are_not_sufficiently_included_in_the_covariates"/>
    <testcase time="0.00199999999999889" classname="survival" name="robin_surv_does_give_a_warning_if_strata_are_not_sufficiently_included_in_the_covariates">
      <skipped message="Reason: On CRAN ('test-survival.R:755:1')"/>
    </testcase>
    <testcase time="0.534000000000001" classname="survival" name="robin_surv_does_give_a_warning_if_strata_are_insufficiently_included_in_covariate_adjusted_stratified_model"/>
    <testcase time="0.356" classname="survival" name="robin_surv_does_give_a_warning_if_strata_are_insufficiently_included_in_covariate_adjusted_stratified_model"/>
    <testcase time="0.000999999999999446" classname="survival" name="robin_surv_does_give_a_warning_if_strata_are_insufficiently_included_in_covariate_adjusted_stratified_model">
      <skipped message="Reason: On CRAN ('test-survival.R:786:1')"/>
    </testcase>
    <testcase time="0.192" classname="survival" name="robin_surv_only_gives_a_single_warning_for_randomization_strata_with_multiple_comparisons"/>
    <testcase time="0.00200000000000067" classname="survival" name="robin_surv_only_gives_a_single_warning_for_randomization_strata_with_multiple_comparisons"/>
    <testcase time="0.000999999999999446" classname="survival" name="robin_surv_only_gives_a_single_warning_for_randomization_strata_with_multiple_comparisons"/>
    <testcase time="0.00200000000000067" classname="survival" name="robin_surv_only_gives_a_single_warning_for_randomization_strata_with_multiple_comparisons"/>
  </testsuite>
  <testsuite name="survival_cov_adj" timestamp="2025-12-08T06:55:34Z" hostname="9f8081774f78" tests="27" skipped="2" failures="1" errors="3" time="0.198">
    <testcase time="0.0250000000000004" classname="survival_cov_adj" name="h_derived_outcome_vals_works_as_expected">
      <error type="error" message="Error in `assert_character(randomization_strata, any.missing = FALSE, unique = TRUE)`: argument &quot;randomization_strata&quot; is missing, with no default ('test-survival_cov_adj.R:3:3')">Error in `assert_character(randomization_strata, any.missing = FALSE, unique = TRUE)`: argument "randomization_strata" is missing, with no default
Backtrace:
    x
 1. \-RobinCar2:::h_derived_outcome_vals(...) at test-survival_cov_adj.R:3:3
 2.   \-checkmate::assert_character(...)</error>
    </testcase>
    <testcase time="0.0249999999999986" classname="survival_cov_adj" name="h_strat_derived_outcome_vals_works_as_expected">
      <error type="error" message="Error in `assert_character(randomization_strata, any.missing = FALSE, unique = TRUE)`: argument &quot;randomization_strata&quot; is missing, with no default ('test-survival_cov_adj.R:35:3')">Error in `assert_character(randomization_strata, any.missing = FALSE, unique = TRUE)`: argument "randomization_strata" is missing, with no default
Backtrace:
    x
 1. \-RobinCar2:::h_strat_derived_outcome_vals(...) at test-survival_cov_adj.R:35:3
 2.   \-base::lapply(...)
 3.     \-RobinCar2 (local) FUN(X[[i]], ...)
 4.       \-checkmate::assert_character(...)</error>
    </testcase>
    <testcase time="0.0250000000000004" classname="survival_cov_adj" name="h_strat_derived_outcome_vals_works_with_multiple_strata">
      <error type="error" message="Error in `assert_character(randomization_strata, any.missing = FALSE, unique = TRUE)`: argument &quot;randomization_strata&quot; is missing, with no default ('test-survival_cov_adj.R:54:3')">Error in `assert_character(randomization_strata, any.missing = FALSE, unique = TRUE)`: argument "randomization_strata" is missing, with no default
Backtrace:
    x
 1. \-RobinCar2:::h_strat_derived_outcome_vals(...) at test-survival_cov_adj.R:54:3
 2.   \-base::lapply(...)
 3.     \-RobinCar2 (local) FUN(X[[i]], ...)
 4.       \-checkmate::assert_character(...)</error>
    </testcase>
    <testcase time="0.0199999999999996" classname="survival_cov_adj" name="h_get_lm_input_works_as_expected"/>
    <testcase time="0.00200000000000067" classname="survival_cov_adj" name="h_get_lm_input_works_as_expected"/>
    <testcase time="0.000999999999999446" classname="survival_cov_adj" name="h_get_lm_input_works_as_expected"/>
    <testcase time="0.00100000000000122" classname="survival_cov_adj" name="h_get_lm_input_works_as_expected"/>
    <testcase time="0.000999999999999446" classname="survival_cov_adj" name="h_get_lm_input_works_as_expected"/>
    <testcase time="0.000999999999999446" classname="survival_cov_adj" name="h_get_lm_input_works_as_expected"/>
    <testcase time="0.00200000000000067" classname="survival_cov_adj" name="h_get_lm_input_works_as_expected"/>
    <testcase time="0.00799999999999912" classname="survival_cov_adj" name="h_get_lm_input_fails_when_there_is_no_intercept"/>
    <testcase time="0.00499999999999901" classname="survival_cov_adj" name="h_get_lm_input_works_correctly_across_treatment_levels_with_character_covariates"/>
    <testcase time="0.00999999999999979" classname="survival_cov_adj" name="h_get_lm_input_works_correctly_across_treatment_levels_with_character_covariates"/>
    <testcase time="0.00700000000000145" classname="survival_cov_adj" name="h_get_strat_lm_input_works_as_expected"/>
    <testcase time="0.000999999999999446" classname="survival_cov_adj" name="h_get_strat_lm_input_works_as_expected"/>
    <testcase time="0.000999999999999446" classname="survival_cov_adj" name="h_get_strat_lm_input_works_as_expected"/>
    <testcase time="0.00100000000000122" classname="survival_cov_adj" name="h_get_strat_lm_input_works_as_expected"/>
    <testcase time="0.00199999999999889" classname="survival_cov_adj" name="h_get_strat_lm_input_works_as_expected"/>
    <testcase time="0.00100000000000122" classname="survival_cov_adj" name="h_get_strat_lm_input_works_as_expected"/>
    <testcase time="0.000999999999999446" classname="survival_cov_adj" name="h_get_strat_lm_input_works_as_expected"/>
    <testcase time="0.000999999999999446" classname="survival_cov_adj" name="h_get_strat_lm_input_works_as_expected"/>
    <testcase time="0.000999999999999446" classname="survival_cov_adj" name="h_get_strat_lm_input_works_as_expected"/>
    <testcase time="0.00100000000000122" classname="survival_cov_adj" name="h_get_strat_lm_input_works_as_expected"/>
    <testcase time="0.0169999999999995" classname="survival_cov_adj" name="h_get_lm_results_works_as_expected">
      <skipped message="Reason: On CRAN ('test-survival_cov_adj.R:165:1')"/>
    </testcase>
    <testcase time="0.016" classname="survival_cov_adj" name="h_get_strat_lm_results_works_as_expected"/>
    <testcase time="0.00500000000000078" classname="survival_cov_adj" name="h_get_strat_lm_results_works_as_expected">
      <failure type="failure" message="Check on 'names(result)' failed: Names must be a identical to set {'A','B'}, but is {'beta_est','residuals'} ('test-survival_cov_adj.R:201:3')">Check on 'names(result)' failed: Names must be a identical to set {'A','B'}, but is {'beta_est','residuals'}
Backtrace:
    x
 1. \-checkmate::expect_names(...) at test-survival_cov_adj.R:201:3
 2.   \-checkmate::makeExpectation(x, res, info, label)</failure>
    </testcase>
    <testcase time="0.0169999999999995" classname="survival_cov_adj" name="h_get_strat_lm_results_works_as_expected">
      <skipped message="Reason: On CRAN ('test-survival_cov_adj.R:179:1')"/>
    </testcase>
  </testsuite>
  <testsuite name="survival_score" timestamp="2025-12-08T06:55:34Z" hostname="9f8081774f78" tests="36" skipped="14" failures="0" errors="0" time="0.743">
    <testcase time="0.0280000000000005" classname="survival_score" name="h_lr_score_no_strata_no_cov_works_as_expected_with_default_options">
      <skipped message="Reason: On CRAN ('test-survival_score.R:1:1')"/>
    </testcase>
    <testcase time="0.0220000000000002" classname="survival_score" name="h_lr_score_no_strata_no_cov_works_as_expected_with_custom_n">
      <skipped message="Reason: On CRAN ('test-survival_score.R:12:1')"/>
    </testcase>
    <testcase time="0.020999999999999" classname="survival_score" name="h_lr_score_no_strata_no_cov_works_as_expected_when_not_using_ties_factor">
      <skipped message="Reason: On CRAN ('test-survival_score.R:24:1')"/>
    </testcase>
    <testcase time="0.0310000000000006" classname="survival_score" name="h_lr_score_no_strata_no_cov_works_as_expected_with_multiple_theta_values"/>
    <testcase time="0.00999999999999979" classname="survival_score" name="h_lr_score_no_strata_no_cov_works_when_not_calculating_the_variance"/>
    <testcase time="0.00199999999999889" classname="survival_score" name="h_lr_score_no_strata_no_cov_works_when_not_calculating_the_variance"/>
    <testcase time="0.00100000000000122" classname="survival_score" name="h_lr_score_no_strata_no_cov_works_when_not_calculating_the_variance"/>
    <testcase time="0.00300000000000011" classname="survival_score" name="h_lr_score_no_strata_no_cov_works_when_not_calculating_the_variance"/>
    <testcase time="0.0250000000000004" classname="survival_score" name="h_lr_score_strat_works_as_expected_with_default_options">
      <skipped message="Reason: On CRAN ('test-survival_score.R:74:1')"/>
    </testcase>
    <testcase time="0.0289999999999999" classname="survival_score" name="h_lr_score_strat_works_with_multiple_strata_variables">
      <skipped message="Reason: On CRAN ('test-survival_score.R:86:1')"/>
    </testcase>
    <testcase time="0.0269999999999992" classname="survival_score" name="h_lr_score_strat_works_as_expected_when_not_using_ties_factor">
      <skipped message="Reason: On CRAN ('test-survival_score.R:98:1')"/>
    </testcase>
    <testcase time="0.0239999999999991" classname="survival_score" name="h_lr_score_strat_works_as_expected_when_not_calculating_the_variance"/>
    <testcase time="0.00200000000000067" classname="survival_score" name="h_lr_score_strat_works_as_expected_when_not_calculating_the_variance"/>
    <testcase time="0.000999999999999446" classname="survival_score" name="h_lr_score_strat_works_as_expected_when_not_calculating_the_variance"/>
    <testcase time="0.00300000000000011" classname="survival_score" name="h_lr_score_strat_works_as_expected_when_not_calculating_the_variance"/>
    <testcase time="0.0400000000000009" classname="survival_score" name="h_lr_score_strat_works_as_expected_with_multiple_theta_values"/>
    <testcase time="0.0220000000000002" classname="survival_score" name="h_lr_score_cov_works_as_expected_with_default_options">
      <skipped message="Reason: On CRAN ('test-survival_score.R:153:1')"/>
    </testcase>
    <testcase time="0.0309999999999988" classname="survival_score" name="h_lr_score_cov_works_as_expected_when_not_using_ties_factor">
      <skipped message="Reason: On CRAN ('test-survival_score.R:165:1')"/>
    </testcase>
    <testcase time="0.0360000000000014" classname="survival_score" name="h_lr_score_cov_works_as_expected_when_not_calculating_the_variance"/>
    <testcase time="0.000999999999999446" classname="survival_score" name="h_lr_score_cov_works_as_expected_when_not_calculating_the_variance"/>
    <testcase time="0.000999999999999446" classname="survival_score" name="h_lr_score_cov_works_as_expected_when_not_calculating_the_variance"/>
    <testcase time="0.00399999999999956" classname="survival_score" name="h_lr_score_cov_works_as_expected_when_not_calculating_the_variance"/>
    <testcase time="0.0420000000000016" classname="survival_score" name="h_lr_score_cov_works_when_using_the_unadjusted_standard_error_option"/>
    <testcase time="0.00300000000000011" classname="survival_score" name="h_lr_score_cov_works_when_using_the_unadjusted_standard_error_option"/>
    <testcase time="0.00199999999999889" classname="survival_score" name="h_lr_score_cov_works_when_using_the_unadjusted_standard_error_option">
      <skipped message="Reason: On CRAN ('test-survival_score.R:195:1')"/>
    </testcase>
    <testcase time="0.0300000000000011" classname="survival_score" name="h_lr_score_cov_works_with_a_single_factor_covariate">
      <skipped message="Reason: On CRAN ('test-survival_score.R:230:1')"/>
    </testcase>
    <testcase time="0.0419999999999998" classname="survival_score" name="h_lr_score_strat_cov_works_as_expected_with_default_options">
      <skipped message="Reason: On CRAN ('test-survival_score.R:242:1')"/>
    </testcase>
    <testcase time="0.0449999999999999" classname="survival_score" name="h_lr_score_strat_cov_works_with_multiple_strata_variables">
      <skipped message="Reason: On CRAN ('test-survival_score.R:255:1')"/>
    </testcase>
    <testcase time="0.0519999999999996" classname="survival_score" name="h_lr_score_strat_cov_works_as_expected_when_not_using_ties_factor">
      <skipped message="Reason: On CRAN ('test-survival_score.R:268:1')"/>
    </testcase>
    <testcase time="0.0410000000000004" classname="survival_score" name="h_lr_score_strat_cov_works_as_expected_when_not_calculating_the_variance"/>
    <testcase time="0.000999999999999446" classname="survival_score" name="h_lr_score_strat_cov_works_as_expected_when_not_calculating_the_variance"/>
    <testcase time="0.00200000000000067" classname="survival_score" name="h_lr_score_strat_cov_works_as_expected_when_not_calculating_the_variance"/>
    <testcase time="0.00399999999999956" classname="survival_score" name="h_lr_score_strat_cov_works_as_expected_when_not_calculating_the_variance"/>
    <testcase time="0.109999999999999" classname="survival_score" name="h_lr_score_strat_cov_works_as_expected_with_unadjusted_standard_error"/>
    <testcase time="0.00300000000000011" classname="survival_score" name="h_lr_score_strat_cov_works_as_expected_with_unadjusted_standard_error"/>
    <testcase time="0.00200000000000067" classname="survival_score" name="h_lr_score_strat_cov_works_as_expected_with_unadjusted_standard_error">
      <skipped message="Reason: On CRAN ('test-survival_score.R:300:1')"/>
    </testcase>
  </testsuite>
  <testsuite name="treatment_effect" timestamp="2025-12-08T06:55:35Z" hostname="9f8081774f78" tests="41" skipped="4" failures="0" errors="0" time="0.406">
    <testcase time="0.020999999999999" classname="treatment_effect" name="h_diff_works_as_expected"/>
    <testcase time="0.00200000000000067" classname="treatment_effect" name="h_diff_works_as_expected"/>
    <testcase time="0.00600000000000023" classname="treatment_effect" name="h_jac_diff_work_as_expected"/>
    <testcase time="0.00300000000000011" classname="treatment_effect" name="h_jac_diff_work_as_expected"/>
    <testcase time="0.0139999999999993" classname="treatment_effect" name="h_risk_ratio_works_as_expected"/>
    <testcase time="0.00200000000000067" classname="treatment_effect" name="h_risk_ratio_works_as_expected"/>
    <testcase time="0.00699999999999967" classname="treatment_effect" name="h_jac_risk_ratio_work_as_expected"/>
    <testcase time="0.00399999999999956" classname="treatment_effect" name="h_jac_risk_ratio_work_as_expected"/>
    <testcase time="0.00699999999999967" classname="treatment_effect" name="h_odds_ratio_works_as_expected"/>
    <testcase time="0.00400000000000134" classname="treatment_effect" name="h_odds_ratio_works_as_expected"/>
    <testcase time="0.00699999999999967" classname="treatment_effect" name="h_jac_odds_ratio_work_as_expected"/>
    <testcase time="0.00399999999999956" classname="treatment_effect" name="h_jac_odds_ratio_work_as_expected"/>
    <testcase time="0.00600000000000023" classname="treatment_effect" name="h_log_risk_ratio_works_as_expected"/>
    <testcase time="0.00200000000000067" classname="treatment_effect" name="h_log_risk_ratio_works_as_expected"/>
    <testcase time="0.00699999999999967" classname="treatment_effect" name="h_jac_risk_ratio_work_as_expected"/>
    <testcase time="0.00300000000000011" classname="treatment_effect" name="h_jac_risk_ratio_work_as_expected"/>
    <testcase time="0.00599999999999845" classname="treatment_effect" name="h_log_odds_ratio_works_as_expected"/>
    <testcase time="0.00400000000000134" classname="treatment_effect" name="h_log_odds_ratio_works_as_expected"/>
    <testcase time="0.00600000000000023" classname="treatment_effect" name="h_jac_log_odds_ratio_work_as_expected"/>
    <testcase time="0.00300000000000011" classname="treatment_effect" name="h_jac_log_odds_ratio_work_as_expected"/>
    <testcase time="0.00799999999999912" classname="treatment_effect" name="eff_jacob_works_as_expected"/>
    <testcase time="0.00399999999999956" classname="treatment_effect" name="eff_jacob_works_as_expected"/>
    <testcase time="0.00500000000000078" classname="treatment_effect" name="eff_jacob_works_as_expected"/>
    <testcase time="0.00399999999999956" classname="treatment_effect" name="eff_jacob_works_as_expected"/>
    <testcase time="0.00500000000000078" classname="treatment_effect" name="eff_jacob_works_as_expected"/>
    <testcase time="0.00999999999999979" classname="treatment_effect" name="treatment_effect_works_as_expected"/>
    <testcase time="0.00300000000000011" classname="treatment_effect" name="treatment_effect_works_as_expected"/>
    <testcase time="0.00399999999999956" classname="treatment_effect" name="treatment_effect_works_as_expected"/>
    <testcase time="0.00399999999999956" classname="treatment_effect" name="treatment_effect_works_as_expected"/>
    <testcase time="0.00399999999999956" classname="treatment_effect" name="treatment_effect_works_as_expected"/>
    <testcase time="0.00500000000000078" classname="treatment_effect" name="treatment_effect_works_as_expected"/>
    <testcase time="0.00400000000000134" classname="treatment_effect" name="treatment_effect_works_as_expected"/>
    <testcase time="0.00399999999999956" classname="treatment_effect" name="treatment_effect_works_as_expected"/>
    <testcase time="0.00499999999999901" classname="treatment_effect" name="treatment_effect_works_as_expected"/>
    <testcase time="0.00500000000000078" classname="treatment_effect" name="treatment_effect_works_as_expected"/>
    <testcase time="0.00500000000000078" classname="treatment_effect" name="treatment_effect_works_as_expected"/>
    <testcase time="0.0129999999999999" classname="treatment_effect" name="treatment_effect_works_as_expected_for_custom_contrast"/>
    <testcase time="0.0519999999999996" classname="treatment_effect" name="treatment_effect_works_for_lm_glm_object">
      <skipped message="Reason: On CRAN ('test-treatment_effect.R:256:1')"/>
    </testcase>
    <testcase time="0.0499999999999989" classname="treatment_effect" name="treatment_effect_works_if_variance_is_not_used">
      <skipped message="Reason: On CRAN ('test-treatment_effect.R:261:1')"/>
    </testcase>
    <testcase time="0.0510000000000002" classname="treatment_effect" name="treatment_effect_works_if_pair_is_defined">
      <skipped message="Reason: On CRAN ('test-treatment_effect.R:265:1')"/>
    </testcase>
    <testcase time="0.043000000000001" classname="treatment_effect" name="confint_method_for_treatment_effect_works_as_expected">
      <skipped message="Reason: On CRAN ('test-treatment_effect.R:276:1')"/>
    </testcase>
  </testsuite>
  <testsuite name="utils" timestamp="2025-12-08T06:55:35Z" hostname="9f8081774f78" tests="54" skipped="0" failures="0" errors="0" time="0.264">
    <testcase time="0.0279999999999987" classname="utils" name="h_get_vars_works_for_formula"/>
    <testcase time="0.00400000000000134" classname="utils" name="h_get_vars_works_for_formula"/>
    <testcase time="0.00399999999999956" classname="utils" name="h_get_vars_works_for_formula"/>
    <testcase time="0.00799999999999912" classname="utils" name="h_get_vars_works_for_formula"/>
    <testcase time="0.00700000000000145" classname="utils" name="h_get_vars_works_for_formula"/>
    <testcase time="0.00600000000000023" classname="utils" name="h_get_vars_works_for_formula"/>
    <testcase time="0.00699999999999967" classname="utils" name="h_get_vars_works_for_formula"/>
    <testcase time="0.00699999999999967" classname="utils" name="h_get_vars_works_for_formula"/>
    <testcase time="0.00699999999999967" classname="utils" name="h_get_vars_works_for_formula"/>
    <testcase time="0.00699999999999967" classname="utils" name="h_get_vars_works_for_formula_with_schemas"/>
    <testcase time="0.00399999999999956" classname="utils" name="h_get_vars_works_for_formula_with_schemas"/>
    <testcase time="0.00300000000000011" classname="utils" name="h_get_vars_works_for_formula_with_schemas"/>
    <testcase time="0.00300000000000011" classname="utils" name="h_get_vars_works_for_formula_with_schemas"/>
    <testcase time="0.00300000000000011" classname="utils" name="h_get_vars_works_for_formula_with_schemas"/>
    <testcase time="0.00400000000000134" classname="utils" name="h_get_vars_works_for_formula_with_schemas"/>
    <testcase time="0.00199999999999889" classname="utils" name="h_get_vars_works_for_formula_with_schemas"/>
    <testcase time="0.00300000000000011" classname="utils" name="h_get_vars_works_for_formula_with_schemas"/>
    <testcase time="0.00500000000000078" classname="utils" name="h_get_vars_is_backwards_compatible_for_use_of_sp_instead_of_sr"/>
    <testcase time="0.00300000000000011" classname="utils" name="h_get_vars_is_backwards_compatible_for_use_of_sp_instead_of_sr"/>
    <testcase time="0.00599999999999845" classname="utils" name="h_prep_survival_input_works_with_strata"/>
    <testcase time="0.00600000000000023" classname="utils" name="h_prep_survival_input_works_with_strata"/>
    <testcase time="0.00600000000000023" classname="utils" name="h_prep_survival_input_works_with_multiple_strata"/>
    <testcase time="0.00600000000000023" classname="utils" name="h_prep_survival_input_works_with_multiple_strata"/>
    <testcase time="0.00500000000000078" classname="utils" name="h_prep_survival_input_works_with_multiple_strata_specified_in_separate_strata_terms"/>
    <testcase time="0.00600000000000023" classname="utils" name="h_prep_survival_input_works_with_multiple_strata_specified_in_separate_strata_terms"/>
    <testcase time="0.00499999999999901" classname="utils" name="h_prep_survival_input_works_without_strata"/>
    <testcase time="0.00600000000000023" classname="utils" name="h_prep_survival_input_works_without_strata"/>
    <testcase time="0.00600000000000023" classname="utils" name="h_prep_survival_input_works_without_covariates"/>
    <testcase time="0.011000000000001" classname="utils" name="h_prep_survival_input_works_without_covariates"/>
    <testcase time="0.00599999999999845" classname="utils" name="h_prep_survival_input_works_without_covariates_and_without_strata"/>
    <testcase time="0.00600000000000023" classname="utils" name="h_prep_survival_input_works_without_covariates_and_without_strata"/>
    <testcase time="0.00600000000000023" classname="utils" name="h_n_events_per_time_works_as_expected"/>
    <testcase time="0.00200000000000067" classname="utils" name="h_n_events_per_time_works_as_expected"/>
    <testcase time="0.000999999999999446" classname="utils" name="h_n_events_per_time_works_as_expected"/>
    <testcase time="0.00300000000000011" classname="utils" name="h_n_events_per_time_works_as_expected"/>
    <testcase time="0.00200000000000067" classname="utils" name="h_n_events_per_time_works_as_expected"/>
    <testcase time="0.00199999999999889" classname="utils" name="h_n_events_per_time_works_as_expected"/>
    <testcase time="0.00200000000000067" classname="utils" name="h_n_events_per_time_works_as_expected"/>
    <testcase time="0.00600000000000023" classname="utils" name="h_n_events_per_time_works_when_there_are_no_events"/>
    <testcase time="0.000999999999999446" classname="utils" name="h_n_events_per_time_works_when_there_are_no_events"/>
    <testcase time="0.000999999999999446" classname="utils" name="h_n_events_per_time_works_when_there_are_no_events"/>
    <testcase time="0.00200000000000067" classname="utils" name="h_n_events_per_time_works_when_there_are_no_events"/>
    <testcase time="0.00600000000000023" classname="utils" name="sum_vectors_in_list_works_as_expected"/>
    <testcase time="0.00600000000000023" classname="utils" name="h_are_factors_nested_works_as_expected_without_NAs"/>
    <testcase time="0.00300000000000011" classname="utils" name="h_are_factors_nested_works_as_expected_without_NAs"/>
    <testcase time="0.00300000000000011" classname="utils" name="h_are_factors_nested_works_as_expected_without_NAs"/>
    <testcase time="0.00399999999999956" classname="utils" name="h_are_factors_nested_works_as_expected_without_NAs"/>
    <testcase time="0.00200000000000067" classname="utils" name="h_are_factors_nested_works_as_expected_without_NAs"/>
    <testcase time="0.00699999999999967" classname="utils" name="h_are_factors_nested_works_as_expected_with_NAs"/>
    <testcase time="0.00300000000000011" classname="utils" name="h_are_factors_nested_works_as_expected_with_NAs"/>
    <testcase time="0.00300000000000011" classname="utils" name="h_are_factors_nested_works_as_expected_with_NAs"/>
    <testcase time="0.00300000000000011" classname="utils" name="h_are_factors_nested_works_as_expected_with_NAs"/>
    <testcase time="0.00299999999999834" classname="utils" name="h_are_factors_nested_works_as_expected_with_NAs"/>
    <testcase time="0.00300000000000011" classname="utils" name="h_are_factors_nested_works_as_expected_with_NAs"/>
  </testsuite>
  <testsuite name="variance" timestamp="2025-12-08T06:55:35Z" hostname="9f8081774f78" tests="2" skipped="2" failures="0" errors="0" time="0.133">
    <testcase time="0.0490000000000013" classname="variance" name="vcovHC_works">
      <skipped message="Reason: On CRAN ('test-variance.R:1:1')"/>
    </testcase>
    <testcase time="0.0839999999999996" classname="variance" name="vcovG_works">
      <skipped message="Reason: On CRAN ('test-variance.R:12:1')"/>
    </testcase>
  </testsuite>
</testsuites>
