<?xml version="1.0" encoding="UTF-8"?>
<testsuites>
  <testsuite name="bias" timestamp="2024-08-13T09:04:04Z" hostname="b06ed9509820" tests="1" skipped="1" failures="0" errors="0" time="0.12">
    <testcase time="0.12" classname="bias" name="bias_works_for_guassian">
      <skipped message="Reason: On CRAN ('test-bias.R:2:3')"/>
    </testcase>
  </testsuite>
  <testsuite name="predict_counterfactual" timestamp="2024-08-13T09:04:04Z" hostname="b06ed9509820" tests="4" skipped="1" failures="0" errors="3" time="0.233">
    <testcase time="0.103" classname="predict_counterfactual" name="predict_counterfactual_works_for_guassian">
      <error type="error" message="Error in `find_data(fit)`: could not find function &quot;find_data&quot; ('test-predict_counterfactual.R:2:3')">Error in `find_data(fit)`: could not find function "find_data"
Backtrace:
    x
 1. \-testthat::expect_snapshot(predict_counterfactual(fit_glm, "treatment")) at test-predict_counterfactual.R:2:3
 2.   \-rlang::cnd_signal(state$error)</error>
    </testcase>
    <testcase time="0.046" classname="predict_counterfactual" name="predict_counterfactual_works_for_guassian_with_lm">
      <skipped message="Reason: On CRAN ('test-predict_counterfactual.R:6:3')"/>
    </testcase>
    <testcase time="0.0459999999999999" classname="predict_counterfactual" name="predict_counterfactual_works_for_binomial">
      <error type="error" message="Error in `find_data(fit)`: could not find function &quot;find_data&quot; ('test-predict_counterfactual.R:10:3')">Error in `find_data(fit)`: could not find function "find_data"
Backtrace:
    x
 1. \-testthat::expect_snapshot(predict_counterfactual(fit_binom, "treatment")) at test-predict_counterfactual.R:10:3
 2.   \-rlang::cnd_signal(state$error)</error>
    </testcase>
    <testcase time="0.038" classname="predict_counterfactual" name="predict_counterfactual_works_if_contrast_are_non_standard">
      <error type="error" message="Error in `find_data(fit)`: could not find function &quot;find_data&quot; ('test-predict_counterfactual.R:17:3')">Error in `find_data(fit)`: could not find function "find_data"
Backtrace:
     x
  1. +-testthat::expect_silent(...) at test-predict_counterfactual.R:17:3
  2. | \-testthat:::quasi_capture(enquo(object), NULL, evaluate_promise)
  3. |   +-testthat (local) .capture(...)
  4. |   | +-withr::with_output_sink(...)
  5. |   | | \-base::force(code)
  6. |   | +-base::withCallingHandlers(...)
  7. |   | \-base::withVisible(code)
  8. |   \-rlang::eval_bare(quo_get_expr(.quo), quo_get_env(.quo))
  9. +-RobinCar2::predict_counterfactual(fit, treatment ~ 1)
 10. \-RobinCar2:::predict_counterfactual.glm(fit, treatment ~ 1)
 11.   \-RobinCar2:::predict_counterfactual.lm(...)
 12.     \-checkmate::assert_data_frame(data)
 13.       \-checkmate::checkDataFrame(...)
 14.         \-... %and% checkListTypes(x, types)
 15.           \-base::isTRUE(lhs)</error>
    </testcase>
  </testsuite>
  <testsuite name="treatment_effect" timestamp="2024-08-13T09:04:05Z" hostname="b06ed9509820" tests="13" skipped="0" failures="0" errors="1" time="0.141">
    <testcase time="0.0790000000000001" classname="treatment_effect" name="h_diff_works_as_expected"/>
    <testcase time="0.003" classname="treatment_effect" name="h_diff_works_as_expected"/>
    <testcase time="0.00599999999999989" classname="treatment_effect" name="h_jac_diff_work_as_expected"/>
    <testcase time="0.003" classname="treatment_effect" name="h_jac_diff_work_as_expected"/>
    <testcase time="0.00600000000000001" classname="treatment_effect" name="h_ratio_works_as_expected"/>
    <testcase time="0.002" classname="treatment_effect" name="h_ratio_works_as_expected"/>
    <testcase time="0.00800000000000001" classname="treatment_effect" name="h_jac_ratio_work_as_expected"/>
    <testcase time="0.004" classname="treatment_effect" name="h_jac_ratio_work_as_expected"/>
    <testcase time="0.00600000000000001" classname="treatment_effect" name="h_odds_ratio_works_as_expected"/>
    <testcase time="0.00600000000000001" classname="treatment_effect" name="h_odds_ratio_works_as_expected"/>
    <testcase time="0.00700000000000001" classname="treatment_effect" name="h_jac_odds_ratio_work_as_expected"/>
    <testcase time="0.004" classname="treatment_effect" name="h_jac_odds_ratio_work_as_expected"/>
    <testcase time="0.00700000000000001" classname="treatment_effect" name="treatment_effect_works_as_expected">
      <error type="error" message="Error in `find_data(fit)`: could not find function &quot;find_data&quot; ('test-treatment_effect.R:88:3')">Error in `find_data(fit)`: could not find function "find_data"
Backtrace:
    x
 1. +-RobinCar2::predict_counterfactual(fit_binom, treatment ~ s1) at test-treatment_effect.R:88:3
 2. \-RobinCar2:::predict_counterfactual.glm(...)
 3.   \-RobinCar2:::predict_counterfactual.lm(...)
 4.     \-checkmate::assert_data_frame(data)
 5.       \-checkmate::checkDataFrame(...)
 6.         \-... %and% checkListTypes(x, types)
 7.           \-base::isTRUE(lhs)</error>
    </testcase>
  </testsuite>
  <testsuite name="utils" timestamp="2024-08-13T09:04:05Z" hostname="b06ed9509820" tests="12" skipped="0" failures="0" errors="0" time="0.089">
    <testcase time="0.054" classname="utils" name="h_get_vars_works_for_single_character"/>
    <testcase time="0.003" classname="utils" name="h_get_vars_works_for_single_character"/>
    <testcase time="0.005" classname="utils" name="h_get_vars_works_for_single_character"/>
    <testcase time="0.004" classname="utils" name="h_get_vars_works_for_single_character"/>
    <testcase time="0.004" classname="utils" name="h_get_vars_works_for_formula"/>
    <testcase time="0.00299999999999989" classname="utils" name="h_get_vars_works_for_formula"/>
    <testcase time="0.001" classname="utils" name="h_get_vars_works_for_formula"/>
    <testcase time="0.003" classname="utils" name="h_get_vars_works_for_formula"/>
    <testcase time="0.004" classname="utils" name="h_get_vars_works_for_formula"/>
    <testcase time="0.004" classname="utils" name="h_get_vars_works_for_formula"/>
    <testcase time="0.002" classname="utils" name="h_get_vars_works_for_formula"/>
    <testcase time="0.002" classname="utils" name="h_get_vars_works_for_formula"/>
  </testsuite>
  <testsuite name="variance" timestamp="2024-08-13T09:04:05Z" hostname="b06ed9509820" tests="2" skipped="0" failures="0" errors="2" time="0.064">
    <testcase time="0.01" classname="variance" name="vcovHC_works">
      <error type="error" message="Error in `find_data(fit)`: could not find function &quot;find_data&quot; ('test-variance.R:2:3')">Error in `find_data(fit)`: could not find function "find_data"
Backtrace:
    x
 1. +-RobinCar2::predict_counterfactual(fit_binom, treatment ~ s1) at test-variance.R:2:3
 2. \-RobinCar2:::predict_counterfactual.glm(...)
 3.   \-RobinCar2:::predict_counterfactual.lm(...)
 4.     \-checkmate::assert_data_frame(data)
 5.       \-checkmate::checkDataFrame(...)
 6.         \-... %and% checkListTypes(x, types)
 7.           \-base::isTRUE(lhs)</error>
    </testcase>
    <testcase time="0.054" classname="variance" name="vcovANHECOVA_works">
      <error type="error" message="Error in `find_data(fit)`: could not find function &quot;find_data&quot; ('test-variance.R:9:3')">Error in `find_data(fit)`: could not find function "find_data"
Backtrace:
    x
 1. +-RobinCar2::predict_counterfactual(fit_binom, treatment ~ s1) at test-variance.R:9:3
 2. \-RobinCar2:::predict_counterfactual.glm(...)
 3.   \-RobinCar2:::predict_counterfactual.lm(...)
 4.     \-checkmate::assert_data_frame(data)
 5.       \-checkmate::checkDataFrame(...)
 6.         \-... %and% checkListTypes(x, types)
 7.           \-base::isTRUE(lhs)</error>
    </testcase>
  </testsuite>
</testsuites>
