<?xml version="1.0" encoding="UTF-8"?>
<!DOCTYPE coverage SYSTEM "https://raw.githubusercontent.com/cobertura/cobertura/master/cobertura/src/site/htdocs/xml/coverage-04.dtd">
<coverage line-rate="0.917847025495751" branch-rate="0" lines-covered="324" lines-valid="353" branches-covered="0" branches-valid="0" complexity="0" version="3.6.4" timestamp="2025-03-30 12:36:11.831718">
  <sources>
    <source>/__w/RobinCar2/RobinCar2/RobinCar2</source>
  </sources>
  <packages>
    <package name="RobinCar2" line-rate="0.917847025495751" branch-rate="0" complexity="0">
      <classes>
        <class name="bias.R" filename="R/bias.R" line-rate="1" branch-rate="0" complexity="0">
          <methods>
            <method name="bias" signature="" line-rate="1" branch-rate="0" complexity="0">
              <lines>
                <line number="10" hits="23" branch="false"/>
                <line number="11" hits="23" branch="false"/>
                <line number="12" hits="23" branch="false"/>
                <line number="13" hits="23" branch="false"/>
                <line number="14" hits="23" branch="false"/>
                <line number="16" hits="23" branch="false"/>
                <line number="18" hits="23" branch="false"/>
                <line number="19" hits="23" branch="false"/>
                <line number="20" hits="23" branch="false"/>
                <line number="21" hits="23" branch="false"/>
                <line number="23" hits="23" branch="false"/>
              </lines>
            </method>
          </methods>
          <lines>
            <line number="10" hits="23" branch="false"/>
            <line number="11" hits="23" branch="false"/>
            <line number="12" hits="23" branch="false"/>
            <line number="13" hits="23" branch="false"/>
            <line number="14" hits="23" branch="false"/>
            <line number="16" hits="23" branch="false"/>
            <line number="18" hits="23" branch="false"/>
            <line number="19" hits="23" branch="false"/>
            <line number="20" hits="23" branch="false"/>
            <line number="21" hits="23" branch="false"/>
            <line number="23" hits="23" branch="false"/>
          </lines>
        </class>
        <class name="find_data.R" filename="R/find_data.R" line-rate="1" branch-rate="0" complexity="0">
          <methods>
            <method name="find_data" signature="" line-rate="1" branch-rate="0" complexity="0">
              <lines>
                <line number="6" hits="12" branch="false"/>
              </lines>
            </method>
            <method name="find_data.glm" signature="" line-rate="1" branch-rate="0" complexity="0">
              <lines>
                <line number="10" hits="11" branch="false"/>
              </lines>
            </method>
            <method name="find_data.lm" signature="" line-rate="1" branch-rate="0" complexity="0">
              <lines>
                <line number="14" hits="1" branch="false"/>
              </lines>
            </method>
          </methods>
          <lines>
            <line number="6" hits="12" branch="false"/>
            <line number="10" hits="11" branch="false"/>
            <line number="14" hits="1" branch="false"/>
          </lines>
        </class>
        <class name="predict_couterfactual.R" filename="R/predict_couterfactual.R" line-rate="0.91044776119403" branch-rate="0" complexity="0">
          <methods>
            <method name="predict_counterfactual" signature="" line-rate="1" branch-rate="0" complexity="0">
              <lines>
                <line number="15" hits="22" branch="false"/>
              </lines>
            </method>
            <method name="predict_counterfactual.lm" signature="" line-rate="0.907692307692308" branch-rate="0" complexity="0">
              <lines>
                <line number="20" hits="22" branch="false"/>
                <line number="21" hits="22" branch="false"/>
                <line number="22" hits="22" branch="false"/>
                <line number="23" hits="22" branch="false"/>
                <line number="24" hits="22" branch="false"/>
                <line number="25" hits="22" branch="false"/>
                <line number="26" hits="22" branch="false"/>
                <line number="27" hits="22" branch="false"/>
                <line number="28" hits="22" branch="false"/>
                <line number="29" hits="22" branch="false"/>
                <line number="30" hits="22" branch="false"/>
                <line number="31" hits="22" branch="false"/>
                <line number="32" hits="22" branch="false"/>
                <line number="33" hits="22" branch="false"/>
                <line number="34" hits="22" branch="false"/>
                <line number="36" hits="22" branch="false"/>
                <line number="37" hits="22" branch="false"/>
                <line number="39" hits="22" branch="false"/>
                <line number="40" hits="22" branch="false"/>
                <line number="41" hits="22" branch="false"/>
                <line number="42" hits="22" branch="false"/>
                <line number="43" hits="22" branch="false"/>
                <line number="44" hits="22" branch="false"/>
                <line number="46" hits="22" branch="false"/>
                <line number="48" hits="22" branch="false"/>
                <line number="49" hits="22" branch="false"/>
                <line number="50" hits="22" branch="false"/>
                <line number="52" hits="22" branch="false"/>
                <line number="53" hits="22" branch="false"/>
                <line number="54" hits="22" branch="false"/>
                <line number="56" hits="22" branch="false"/>
                <line number="57" hits="22" branch="false"/>
                <line number="58" hits="5" branch="false"/>
                <line number="60" hits="22" branch="false"/>
                <line number="62" hits="22" branch="false"/>
                <line number="63" hits="0" branch="false"/>
                <line number="65" hits="22" branch="false"/>
                <line number="70" hits="22" branch="false"/>
                <line number="71" hits="22" branch="false"/>
                <line number="73" hits="22" branch="false"/>
                <line number="74" hits="22" branch="false"/>
                <line number="75" hits="22" branch="false"/>
                <line number="76" hits="22" branch="false"/>
                <line number="77" hits="22" branch="false"/>
                <line number="78" hits="22" branch="false"/>
                <line number="79" hits="22" branch="false"/>
                <line number="80" hits="22" branch="false"/>
                <line number="81" hits="22" branch="false"/>
                <line number="82" hits="22" branch="false"/>
                <line number="83" hits="22" branch="false"/>
                <line number="84" hits="22" branch="false"/>
                <line number="85" hits="22" branch="false"/>
                <line number="86" hits="22" branch="false"/>
                <line number="87" hits="22" branch="false"/>
                <line number="88" hits="22" branch="false"/>
                <line number="89" hits="22" branch="false"/>
                <line number="90" hits="22" branch="false"/>
                <line number="91" hits="0" branch="false"/>
                <line number="92" hits="0" branch="false"/>
                <line number="93" hits="0" branch="false"/>
                <line number="95" hits="0" branch="false"/>
                <line number="96" hits="0" branch="false"/>
                <line number="98" hits="22" branch="false"/>
                <line number="99" hits="22" branch="false"/>
                <line number="100" hits="22" branch="false"/>
              </lines>
            </method>
            <method name="predict_counterfactual.glm" signature="" line-rate="1" branch-rate="0" complexity="0">
              <lines>
                <line number="105" hits="19" branch="false"/>
              </lines>
            </method>
          </methods>
          <lines>
            <line number="15" hits="22" branch="false"/>
            <line number="20" hits="22" branch="false"/>
            <line number="21" hits="22" branch="false"/>
            <line number="22" hits="22" branch="false"/>
            <line number="23" hits="22" branch="false"/>
            <line number="24" hits="22" branch="false"/>
            <line number="25" hits="22" branch="false"/>
            <line number="26" hits="22" branch="false"/>
            <line number="27" hits="22" branch="false"/>
            <line number="28" hits="22" branch="false"/>
            <line number="29" hits="22" branch="false"/>
            <line number="30" hits="22" branch="false"/>
            <line number="31" hits="22" branch="false"/>
            <line number="32" hits="22" branch="false"/>
            <line number="33" hits="22" branch="false"/>
            <line number="34" hits="22" branch="false"/>
            <line number="36" hits="22" branch="false"/>
            <line number="37" hits="22" branch="false"/>
            <line number="39" hits="22" branch="false"/>
            <line number="40" hits="22" branch="false"/>
            <line number="41" hits="22" branch="false"/>
            <line number="42" hits="22" branch="false"/>
            <line number="43" hits="22" branch="false"/>
            <line number="44" hits="22" branch="false"/>
            <line number="46" hits="22" branch="false"/>
            <line number="48" hits="22" branch="false"/>
            <line number="49" hits="22" branch="false"/>
            <line number="50" hits="22" branch="false"/>
            <line number="52" hits="22" branch="false"/>
            <line number="53" hits="22" branch="false"/>
            <line number="54" hits="22" branch="false"/>
            <line number="56" hits="22" branch="false"/>
            <line number="57" hits="22" branch="false"/>
            <line number="58" hits="5" branch="false"/>
            <line number="60" hits="22" branch="false"/>
            <line number="62" hits="22" branch="false"/>
            <line number="63" hits="0" branch="false"/>
            <line number="65" hits="22" branch="false"/>
            <line number="70" hits="22" branch="false"/>
            <line number="71" hits="22" branch="false"/>
            <line number="73" hits="22" branch="false"/>
            <line number="74" hits="22" branch="false"/>
            <line number="75" hits="22" branch="false"/>
            <line number="76" hits="22" branch="false"/>
            <line number="77" hits="22" branch="false"/>
            <line number="78" hits="22" branch="false"/>
            <line number="79" hits="22" branch="false"/>
            <line number="80" hits="22" branch="false"/>
            <line number="81" hits="22" branch="false"/>
            <line number="82" hits="22" branch="false"/>
            <line number="83" hits="22" branch="false"/>
            <line number="84" hits="22" branch="false"/>
            <line number="85" hits="22" branch="false"/>
            <line number="86" hits="22" branch="false"/>
            <line number="87" hits="22" branch="false"/>
            <line number="88" hits="22" branch="false"/>
            <line number="89" hits="22" branch="false"/>
            <line number="90" hits="22" branch="false"/>
            <line number="91" hits="0" branch="false"/>
            <line number="92" hits="0" branch="false"/>
            <line number="93" hits="0" branch="false"/>
            <line number="95" hits="0" branch="false"/>
            <line number="96" hits="0" branch="false"/>
            <line number="98" hits="22" branch="false"/>
            <line number="99" hits="22" branch="false"/>
            <line number="100" hits="22" branch="false"/>
            <line number="105" hits="19" branch="false"/>
          </lines>
        </class>
        <class name="prediction_cf.R" filename="R/prediction_cf.R" line-rate="1" branch-rate="0" complexity="0">
          <methods>
            <method name="print.prediction_cf" signature="" line-rate="1" branch-rate="0" complexity="0">
              <lines>
                <line number="10" hits="7" branch="false"/>
                <line number="11" hits="7" branch="false"/>
                <line number="12" hits="7" branch="false"/>
                <line number="13" hits="7" branch="false"/>
                <line number="14" hits="7" branch="false"/>
                <line number="15" hits="7" branch="false"/>
                <line number="16" hits="7" branch="false"/>
                <line number="17" hits="7" branch="false"/>
                <line number="18" hits="7" branch="false"/>
                <line number="19" hits="7" branch="false"/>
                <line number="20" hits="7" branch="false"/>
                <line number="21" hits="7" branch="false"/>
                <line number="22" hits="7" branch="false"/>
                <line number="23" hits="7" branch="false"/>
                <line number="24" hits="7" branch="false"/>
                <line number="25" hits="7" branch="false"/>
                <line number="26" hits="7" branch="false"/>
                <line number="27" hits="7" branch="false"/>
                <line number="28" hits="7" branch="false"/>
                <line number="29" hits="7" branch="false"/>
                <line number="30" hits="7" branch="false"/>
                <line number="31" hits="7" branch="false"/>
                <line number="32" hits="7" branch="false"/>
                <line number="33" hits="7" branch="false"/>
                <line number="34" hits="7" branch="false"/>
                <line number="35" hits="7" branch="false"/>
                <line number="36" hits="7" branch="false"/>
              </lines>
            </method>
          </methods>
          <lines>
            <line number="10" hits="7" branch="false"/>
            <line number="11" hits="7" branch="false"/>
            <line number="12" hits="7" branch="false"/>
            <line number="13" hits="7" branch="false"/>
            <line number="14" hits="7" branch="false"/>
            <line number="15" hits="7" branch="false"/>
            <line number="16" hits="7" branch="false"/>
            <line number="17" hits="7" branch="false"/>
            <line number="18" hits="7" branch="false"/>
            <line number="19" hits="7" branch="false"/>
            <line number="20" hits="7" branch="false"/>
            <line number="21" hits="7" branch="false"/>
            <line number="22" hits="7" branch="false"/>
            <line number="23" hits="7" branch="false"/>
            <line number="24" hits="7" branch="false"/>
            <line number="25" hits="7" branch="false"/>
            <line number="26" hits="7" branch="false"/>
            <line number="27" hits="7" branch="false"/>
            <line number="28" hits="7" branch="false"/>
            <line number="29" hits="7" branch="false"/>
            <line number="30" hits="7" branch="false"/>
            <line number="31" hits="7" branch="false"/>
            <line number="32" hits="7" branch="false"/>
            <line number="33" hits="7" branch="false"/>
            <line number="34" hits="7" branch="false"/>
            <line number="35" hits="7" branch="false"/>
            <line number="36" hits="7" branch="false"/>
          </lines>
        </class>
        <class name="robin_glm.R" filename="R/robin_glm.R" line-rate="1" branch-rate="0" complexity="0">
          <methods>
            <method name="robin_glm" signature="" line-rate="1" branch-rate="0" complexity="0">
              <lines>
                <line number="28" hits="8" branch="false"/>
                <line number="31" hits="8" branch="false"/>
                <line number="32" hits="8" branch="false"/>
                <line number="33" hits="8" branch="false"/>
                <line number="34" hits="1" branch="false"/>
                <line number="36" hits="7" branch="false"/>
                <line number="38" hits="8" branch="false"/>
                <line number="39" hits="8" branch="false"/>
                <line number="40" hits="8" branch="false"/>
                <line number="41" hits="8" branch="false"/>
                <line number="42" hits="2" branch="false"/>
                <line number="43" hits="2" branch="false"/>
                <line number="44" hits="2" branch="false"/>
                <line number="45" hits="2" branch="false"/>
                <line number="47" hits="6" branch="false"/>
                <line number="48" hits="6" branch="false"/>
                <line number="50" hits="6" branch="false"/>
                <line number="51" hits="3" branch="false"/>
                <line number="52" hits="3" branch="false"/>
                <line number="53" hits="1" branch="false"/>
                <line number="54" hits="2" branch="false"/>
                <line number="55" hits="1" branch="false"/>
                <line number="57" hits="1" branch="false"/>
                <line number="58" hits="1" branch="false"/>
                <line number="59" hits="1" branch="false"/>
                <line number="60" hits="1" branch="false"/>
                <line number="62" hits="1" branch="false"/>
              </lines>
            </method>
          </methods>
          <lines>
            <line number="28" hits="8" branch="false"/>
            <line number="31" hits="8" branch="false"/>
            <line number="32" hits="8" branch="false"/>
            <line number="33" hits="8" branch="false"/>
            <line number="34" hits="1" branch="false"/>
            <line number="36" hits="7" branch="false"/>
            <line number="38" hits="8" branch="false"/>
            <line number="39" hits="8" branch="false"/>
            <line number="40" hits="8" branch="false"/>
            <line number="41" hits="8" branch="false"/>
            <line number="42" hits="2" branch="false"/>
            <line number="43" hits="2" branch="false"/>
            <line number="44" hits="2" branch="false"/>
            <line number="45" hits="2" branch="false"/>
            <line number="47" hits="6" branch="false"/>
            <line number="48" hits="6" branch="false"/>
            <line number="50" hits="6" branch="false"/>
            <line number="51" hits="3" branch="false"/>
            <line number="52" hits="3" branch="false"/>
            <line number="53" hits="1" branch="false"/>
            <line number="54" hits="2" branch="false"/>
            <line number="55" hits="1" branch="false"/>
            <line number="57" hits="1" branch="false"/>
            <line number="58" hits="1" branch="false"/>
            <line number="59" hits="1" branch="false"/>
            <line number="60" hits="1" branch="false"/>
            <line number="62" hits="1" branch="false"/>
          </lines>
        </class>
        <class name="robin_lm.R" filename="R/robin_lm.R" line-rate="1" branch-rate="0" complexity="0">
          <methods>
            <method name="robin_lm" signature="" line-rate="1" branch-rate="0" complexity="0">
              <lines>
                <line number="20" hits="2" branch="false"/>
                <line number="21" hits="2" branch="false"/>
                <line number="22" hits="2" branch="false"/>
                <line number="23" hits="2" branch="false"/>
                <line number="24" hits="2" branch="false"/>
                <line number="25" hits="2" branch="false"/>
                <line number="26" hits="2" branch="false"/>
                <line number="27" hits="2" branch="false"/>
                <line number="28" hits="1" branch="false"/>
                <line number="29" hits="1" branch="false"/>
                <line number="30" hits="1" branch="false"/>
                <line number="31" hits="1" branch="false"/>
                <line number="33" hits="1" branch="false"/>
                <line number="34" hits="1" branch="false"/>
                <line number="36" hits="1" branch="false"/>
              </lines>
            </method>
            <method name="h_interaction" signature="" line-rate="1" branch-rate="0" complexity="0">
              <lines>
                <line number="40" hits="14" branch="false"/>
                <line number="41" hits="14" branch="false"/>
                <line number="42" hits="14" branch="false"/>
                <line number="43" hits="14" branch="false"/>
                <line number="44" hits="14" branch="false"/>
                <line number="45" hits="14" branch="false"/>
              </lines>
            </method>
          </methods>
          <lines>
            <line number="20" hits="2" branch="false"/>
            <line number="21" hits="2" branch="false"/>
            <line number="22" hits="2" branch="false"/>
            <line number="23" hits="2" branch="false"/>
            <line number="24" hits="2" branch="false"/>
            <line number="25" hits="2" branch="false"/>
            <line number="26" hits="2" branch="false"/>
            <line number="27" hits="2" branch="false"/>
            <line number="28" hits="1" branch="false"/>
            <line number="29" hits="1" branch="false"/>
            <line number="30" hits="1" branch="false"/>
            <line number="31" hits="1" branch="false"/>
            <line number="33" hits="1" branch="false"/>
            <line number="34" hits="1" branch="false"/>
            <line number="36" hits="1" branch="false"/>
            <line number="40" hits="14" branch="false"/>
            <line number="41" hits="14" branch="false"/>
            <line number="42" hits="14" branch="false"/>
            <line number="43" hits="14" branch="false"/>
            <line number="44" hits="14" branch="false"/>
            <line number="45" hits="14" branch="false"/>
          </lines>
        </class>
        <class name="treatment_effect.R" filename="R/treatment_effect.R" line-rate="0.936708860759494" branch-rate="0" complexity="0">
          <methods>
            <method name="treatment_effect" signature="" line-rate="1" branch-rate="0" complexity="0">
              <lines>
                <line number="14" hits="17" branch="false"/>
              </lines>
            </method>
            <method name="treatment_effect.prediction_cf" signature="" line-rate="1" branch-rate="0" complexity="0">
              <lines>
                <line number="20" hits="14" branch="false"/>
                <line number="21" hits="14" branch="false"/>
                <line number="23" hits="14" branch="false"/>
                <line number="24" hits="14" branch="false"/>
                <line number="25" hits="14" branch="false"/>
                <line number="26" hits="14" branch="false"/>
                <line number="27" hits="14" branch="false"/>
                <line number="28" hits="14" branch="false"/>
                <line number="29" hits="14" branch="false"/>
                <line number="30" hits="14" branch="false"/>
                <line number="31" hits="14" branch="false"/>
                <line number="32" hits="14" branch="false"/>
                <line number="33" hits="14" branch="false"/>
                <line number="34" hits="14" branch="false"/>
                <line number="35" hits="14" branch="false"/>
                <line number="36" hits="14" branch="false"/>
                <line number="37" hits="14" branch="false"/>
                <line number="38" hits="14" branch="false"/>
                <line number="39" hits="14" branch="false"/>
              </lines>
            </method>
            <method name="treatment_effect.lm" signature="" line-rate="0" branch-rate="0" complexity="0">
              <lines>
                <line number="48" hits="0" branch="false"/>
                <line number="49" hits="0" branch="false"/>
                <line number="50" hits="0" branch="false"/>
                <line number="52" hits="0" branch="false"/>
              </lines>
            </method>
            <method name="treatment_effect.glm" signature="" line-rate="1" branch-rate="0" complexity="0">
              <lines>
                <line number="59" hits="3" branch="false"/>
                <line number="60" hits="3" branch="false"/>
                <line number="61" hits="2" branch="false"/>
                <line number="63" hits="3" branch="false"/>
              </lines>
            </method>
            <method name="difference" signature="" line-rate="1" branch-rate="0" complexity="0">
              <lines>
                <line number="68" hits="5" branch="false"/>
              </lines>
            </method>
            <method name="risk_ratio" signature="" line-rate="1" branch-rate="0" complexity="0">
              <lines>
                <line number="72" hits="2" branch="false"/>
              </lines>
            </method>
            <method name="odds_ratio" signature="" line-rate="1" branch-rate="0" complexity="0">
              <lines>
                <line number="76" hits="2" branch="false"/>
              </lines>
            </method>
            <method name="h_diff" signature="" line-rate="1" branch-rate="0" complexity="0">
              <lines>
                <line number="88" hits="92" branch="false"/>
                <line number="89" hits="92" branch="false"/>
                <line number="90" hits="92" branch="false"/>
              </lines>
            </method>
            <method name="h_jac_diff" signature="" line-rate="1" branch-rate="0" complexity="0">
              <lines>
                <line number="96" hits="7" branch="false"/>
                <line number="97" hits="7" branch="false"/>
                <line number="98" hits="7" branch="false"/>
                <line number="99" hits="7" branch="false"/>
              </lines>
            </method>
            <method name="h_ratio" signature="" line-rate="1" branch-rate="0" complexity="0">
              <lines>
                <line number="105" hits="12" branch="false"/>
                <line number="106" hits="12" branch="false"/>
                <line number="107" hits="12" branch="false"/>
              </lines>
            </method>
            <method name="h_jac_ratio" signature="" line-rate="1" branch-rate="0" complexity="0">
              <lines>
                <line number="113" hits="4" branch="false"/>
                <line number="114" hits="4" branch="false"/>
                <line number="115" hits="4" branch="false"/>
              </lines>
            </method>
            <method name="h_odds_ratio" signature="" line-rate="1" branch-rate="0" complexity="0">
              <lines>
                <line number="121" hits="6" branch="false"/>
                <line number="122" hits="6" branch="false"/>
                <line number="123" hits="6" branch="false"/>
              </lines>
            </method>
            <method name="h_jac_odds_ratio" signature="" line-rate="1" branch-rate="0" complexity="0">
              <lines>
                <line number="129" hits="4" branch="false"/>
                <line number="130" hits="4" branch="false"/>
                <line number="131" hits="4" branch="false"/>
              </lines>
            </method>
            <method name="eff_jacob" signature="" line-rate="1" branch-rate="0" complexity="0">
              <lines>
                <line number="138" hits="5" branch="false"/>
                <line number="139" hits="5" branch="false"/>
                <line number="140" hits="5" branch="false"/>
                <line number="141" hits="5" branch="false"/>
                <line number="142" hits="5" branch="false"/>
                <line number="143" hits="5" branch="false"/>
                <line number="144" hits="5" branch="false"/>
              </lines>
            </method>
            <method name="print.treatment_effect" signature="" line-rate="0.954545454545455" branch-rate="0" complexity="0">
              <lines>
                <line number="149" hits="3" branch="false"/>
                <line number="150" hits="3" branch="false"/>
                <line number="151" hits="3" branch="false"/>
                <line number="152" hits="0" branch="false"/>
                <line number="154" hits="3" branch="false"/>
                <line number="156" hits="3" branch="false"/>
                <line number="157" hits="3" branch="false"/>
                <line number="158" hits="3" branch="false"/>
                <line number="159" hits="3" branch="false"/>
                <line number="160" hits="3" branch="false"/>
                <line number="161" hits="3" branch="false"/>
                <line number="162" hits="3" branch="false"/>
                <line number="163" hits="3" branch="false"/>
                <line number="164" hits="3" branch="false"/>
                <line number="165" hits="3" branch="false"/>
                <line number="166" hits="3" branch="false"/>
                <line number="167" hits="3" branch="false"/>
                <line number="168" hits="3" branch="false"/>
                <line number="169" hits="3" branch="false"/>
                <line number="170" hits="3" branch="false"/>
                <line number="171" hits="3" branch="false"/>
                <line number="172" hits="3" branch="false"/>
              </lines>
            </method>
          </methods>
          <lines>
            <line number="14" hits="17" branch="false"/>
            <line number="20" hits="14" branch="false"/>
            <line number="21" hits="14" branch="false"/>
            <line number="23" hits="14" branch="false"/>
            <line number="24" hits="14" branch="false"/>
            <line number="25" hits="14" branch="false"/>
            <line number="26" hits="14" branch="false"/>
            <line number="27" hits="14" branch="false"/>
            <line number="28" hits="14" branch="false"/>
            <line number="29" hits="14" branch="false"/>
            <line number="30" hits="14" branch="false"/>
            <line number="31" hits="14" branch="false"/>
            <line number="32" hits="14" branch="false"/>
            <line number="33" hits="14" branch="false"/>
            <line number="34" hits="14" branch="false"/>
            <line number="35" hits="14" branch="false"/>
            <line number="36" hits="14" branch="false"/>
            <line number="37" hits="14" branch="false"/>
            <line number="38" hits="14" branch="false"/>
            <line number="39" hits="14" branch="false"/>
            <line number="48" hits="0" branch="false"/>
            <line number="49" hits="0" branch="false"/>
            <line number="50" hits="0" branch="false"/>
            <line number="52" hits="0" branch="false"/>
            <line number="59" hits="3" branch="false"/>
            <line number="60" hits="3" branch="false"/>
            <line number="61" hits="2" branch="false"/>
            <line number="63" hits="3" branch="false"/>
            <line number="68" hits="5" branch="false"/>
            <line number="72" hits="2" branch="false"/>
            <line number="76" hits="2" branch="false"/>
            <line number="88" hits="92" branch="false"/>
            <line number="89" hits="92" branch="false"/>
            <line number="90" hits="92" branch="false"/>
            <line number="96" hits="7" branch="false"/>
            <line number="97" hits="7" branch="false"/>
            <line number="98" hits="7" branch="false"/>
            <line number="99" hits="7" branch="false"/>
            <line number="105" hits="12" branch="false"/>
            <line number="106" hits="12" branch="false"/>
            <line number="107" hits="12" branch="false"/>
            <line number="113" hits="4" branch="false"/>
            <line number="114" hits="4" branch="false"/>
            <line number="115" hits="4" branch="false"/>
            <line number="121" hits="6" branch="false"/>
            <line number="122" hits="6" branch="false"/>
            <line number="123" hits="6" branch="false"/>
            <line number="129" hits="4" branch="false"/>
            <line number="130" hits="4" branch="false"/>
            <line number="131" hits="4" branch="false"/>
            <line number="138" hits="5" branch="false"/>
            <line number="139" hits="5" branch="false"/>
            <line number="140" hits="5" branch="false"/>
            <line number="141" hits="5" branch="false"/>
            <line number="142" hits="5" branch="false"/>
            <line number="143" hits="5" branch="false"/>
            <line number="144" hits="5" branch="false"/>
            <line number="149" hits="3" branch="false"/>
            <line number="150" hits="3" branch="false"/>
            <line number="151" hits="3" branch="false"/>
            <line number="152" hits="0" branch="false"/>
            <line number="154" hits="3" branch="false"/>
            <line number="156" hits="3" branch="false"/>
            <line number="157" hits="3" branch="false"/>
            <line number="158" hits="3" branch="false"/>
            <line number="159" hits="3" branch="false"/>
            <line number="160" hits="3" branch="false"/>
            <line number="161" hits="3" branch="false"/>
            <line number="162" hits="3" branch="false"/>
            <line number="163" hits="3" branch="false"/>
            <line number="164" hits="3" branch="false"/>
            <line number="165" hits="3" branch="false"/>
            <line number="166" hits="3" branch="false"/>
            <line number="167" hits="3" branch="false"/>
            <line number="168" hits="3" branch="false"/>
            <line number="169" hits="3" branch="false"/>
            <line number="170" hits="3" branch="false"/>
            <line number="171" hits="3" branch="false"/>
            <line number="172" hits="3" branch="false"/>
          </lines>
        </class>
        <class name="utils.R" filename="R/utils.R" line-rate="1" branch-rate="0" complexity="0">
          <methods>
            <method name="h_get_vars" signature="" line-rate="1" branch-rate="0" complexity="0">
              <lines>
                <line number="16" hits="47" branch="false"/>
                <line number="17" hits="45" branch="false"/>
                <line number="18" hits="1" branch="false"/>
                <line number="20" hits="44" branch="false"/>
                <line number="21" hits="2" branch="false"/>
                <line number="23" hits="42" branch="false"/>
                <line number="24" hits="42" branch="false"/>
                <line number="25" hits="42" branch="false"/>
                <line number="26" hits="42" branch="false"/>
                <line number="27" hits="1" branch="false"/>
                <line number="28" hits="41" branch="false"/>
                <line number="29" hits="39" branch="false"/>
                <line number="31" hits="41" branch="false"/>
                <line number="32" hits="41" branch="false"/>
                <line number="33" hits="41" branch="false"/>
                <line number="34" hits="41" branch="false"/>
                <line number="35" hits="41" branch="false"/>
                <line number="36" hits="41" branch="false"/>
              </lines>
            </method>
            <method name="block_sum" signature="" line-rate="1" branch-rate="0" complexity="0">
              <lines>
                <line number="40" hits="1" branch="false"/>
                <line number="41" hits="1" branch="false"/>
                <line number="42" hits="1" branch="false"/>
              </lines>
            </method>
            <method name="pairwise" signature="" line-rate="1" branch-rate="0" complexity="0">
              <lines>
                <line number="48" hits="13" branch="false"/>
                <line number="49" hits="13" branch="false"/>
                <line number="50" hits="13" branch="false"/>
                <line number="51" hits="13" branch="false"/>
                <line number="52" hits="13" branch="false"/>
                <line number="53" hits="13" branch="false"/>
              </lines>
            </method>
            <method name="against_ref" signature="" line-rate="1" branch-rate="0" complexity="0">
              <lines>
                <line number="59" hits="1" branch="false"/>
                <line number="60" hits="1" branch="false"/>
                <line number="61" hits="1" branch="false"/>
                <line number="62" hits="1" branch="false"/>
                <line number="63" hits="1" branch="false"/>
              </lines>
            </method>
            <method name="custom_contrast" signature="" line-rate="1" branch-rate="0" complexity="0">
              <lines>
                <line number="73" hits="28" branch="false"/>
                <line number="74" hits="28" branch="false"/>
                <line number="75" hits="14" branch="false"/>
                <line number="77" hits="14" branch="false"/>
                <line number="78" hits="14" branch="false"/>
                <line number="80" hits="28" branch="false"/>
                <line number="81" hits="14" branch="false"/>
                <line number="83" hits="14" branch="false"/>
                <line number="84" hits="14" branch="false"/>
                <line number="86" hits="28" branch="false"/>
                <line number="87" hits="28" branch="false"/>
                <line number="88" hits="28" branch="false"/>
                <line number="89" hits="28" branch="false"/>
                <line number="90" hits="28" branch="false"/>
                <line number="91" hits="28" branch="false"/>
                <line number="92" hits="28" branch="false"/>
                <line number="93" hits="28" branch="false"/>
                <line number="94" hits="28" branch="false"/>
              </lines>
            </method>
            <method name="update_levels" signature="" line-rate="1" branch-rate="0" complexity="0">
              <lines>
                <line number="98" hits="14" branch="false"/>
                <line number="99" hits="14" branch="false"/>
                <line number="100" hits="14" branch="false"/>
                <line number="101" hits="14" branch="false"/>
                <line number="102" hits="14" branch="false"/>
                <line number="103" hits="14" branch="false"/>
                <line number="104" hits="14" branch="false"/>
                <line number="105" hits="14" branch="false"/>
              </lines>
            </method>
            <method name="jac_mat" signature="" line-rate="1" branch-rate="0" complexity="0">
              <lines>
                <line number="109" hits="14" branch="false"/>
                <line number="110" hits="14" branch="false"/>
                <line number="111" hits="14" branch="false"/>
                <line number="112" hits="14" branch="false"/>
                <line number="113" hits="14" branch="false"/>
                <line number="114" hits="14" branch="false"/>
              </lines>
            </method>
          </methods>
          <lines>
            <line number="16" hits="47" branch="false"/>
            <line number="17" hits="45" branch="false"/>
            <line number="18" hits="1" branch="false"/>
            <line number="20" hits="44" branch="false"/>
            <line number="21" hits="2" branch="false"/>
            <line number="23" hits="42" branch="false"/>
            <line number="24" hits="42" branch="false"/>
            <line number="25" hits="42" branch="false"/>
            <line number="26" hits="42" branch="false"/>
            <line number="27" hits="1" branch="false"/>
            <line number="28" hits="41" branch="false"/>
            <line number="29" hits="39" branch="false"/>
            <line number="31" hits="41" branch="false"/>
            <line number="32" hits="41" branch="false"/>
            <line number="33" hits="41" branch="false"/>
            <line number="34" hits="41" branch="false"/>
            <line number="35" hits="41" branch="false"/>
            <line number="36" hits="41" branch="false"/>
            <line number="40" hits="1" branch="false"/>
            <line number="41" hits="1" branch="false"/>
            <line number="42" hits="1" branch="false"/>
            <line number="48" hits="13" branch="false"/>
            <line number="49" hits="13" branch="false"/>
            <line number="50" hits="13" branch="false"/>
            <line number="51" hits="13" branch="false"/>
            <line number="52" hits="13" branch="false"/>
            <line number="53" hits="13" branch="false"/>
            <line number="59" hits="1" branch="false"/>
            <line number="60" hits="1" branch="false"/>
            <line number="61" hits="1" branch="false"/>
            <line number="62" hits="1" branch="false"/>
            <line number="63" hits="1" branch="false"/>
            <line number="73" hits="28" branch="false"/>
            <line number="74" hits="28" branch="false"/>
            <line number="75" hits="14" branch="false"/>
            <line number="77" hits="14" branch="false"/>
            <line number="78" hits="14" branch="false"/>
            <line number="80" hits="28" branch="false"/>
            <line number="81" hits="14" branch="false"/>
            <line number="83" hits="14" branch="false"/>
            <line number="84" hits="14" branch="false"/>
            <line number="86" hits="28" branch="false"/>
            <line number="87" hits="28" branch="false"/>
            <line number="88" hits="28" branch="false"/>
            <line number="89" hits="28" branch="false"/>
            <line number="90" hits="28" branch="false"/>
            <line number="91" hits="28" branch="false"/>
            <line number="92" hits="28" branch="false"/>
            <line number="93" hits="28" branch="false"/>
            <line number="94" hits="28" branch="false"/>
            <line number="98" hits="14" branch="false"/>
            <line number="99" hits="14" branch="false"/>
            <line number="100" hits="14" branch="false"/>
            <line number="101" hits="14" branch="false"/>
            <line number="102" hits="14" branch="false"/>
            <line number="103" hits="14" branch="false"/>
            <line number="104" hits="14" branch="false"/>
            <line number="105" hits="14" branch="false"/>
            <line number="109" hits="14" branch="false"/>
            <line number="110" hits="14" branch="false"/>
            <line number="111" hits="14" branch="false"/>
            <line number="112" hits="14" branch="false"/>
            <line number="113" hits="14" branch="false"/>
            <line number="114" hits="14" branch="false"/>
          </lines>
        </class>
        <class name="variance_anhecova.R" filename="R/variance_anhecova.R" line-rate="0.590909090909091" branch-rate="0" complexity="0">
          <methods>
            <method name="vcovG" signature="" line-rate="0.952380952380952" branch-rate="0" complexity="0">
              <lines>
                <line number="10" hits="23" branch="false"/>
                <line number="11" hits="23" branch="false"/>
                <line number="12" hits="23" branch="false"/>
                <line number="13" hits="23" branch="false"/>
                <line number="14" hits="23" branch="false"/>
                <line number="15" hits="23" branch="false"/>
                <line number="16" hits="23" branch="false"/>
                <line number="17" hits="23" branch="false"/>
                <line number="18" hits="23" branch="false"/>
                <line number="19" hits="23" branch="false"/>
                <line number="20" hits="23" branch="false"/>
                <line number="22" hits="23" branch="false"/>
                <line number="23" hits="23" branch="false"/>
                <line number="25" hits="23" branch="false"/>
                <line number="26" hits="23" branch="false"/>
                <line number="28" hits="0" branch="false"/>
                <line number="31" hits="23" branch="false"/>
                <line number="32" hits="23" branch="false"/>
                <line number="33" hits="23" branch="false"/>
                <line number="34" hits="23" branch="false"/>
                <line number="35" hits="23" branch="false"/>
              </lines>
            </method>
            <method name="h_adjust_pi" signature="" line-rate="0" branch-rate="0" complexity="0">
              <lines>
                <line number="43" hits="0" branch="false"/>
                <line number="44" hits="0" branch="false"/>
              </lines>
            </method>
            <method name="h_get_erb" signature="" line-rate="0.285714285714286" branch-rate="0" complexity="0">
              <lines>
                <line number="55" hits="23" branch="false"/>
                <line number="56" hits="23" branch="false"/>
                <line number="57" hits="5" branch="false"/>
                <line number="59" hits="18" branch="false"/>
                <line number="60" hits="18" branch="false"/>
                <line number="61" hits="18" branch="false"/>
                <line number="63" hits="0" branch="false"/>
                <line number="64" hits="0" branch="false"/>
                <line number="65" hits="0" branch="false"/>
                <line number="67" hits="0" branch="false"/>
                <line number="68" hits="0" branch="false"/>
                <line number="69" hits="0" branch="false"/>
                <line number="70" hits="0" branch="false"/>
                <line number="71" hits="0" branch="false"/>
                <line number="72" hits="0" branch="false"/>
                <line number="73" hits="0" branch="false"/>
                <line number="74" hits="0" branch="false"/>
                <line number="75" hits="0" branch="false"/>
                <line number="76" hits="0" branch="false"/>
                <line number="77" hits="0" branch="false"/>
                <line number="78" hits="0" branch="false"/>
              </lines>
            </method>
          </methods>
          <lines>
            <line number="10" hits="23" branch="false"/>
            <line number="11" hits="23" branch="false"/>
            <line number="12" hits="23" branch="false"/>
            <line number="13" hits="23" branch="false"/>
            <line number="14" hits="23" branch="false"/>
            <line number="15" hits="23" branch="false"/>
            <line number="16" hits="23" branch="false"/>
            <line number="17" hits="23" branch="false"/>
            <line number="18" hits="23" branch="false"/>
            <line number="19" hits="23" branch="false"/>
            <line number="20" hits="23" branch="false"/>
            <line number="22" hits="23" branch="false"/>
            <line number="23" hits="23" branch="false"/>
            <line number="25" hits="23" branch="false"/>
            <line number="26" hits="23" branch="false"/>
            <line number="28" hits="0" branch="false"/>
            <line number="31" hits="23" branch="false"/>
            <line number="32" hits="23" branch="false"/>
            <line number="33" hits="23" branch="false"/>
            <line number="34" hits="23" branch="false"/>
            <line number="35" hits="23" branch="false"/>
            <line number="43" hits="0" branch="false"/>
            <line number="44" hits="0" branch="false"/>
            <line number="55" hits="23" branch="false"/>
            <line number="56" hits="23" branch="false"/>
            <line number="57" hits="5" branch="false"/>
            <line number="59" hits="18" branch="false"/>
            <line number="60" hits="18" branch="false"/>
            <line number="61" hits="18" branch="false"/>
            <line number="63" hits="0" branch="false"/>
            <line number="64" hits="0" branch="false"/>
            <line number="65" hits="0" branch="false"/>
            <line number="67" hits="0" branch="false"/>
            <line number="68" hits="0" branch="false"/>
            <line number="69" hits="0" branch="false"/>
            <line number="70" hits="0" branch="false"/>
            <line number="71" hits="0" branch="false"/>
            <line number="72" hits="0" branch="false"/>
            <line number="73" hits="0" branch="false"/>
            <line number="74" hits="0" branch="false"/>
            <line number="75" hits="0" branch="false"/>
            <line number="76" hits="0" branch="false"/>
            <line number="77" hits="0" branch="false"/>
            <line number="78" hits="0" branch="false"/>
          </lines>
        </class>
        <class name="variance_hc.R" filename="R/variance_hc.R" line-rate="1" branch-rate="0" complexity="0">
          <methods>
            <method name="vcovHC" signature="" line-rate="1" branch-rate="0" complexity="0">
              <lines>
                <line number="9" hits="1" branch="false"/>
                <line number="10" hits="1" branch="false"/>
                <line number="11" hits="1" branch="false"/>
                <line number="12" hits="1" branch="false"/>
                <line number="13" hits="1" branch="false"/>
                <line number="14" hits="1" branch="false"/>
                <line number="15" hits="1" branch="false"/>
                <line number="16" hits="1" branch="false"/>
                <line number="17" hits="1" branch="false"/>
                <line number="18" hits="1" branch="false"/>
              </lines>
            </method>
          </methods>
          <lines>
            <line number="9" hits="1" branch="false"/>
            <line number="10" hits="1" branch="false"/>
            <line number="11" hits="1" branch="false"/>
            <line number="12" hits="1" branch="false"/>
            <line number="13" hits="1" branch="false"/>
            <line number="14" hits="1" branch="false"/>
            <line number="15" hits="1" branch="false"/>
            <line number="16" hits="1" branch="false"/>
            <line number="17" hits="1" branch="false"/>
            <line number="18" hits="1" branch="false"/>
          </lines>
        </class>
      </classes>
    </package>
  </packages>
</coverage>
