<?xml version="1.0" encoding="UTF-8"?>
<!DOCTYPE coverage SYSTEM "https://raw.githubusercontent.com/cobertura/cobertura/master/cobertura/src/site/htdocs/xml/coverage-04.dtd">
<coverage line-rate="0.85024154589372" branch-rate="0" lines-covered="176" lines-valid="207" branches-covered="0" branches-valid="0" complexity="0" version="3.6.4" timestamp="2024-07-23 02:59:39.437356">
  <sources>
    <source>/__w/RobinCar2/RobinCar2/RobinCar2</source>
  </sources>
  <packages>
    <package name="RobinCar2" line-rate="0.85024154589372" branch-rate="0" complexity="0">
      <classes>
        <class name="bias.R" filename="R/bias.R" line-rate="1" branch-rate="0" complexity="0">
          <methods>
            <method name="bias" signature="" line-rate="1" branch-rate="0" complexity="0">
              <lines>
                <line number="10" hits="7" branch="false"/>
                <line number="11" hits="7" branch="false"/>
                <line number="12" hits="7" branch="false"/>
                <line number="13" hits="7" branch="false"/>
                <line number="14" hits="7" branch="false"/>
                <line number="16" hits="7" branch="false"/>
                <line number="18" hits="7" branch="false"/>
                <line number="19" hits="7" branch="false"/>
                <line number="20" hits="10" branch="false"/>
                <line number="21" hits="10" branch="false"/>
                <line number="23" hits="7" branch="false"/>
              </lines>
            </method>
          </methods>
          <lines>
            <line number="10" hits="7" branch="false"/>
            <line number="11" hits="7" branch="false"/>
            <line number="12" hits="7" branch="false"/>
            <line number="13" hits="7" branch="false"/>
            <line number="14" hits="7" branch="false"/>
            <line number="16" hits="7" branch="false"/>
            <line number="18" hits="7" branch="false"/>
            <line number="19" hits="7" branch="false"/>
            <line number="20" hits="10" branch="false"/>
            <line number="21" hits="10" branch="false"/>
            <line number="23" hits="7" branch="false"/>
          </lines>
        </class>
        <class name="predict_couterfactual.R" filename="R/predict_couterfactual.R" line-rate="1" branch-rate="0" complexity="0">
          <methods>
            <method name="predict_counterfactual" signature="" line-rate="1" branch-rate="0" complexity="0">
              <lines>
                <line number="14" hits="6" branch="false"/>
              </lines>
            </method>
            <method name="predict_counterfactual.lm" signature="" line-rate="1" branch-rate="0" complexity="0">
              <lines>
                <line number="19" hits="6" branch="false"/>
                <line number="20" hits="6" branch="false"/>
                <line number="21" hits="6" branch="false"/>
                <line number="22" hits="6" branch="false"/>
                <line number="23" hits="6" branch="false"/>
                <line number="24" hits="6" branch="false"/>
                <line number="25" hits="6" branch="false"/>
                <line number="26" hits="6" branch="false"/>
                <line number="27" hits="6" branch="false"/>
                <line number="28" hits="6" branch="false"/>
                <line number="29" hits="6" branch="false"/>
                <line number="31" hits="6" branch="false"/>
                <line number="32" hits="6" branch="false"/>
                <line number="34" hits="6" branch="false"/>
                <line number="35" hits="6" branch="false"/>
                <line number="36" hits="6" branch="false"/>
                <line number="37" hits="6" branch="false"/>
                <line number="38" hits="6" branch="false"/>
                <line number="39" hits="6" branch="false"/>
                <line number="41" hits="6" branch="false"/>
                <line number="43" hits="6" branch="false"/>
                <line number="44" hits="6" branch="false"/>
                <line number="45" hits="6" branch="false"/>
                <line number="47" hits="6" branch="false"/>
                <line number="48" hits="6" branch="false"/>
                <line number="49" hits="6" branch="false"/>
                <line number="51" hits="6" branch="false"/>
                <line number="52" hits="6" branch="false"/>
                <line number="53" hits="3" branch="false"/>
                <line number="55" hits="6" branch="false"/>
                <line number="57" hits="6" branch="false"/>
                <line number="58" hits="6" branch="false"/>
                <line number="60" hits="6" branch="false"/>
                <line number="61" hits="6" branch="false"/>
                <line number="62" hits="6" branch="false"/>
                <line number="63" hits="6" branch="false"/>
                <line number="64" hits="6" branch="false"/>
                <line number="65" hits="6" branch="false"/>
                <line number="66" hits="6" branch="false"/>
                <line number="67" hits="6" branch="false"/>
                <line number="68" hits="6" branch="false"/>
                <line number="69" hits="6" branch="false"/>
                <line number="70" hits="6" branch="false"/>
                <line number="71" hits="6" branch="false"/>
              </lines>
            </method>
            <method name="predict_counterfactual.glm" signature="" line-rate="1" branch-rate="0" complexity="0">
              <lines>
                <line number="76" hits="5" branch="false"/>
              </lines>
            </method>
          </methods>
          <lines>
            <line number="14" hits="6" branch="false"/>
            <line number="19" hits="6" branch="false"/>
            <line number="20" hits="6" branch="false"/>
            <line number="21" hits="6" branch="false"/>
            <line number="22" hits="6" branch="false"/>
            <line number="23" hits="6" branch="false"/>
            <line number="24" hits="6" branch="false"/>
            <line number="25" hits="6" branch="false"/>
            <line number="26" hits="6" branch="false"/>
            <line number="27" hits="6" branch="false"/>
            <line number="28" hits="6" branch="false"/>
            <line number="29" hits="6" branch="false"/>
            <line number="31" hits="6" branch="false"/>
            <line number="32" hits="6" branch="false"/>
            <line number="34" hits="6" branch="false"/>
            <line number="35" hits="6" branch="false"/>
            <line number="36" hits="6" branch="false"/>
            <line number="37" hits="6" branch="false"/>
            <line number="38" hits="6" branch="false"/>
            <line number="39" hits="6" branch="false"/>
            <line number="41" hits="6" branch="false"/>
            <line number="43" hits="6" branch="false"/>
            <line number="44" hits="6" branch="false"/>
            <line number="45" hits="6" branch="false"/>
            <line number="47" hits="6" branch="false"/>
            <line number="48" hits="6" branch="false"/>
            <line number="49" hits="6" branch="false"/>
            <line number="51" hits="6" branch="false"/>
            <line number="52" hits="6" branch="false"/>
            <line number="53" hits="3" branch="false"/>
            <line number="55" hits="6" branch="false"/>
            <line number="57" hits="6" branch="false"/>
            <line number="58" hits="6" branch="false"/>
            <line number="60" hits="6" branch="false"/>
            <line number="61" hits="6" branch="false"/>
            <line number="62" hits="6" branch="false"/>
            <line number="63" hits="6" branch="false"/>
            <line number="64" hits="6" branch="false"/>
            <line number="65" hits="6" branch="false"/>
            <line number="66" hits="6" branch="false"/>
            <line number="67" hits="6" branch="false"/>
            <line number="68" hits="6" branch="false"/>
            <line number="69" hits="6" branch="false"/>
            <line number="70" hits="6" branch="false"/>
            <line number="71" hits="6" branch="false"/>
            <line number="76" hits="5" branch="false"/>
          </lines>
        </class>
        <class name="prediction_cf.R" filename="R/prediction_cf.R" line-rate="1" branch-rate="0" complexity="0">
          <methods>
            <method name="print.prediction_cf" signature="" line-rate="1" branch-rate="0" complexity="0">
              <lines>
                <line number="10" hits="3" branch="false"/>
                <line number="11" hits="3" branch="false"/>
                <line number="12" hits="3" branch="false"/>
              </lines>
            </method>
          </methods>
          <lines>
            <line number="10" hits="3" branch="false"/>
            <line number="11" hits="3" branch="false"/>
            <line number="12" hits="3" branch="false"/>
          </lines>
        </class>
        <class name="treatment_effect.R" filename="R/treatment_effect.R" line-rate="0.847222222222222" branch-rate="0" complexity="0">
          <methods>
            <method name="treatment_effect" signature="" line-rate="1" branch-rate="0" complexity="0">
              <lines>
                <line number="13" hits="3" branch="false"/>
              </lines>
            </method>
            <method name="treatment_effect.prediction_cf" signature="" line-rate="0.892857142857143" branch-rate="0" complexity="0">
              <lines>
                <line number="19" hits="3" branch="false"/>
                <line number="20" hits="3" branch="false"/>
                <line number="21" hits="3" branch="false"/>
                <line number="22" hits="3" branch="false"/>
                <line number="23" hits="3" branch="false"/>
                <line number="24" hits="3" branch="false"/>
                <line number="25" hits="3" branch="false"/>
                <line number="26" hits="3" branch="false"/>
                <line number="27" hits="3" branch="false"/>
                <line number="28" hits="3" branch="false"/>
                <line number="29" hits="3" branch="false"/>
                <line number="30" hits="3" branch="false"/>
                <line number="31" hits="0" branch="false"/>
                <line number="33" hits="3" branch="false"/>
                <line number="34" hits="3" branch="false"/>
                <line number="35" hits="3" branch="false"/>
                <line number="36" hits="3" branch="false"/>
                <line number="37" hits="0" branch="false"/>
                <line number="39" hits="3" branch="false"/>
                <line number="41" hits="3" branch="false"/>
                <line number="43" hits="0" branch="false"/>
                <line number="46" hits="3" branch="false"/>
                <line number="47" hits="3" branch="false"/>
                <line number="48" hits="3" branch="false"/>
                <line number="49" hits="3" branch="false"/>
                <line number="50" hits="3" branch="false"/>
                <line number="51" hits="3" branch="false"/>
                <line number="52" hits="3" branch="false"/>
              </lines>
            </method>
            <method name="treatment_effect.lm" signature="" line-rate="0" branch-rate="0" complexity="0">
              <lines>
                <line number="61" hits="0" branch="false"/>
                <line number="62" hits="0" branch="false"/>
                <line number="63" hits="0" branch="false"/>
                <line number="65" hits="0" branch="false"/>
              </lines>
            </method>
            <method name="treatment_effect.glm" signature="" line-rate="0" branch-rate="0" complexity="0">
              <lines>
                <line number="73" hits="0" branch="false"/>
                <line number="74" hits="0" branch="false"/>
                <line number="75" hits="0" branch="false"/>
                <line number="77" hits="0" branch="false"/>
              </lines>
            </method>
            <method name="difference" signature="" line-rate="1" branch-rate="0" complexity="0">
              <lines>
                <line number="83" hits="1" branch="false"/>
              </lines>
            </method>
            <method name="risk_ratio" signature="" line-rate="1" branch-rate="0" complexity="0">
              <lines>
                <line number="87" hits="1" branch="false"/>
              </lines>
            </method>
            <method name="odds_ratio" signature="" line-rate="1" branch-rate="0" complexity="0">
              <lines>
                <line number="91" hits="1" branch="false"/>
              </lines>
            </method>
            <method name="h_diff" signature="" line-rate="1" branch-rate="0" complexity="0">
              <lines>
                <line number="103" hits="3" branch="false"/>
                <line number="104" hits="3" branch="false"/>
                <line number="105" hits="3" branch="false"/>
              </lines>
            </method>
            <method name="h_jac_diff" signature="" line-rate="1" branch-rate="0" complexity="0">
              <lines>
                <line number="111" hits="3" branch="false"/>
                <line number="112" hits="3" branch="false"/>
                <line number="113" hits="3" branch="false"/>
                <line number="114" hits="3" branch="false"/>
                <line number="115" hits="3" branch="false"/>
                <line number="116" hits="3" branch="false"/>
                <line number="117" hits="3" branch="false"/>
              </lines>
            </method>
            <method name="h_ratio" signature="" line-rate="1" branch-rate="0" complexity="0">
              <lines>
                <line number="123" hits="6" branch="false"/>
                <line number="124" hits="6" branch="false"/>
                <line number="125" hits="6" branch="false"/>
              </lines>
            </method>
            <method name="h_jac_ratio" signature="" line-rate="1" branch-rate="0" complexity="0">
              <lines>
                <line number="131" hits="3" branch="false"/>
                <line number="132" hits="3" branch="false"/>
                <line number="133" hits="3" branch="false"/>
                <line number="134" hits="3" branch="false"/>
                <line number="135" hits="3" branch="false"/>
                <line number="136" hits="3" branch="false"/>
                <line number="137" hits="3" branch="false"/>
              </lines>
            </method>
            <method name="h_odds_ratio" signature="" line-rate="1" branch-rate="0" complexity="0">
              <lines>
                <line number="143" hits="3" branch="false"/>
                <line number="144" hits="3" branch="false"/>
                <line number="145" hits="3" branch="false"/>
              </lines>
            </method>
            <method name="h_jac_odds_ratio" signature="" line-rate="1" branch-rate="0" complexity="0">
              <lines>
                <line number="151" hits="3" branch="false"/>
                <line number="152" hits="3" branch="false"/>
                <line number="153" hits="3" branch="false"/>
                <line number="154" hits="3" branch="false"/>
                <line number="155" hits="3" branch="false"/>
                <line number="156" hits="3" branch="false"/>
                <line number="157" hits="3" branch="false"/>
              </lines>
            </method>
            <method name="h_lower_tri_idx" signature="" line-rate="1" branch-rate="0" complexity="0">
              <lines>
                <line number="165" hits="9" branch="false"/>
                <line number="166" hits="9" branch="false"/>
              </lines>
            </method>
          </methods>
          <lines>
            <line number="13" hits="3" branch="false"/>
            <line number="19" hits="3" branch="false"/>
            <line number="20" hits="3" branch="false"/>
            <line number="21" hits="3" branch="false"/>
            <line number="22" hits="3" branch="false"/>
            <line number="23" hits="3" branch="false"/>
            <line number="24" hits="3" branch="false"/>
            <line number="25" hits="3" branch="false"/>
            <line number="26" hits="3" branch="false"/>
            <line number="27" hits="3" branch="false"/>
            <line number="28" hits="3" branch="false"/>
            <line number="29" hits="3" branch="false"/>
            <line number="30" hits="3" branch="false"/>
            <line number="31" hits="0" branch="false"/>
            <line number="33" hits="3" branch="false"/>
            <line number="34" hits="3" branch="false"/>
            <line number="35" hits="3" branch="false"/>
            <line number="36" hits="3" branch="false"/>
            <line number="37" hits="0" branch="false"/>
            <line number="39" hits="3" branch="false"/>
            <line number="41" hits="3" branch="false"/>
            <line number="43" hits="0" branch="false"/>
            <line number="46" hits="3" branch="false"/>
            <line number="47" hits="3" branch="false"/>
            <line number="48" hits="3" branch="false"/>
            <line number="49" hits="3" branch="false"/>
            <line number="50" hits="3" branch="false"/>
            <line number="51" hits="3" branch="false"/>
            <line number="52" hits="3" branch="false"/>
            <line number="61" hits="0" branch="false"/>
            <line number="62" hits="0" branch="false"/>
            <line number="63" hits="0" branch="false"/>
            <line number="65" hits="0" branch="false"/>
            <line number="73" hits="0" branch="false"/>
            <line number="74" hits="0" branch="false"/>
            <line number="75" hits="0" branch="false"/>
            <line number="77" hits="0" branch="false"/>
            <line number="83" hits="1" branch="false"/>
            <line number="87" hits="1" branch="false"/>
            <line number="91" hits="1" branch="false"/>
            <line number="103" hits="3" branch="false"/>
            <line number="104" hits="3" branch="false"/>
            <line number="105" hits="3" branch="false"/>
            <line number="111" hits="3" branch="false"/>
            <line number="112" hits="3" branch="false"/>
            <line number="113" hits="3" branch="false"/>
            <line number="114" hits="3" branch="false"/>
            <line number="115" hits="3" branch="false"/>
            <line number="116" hits="3" branch="false"/>
            <line number="117" hits="3" branch="false"/>
            <line number="123" hits="6" branch="false"/>
            <line number="124" hits="6" branch="false"/>
            <line number="125" hits="6" branch="false"/>
            <line number="131" hits="3" branch="false"/>
            <line number="132" hits="3" branch="false"/>
            <line number="133" hits="3" branch="false"/>
            <line number="134" hits="3" branch="false"/>
            <line number="135" hits="3" branch="false"/>
            <line number="136" hits="3" branch="false"/>
            <line number="137" hits="3" branch="false"/>
            <line number="143" hits="3" branch="false"/>
            <line number="144" hits="3" branch="false"/>
            <line number="145" hits="3" branch="false"/>
            <line number="151" hits="3" branch="false"/>
            <line number="152" hits="3" branch="false"/>
            <line number="153" hits="3" branch="false"/>
            <line number="154" hits="3" branch="false"/>
            <line number="155" hits="3" branch="false"/>
            <line number="156" hits="3" branch="false"/>
            <line number="157" hits="3" branch="false"/>
            <line number="165" hits="9" branch="false"/>
            <line number="166" hits="9" branch="false"/>
          </lines>
        </class>
        <class name="utils.R" filename="R/utils.R" line-rate="0.952380952380952" branch-rate="0" complexity="0">
          <methods>
            <method name="h_get_vars" signature="" line-rate="0.944444444444444" branch-rate="0" complexity="0">
              <lines>
                <line number="9" hits="14" branch="false"/>
                <line number="10" hits="4" branch="false"/>
                <line number="11" hits="4" branch="false"/>
                <line number="12" hits="4" branch="false"/>
                <line number="13" hits="4" branch="false"/>
                <line number="14" hits="10" branch="false"/>
                <line number="15" hits="8" branch="false"/>
                <line number="16" hits="0" branch="false"/>
                <line number="18" hits="8" branch="false"/>
                <line number="19" hits="2" branch="false"/>
                <line number="21" hits="6" branch="false"/>
                <line number="22" hits="6" branch="false"/>
                <line number="23" hits="6" branch="false"/>
                <line number="24" hits="6" branch="false"/>
                <line number="25" hits="6" branch="false"/>
                <line number="26" hits="6" branch="false"/>
                <line number="28" hits="2" branch="false"/>
                <line number="30" hits="10" branch="false"/>
              </lines>
            </method>
            <method name="block_sum" signature="" line-rate="1" branch-rate="0" complexity="0">
              <lines>
                <line number="34" hits="1" branch="false"/>
                <line number="35" hits="1" branch="false"/>
                <line number="36" hits="1" branch="false"/>
              </lines>
            </method>
          </methods>
          <lines>
            <line number="9" hits="14" branch="false"/>
            <line number="10" hits="4" branch="false"/>
            <line number="11" hits="4" branch="false"/>
            <line number="12" hits="4" branch="false"/>
            <line number="13" hits="4" branch="false"/>
            <line number="14" hits="10" branch="false"/>
            <line number="15" hits="8" branch="false"/>
            <line number="16" hits="0" branch="false"/>
            <line number="18" hits="8" branch="false"/>
            <line number="19" hits="2" branch="false"/>
            <line number="21" hits="6" branch="false"/>
            <line number="22" hits="6" branch="false"/>
            <line number="23" hits="6" branch="false"/>
            <line number="24" hits="6" branch="false"/>
            <line number="25" hits="6" branch="false"/>
            <line number="26" hits="6" branch="false"/>
            <line number="28" hits="2" branch="false"/>
            <line number="30" hits="10" branch="false"/>
            <line number="34" hits="1" branch="false"/>
            <line number="35" hits="1" branch="false"/>
            <line number="36" hits="1" branch="false"/>
          </lines>
        </class>
        <class name="variance_anhecova.R" filename="R/variance_anhecova.R" line-rate="0.577777777777778" branch-rate="0" complexity="0">
          <methods>
            <method name="vcovANHECOVA" signature="" line-rate="0.954545454545455" branch-rate="0" complexity="0">
              <lines>
                <line number="11" hits="4" branch="false"/>
                <line number="12" hits="4" branch="false"/>
                <line number="13" hits="4" branch="false"/>
                <line number="14" hits="4" branch="false"/>
                <line number="15" hits="4" branch="false"/>
                <line number="16" hits="4" branch="false"/>
                <line number="17" hits="4" branch="false"/>
                <line number="18" hits="4" branch="false"/>
                <line number="19" hits="4" branch="false"/>
                <line number="20" hits="4" branch="false"/>
                <line number="21" hits="4" branch="false"/>
                <line number="22" hits="4" branch="false"/>
                <line number="24" hits="4" branch="false"/>
                <line number="25" hits="4" branch="false"/>
                <line number="27" hits="4" branch="false"/>
                <line number="28" hits="4" branch="false"/>
                <line number="30" hits="0" branch="false"/>
                <line number="33" hits="4" branch="false"/>
                <line number="34" hits="4" branch="false"/>
                <line number="35" hits="4" branch="false"/>
                <line number="36" hits="4" branch="false"/>
                <line number="37" hits="4" branch="false"/>
              </lines>
            </method>
            <method name="h_adjust_pi" signature="" line-rate="0" branch-rate="0" complexity="0">
              <lines>
                <line number="45" hits="0" branch="false"/>
                <line number="46" hits="0" branch="false"/>
              </lines>
            </method>
            <method name="h_get_erb" signature="" line-rate="0.238095238095238" branch-rate="0" complexity="0">
              <lines>
                <line number="57" hits="4" branch="false"/>
                <line number="58" hits="4" branch="false"/>
                <line number="59" hits="0" branch="false"/>
                <line number="61" hits="4" branch="false"/>
                <line number="62" hits="4" branch="false"/>
                <line number="63" hits="4" branch="false"/>
                <line number="65" hits="0" branch="false"/>
                <line number="66" hits="0" branch="false"/>
                <line number="67" hits="0" branch="false"/>
                <line number="69" hits="0" branch="false"/>
                <line number="70" hits="0" branch="false"/>
                <line number="71" hits="0" branch="false"/>
                <line number="72" hits="0" branch="false"/>
                <line number="73" hits="0" branch="false"/>
                <line number="74" hits="0" branch="false"/>
                <line number="75" hits="0" branch="false"/>
                <line number="76" hits="0" branch="false"/>
                <line number="77" hits="0" branch="false"/>
                <line number="78" hits="0" branch="false"/>
                <line number="79" hits="0" branch="false"/>
                <line number="80" hits="0" branch="false"/>
              </lines>
            </method>
          </methods>
          <lines>
            <line number="11" hits="4" branch="false"/>
            <line number="12" hits="4" branch="false"/>
            <line number="13" hits="4" branch="false"/>
            <line number="14" hits="4" branch="false"/>
            <line number="15" hits="4" branch="false"/>
            <line number="16" hits="4" branch="false"/>
            <line number="17" hits="4" branch="false"/>
            <line number="18" hits="4" branch="false"/>
            <line number="19" hits="4" branch="false"/>
            <line number="20" hits="4" branch="false"/>
            <line number="21" hits="4" branch="false"/>
            <line number="22" hits="4" branch="false"/>
            <line number="24" hits="4" branch="false"/>
            <line number="25" hits="4" branch="false"/>
            <line number="27" hits="4" branch="false"/>
            <line number="28" hits="4" branch="false"/>
            <line number="30" hits="0" branch="false"/>
            <line number="33" hits="4" branch="false"/>
            <line number="34" hits="4" branch="false"/>
            <line number="35" hits="4" branch="false"/>
            <line number="36" hits="4" branch="false"/>
            <line number="37" hits="4" branch="false"/>
            <line number="45" hits="0" branch="false"/>
            <line number="46" hits="0" branch="false"/>
            <line number="57" hits="4" branch="false"/>
            <line number="58" hits="4" branch="false"/>
            <line number="59" hits="0" branch="false"/>
            <line number="61" hits="4" branch="false"/>
            <line number="62" hits="4" branch="false"/>
            <line number="63" hits="4" branch="false"/>
            <line number="65" hits="0" branch="false"/>
            <line number="66" hits="0" branch="false"/>
            <line number="67" hits="0" branch="false"/>
            <line number="69" hits="0" branch="false"/>
            <line number="70" hits="0" branch="false"/>
            <line number="71" hits="0" branch="false"/>
            <line number="72" hits="0" branch="false"/>
            <line number="73" hits="0" branch="false"/>
            <line number="74" hits="0" branch="false"/>
            <line number="75" hits="0" branch="false"/>
            <line number="76" hits="0" branch="false"/>
            <line number="77" hits="0" branch="false"/>
            <line number="78" hits="0" branch="false"/>
            <line number="79" hits="0" branch="false"/>
            <line number="80" hits="0" branch="false"/>
          </lines>
        </class>
        <class name="variance_hc.R" filename="R/variance_hc.R" line-rate="1" branch-rate="0" complexity="0">
          <methods>
            <method name="vcovHC.prediction_cf" signature="" line-rate="1" branch-rate="0" complexity="0">
              <lines>
                <line number="5" hits="1" branch="false"/>
                <line number="6" hits="1" branch="false"/>
                <line number="7" hits="1" branch="false"/>
                <line number="8" hits="1" branch="false"/>
                <line number="9" hits="1" branch="false"/>
                <line number="10" hits="1" branch="false"/>
                <line number="11" hits="1" branch="false"/>
                <line number="12" hits="1" branch="false"/>
                <line number="13" hits="1" branch="false"/>
              </lines>
            </method>
          </methods>
          <lines>
            <line number="5" hits="1" branch="false"/>
            <line number="6" hits="1" branch="false"/>
            <line number="7" hits="1" branch="false"/>
            <line number="8" hits="1" branch="false"/>
            <line number="9" hits="1" branch="false"/>
            <line number="10" hits="1" branch="false"/>
            <line number="11" hits="1" branch="false"/>
            <line number="12" hits="1" branch="false"/>
            <line number="13" hits="1" branch="false"/>
          </lines>
        </class>
      </classes>
    </package>
  </packages>
</coverage>
