<?xml version="1.0" encoding="UTF-8"?>
<testsuites>
  <testsuite name="bias" timestamp="2025-12-03T02:36:51Z" hostname="63f7845ce2d6" tests="1" skipped="1" failures="0" errors="0" time="0.086">
    <testcase time="0.086" classname="bias" name="bias_works_for_guassian">
      <skipped message="Reason: On CRAN ('test-bias.R:1:1')"/>
    </testcase>
  </testsuite>
  <testsuite name="confint" timestamp="2025-12-03T02:36:51Z" hostname="63f7845ce2d6" tests="8" skipped="4" failures="0" errors="0" time="0.345">
    <testcase time="0.167" classname="confint" name="confint_works_correctly">
      <skipped message="Reason: On CRAN ('test-confint.R:1:1')"/>
    </testcase>
    <testcase time="0.085" classname="confint" name="confint_works_with_parm_argument"/>
    <testcase time="0.00600000000000001" classname="confint" name="confint_works_with_parm_argument"/>
    <testcase time="0.005" classname="confint" name="confint_works_with_parm_argument"/>
    <testcase time="0.005" classname="confint" name="confint_works_with_parm_argument"/>
    <testcase time="0.002" classname="confint" name="confint_works_with_parm_argument">
      <skipped message="Reason: On CRAN ('test-confint.R:9:1')"/>
    </testcase>
    <testcase time="0.042" classname="confint" name="confint_works_with_level_argument">
      <skipped message="Reason: On CRAN ('test-confint.R:22:1')"/>
    </testcase>
    <testcase time="0.033" classname="confint" name="confint_works_with_transform_argument">
      <skipped message="Reason: On CRAN ('test-confint.R:27:1')"/>
    </testcase>
  </testsuite>
  <testsuite name="find_data" timestamp="2025-12-03T02:36:52Z" hostname="63f7845ce2d6" tests="2" skipped="0" failures="0" errors="0" time="0.044">
    <testcase time="0.0349999999999999" classname="find_data" name="find_data_works_for_glm"/>
    <testcase time="0.00900000000000001" classname="find_data" name="find_data_fails_for_lm"/>
  </testsuite>
  <testsuite name="predict_counterfactual" timestamp="2025-12-03T02:36:52Z" hostname="63f7845ce2d6" tests="12" skipped="6" failures="0" errors="0" time="0.318">
    <testcase time="0.025" classname="predict_counterfactual" name="predict_counterfactual_works_for_guassian">
      <skipped message="Reason: On CRAN ('test-predict_counterfactual.R:1:1')"/>
    </testcase>
    <testcase time="0.046" classname="predict_counterfactual" name="predict_counterfactual_works_for_guassian_with_lm">
      <skipped message="Reason: On CRAN ('test-predict_counterfactual.R:5:1')"/>
    </testcase>
    <testcase time="0.0389999999999999" classname="predict_counterfactual" name="predict_counterfactual_works_for_binomial">
      <skipped message="Reason: On CRAN ('test-predict_counterfactual.R:9:1')"/>
    </testcase>
    <testcase time="0.0370000000000001" classname="predict_counterfactual" name="predict_counterfactual_for_negative_binomial"/>
    <testcase time="0.004" classname="predict_counterfactual" name="predict_counterfactual_for_negative_binomial"/>
    <testcase time="0.00600000000000001" classname="predict_counterfactual" name="predict_counterfactual_for_negative_binomial"/>
    <testcase time="0.00499999999999989" classname="predict_counterfactual" name="predict_counterfactual_for_negative_binomial"/>
    <testcase time="0.0189999999999999" classname="predict_counterfactual" name="predict_counterfactual_works_if_contrast_are_non_standard"/>
    <testcase time="0.018" classname="predict_counterfactual" name="predict_counterfactual_works_if_contrast_are_non_standard"/>
    <testcase time="0.002" classname="predict_counterfactual" name="predict_counterfactual_works_if_contrast_are_non_standard">
      <skipped message="Reason: On CRAN ('test-predict_counterfactual.R:38:1')"/>
    </testcase>
    <testcase time="0.0690000000000002" classname="predict_counterfactual" name="predict_counterfactual_works_with_provided_vcov_function">
      <skipped message="Reason: On CRAN ('test-predict_counterfactual.R:52:1')"/>
    </testcase>
    <testcase time="0.0479999999999998" classname="predict_counterfactual" name="confint_method_for_prediction_cf_works_as_expected">
      <skipped message="Reason: On CRAN ('test-predict_counterfactual.R:61:1')"/>
    </testcase>
  </testsuite>
  <testsuite name="robin_glm" timestamp="2025-12-03T02:36:52Z" hostname="63f7845ce2d6" tests="11" skipped="1" failures="0" errors="0" time="0.225">
    <testcase time="0.04" classname="robin_glm" name="robin_glm_works_correctly"/>
    <testcase time="0.018" classname="robin_glm" name="robin_glm_works_correctly"/>
    <testcase time="0.012" classname="robin_glm" name="robin_glm_works_correctly"/>
    <testcase time="0.0110000000000001" classname="robin_glm" name="robin_glm_works_correctly"/>
    <testcase time="0.0169999999999999" classname="robin_glm" name="robin_glm_works_correctly"/>
    <testcase time="0.016" classname="robin_glm" name="robin_glm_works_correctly"/>
    <testcase time="0.00800000000000001" classname="robin_glm" name="robin_glm_works_correctly"/>
    <testcase time="0.0089999999999999" classname="robin_glm" name="robin_glm_works_correctly"/>
    <testcase time="0.0130000000000001" classname="robin_glm" name="robin_glm_works_correctly"/>
    <testcase time="0.03" classname="robin_glm" name="robin_glm_works_for_glm.nb"/>
    <testcase time="0.0509999999999999" classname="robin_glm" name="robin_glm_can_be_printed_correctly">
      <skipped message="Reason: On CRAN ('test-robin_glm.R:67:1')"/>
    </testcase>
  </testsuite>
  <testsuite name="robin_lm" timestamp="2025-12-03T02:36:52Z" hostname="63f7845ce2d6" tests="15" skipped="1" failures="0" errors="0" time="0.203">
    <testcase time="0.0329999999999999" classname="robin_lm" name="h_interaction_works_correctly"/>
    <testcase time="0.004" classname="robin_lm" name="h_interaction_works_correctly"/>
    <testcase time="0.00300000000000011" classname="robin_lm" name="h_interaction_works_correctly"/>
    <testcase time="0.00600000000000001" classname="robin_lm" name="h_interaction_works_correctly"/>
    <testcase time="0.012" classname="robin_lm" name="robin_lm_works_correctly"/>
    <testcase time="0.00800000000000001" classname="robin_lm" name="robin_lm_works_correctly"/>
    <testcase time="0.0309999999999999" classname="robin_lm" name="robin_lm_works_correctly">
      <skipped message="Reason: On CRAN ('test-robin_lm.R:12:1')"/>
    </testcase>
    <testcase time="0.0310000000000001" classname="robin_lm" name="robin_lm_give_same_result_as_robin_glm"/>
    <testcase time="0.0109999999999999" classname="robin_lm" name="robin_lm_give_same_result_as_robin_glm"/>
    <testcase time="0.012" classname="robin_lm" name="robin_lm_give_same_result_as_robin_glm"/>
    <testcase time="0.00499999999999989" classname="robin_lm" name="robin_lm_give_same_result_as_robin_glm"/>
    <testcase time="0.0170000000000001" classname="robin_lm" name="robin_lm_give_same_result_as_robin_glm"/>
    <testcase time="0.0169999999999999" classname="robin_lm" name="robin_lm_give_same_result_as_robin_glm"/>
    <testcase time="0.00700000000000012" classname="robin_lm" name="robin_lm_give_same_result_as_robin_glm"/>
    <testcase time="0.00600000000000001" classname="robin_lm" name="robin_lm_give_same_result_as_robin_glm"/>
  </testsuite>
  <testsuite name="surv_effect" timestamp="2025-12-03T02:36:53Z" hostname="63f7845ce2d6" tests="10" skipped="7" failures="0" errors="0" time="2.26">
    <testcase time="0.689" classname="surv_effect" name="print_method_for_surv_effect_works_as_expected_unstratified_unadjusted_">
      <skipped message="Reason: On CRAN ('test-surv_effect.R:1:1')"/>
    </testcase>
    <testcase time="0.13" classname="surv_effect" name="print_method_for_surv_effect_works_as_expected_stratified_unadjusted_">
      <skipped message="Reason: On CRAN ('test-surv_effect.R:10:1')"/>
    </testcase>
    <testcase time="0.181" classname="surv_effect" name="print_method_for_surv_effect_works_as_expected_unstratified_adjusted_">
      <skipped message="Reason: On CRAN ('test-surv_effect.R:19:1')"/>
    </testcase>
    <testcase time="0.37" classname="surv_effect" name="print_method_for_surv_effect_works_as_expected_stratified_adjusted_">
      <skipped message="Reason: On CRAN ('test-surv_effect.R:28:1')"/>
    </testcase>
    <testcase time="0.052" classname="surv_effect" name="print_method_for_surv_effect_works_as_expected_when_no_hazard_ratio_was_estimated">
      <skipped message="Reason: On CRAN ('test-surv_effect.R:37:1')"/>
    </testcase>
    <testcase time="0.367" classname="surv_effect" name="table_method_for_surv_effect_works_as_expected"/>
    <testcase time="0.00099999999999989" classname="surv_effect" name="table_method_for_surv_effect_works_as_expected">
      <skipped message="Reason: On CRAN ('test-surv_effect.R:47:1')"/>
    </testcase>
    <testcase time="0.436" classname="surv_effect" name="confint_method_for_surv_effect_works_as_expected"/>
    <testcase time="0.00299999999999967" classname="surv_effect" name="confint_method_for_surv_effect_works_as_expected">
      <skipped message="Reason: On CRAN ('test-surv_effect.R:57:1')"/>
    </testcase>
    <testcase time="0.0310000000000001" classname="surv_effect" name="confint_method_returns_error_when_no_hazard_ratio_was_estimated"/>
  </testsuite>
  <testsuite name="survival" timestamp="2025-12-03T02:36:55Z" hostname="63f7845ce2d6" tests="93" skipped="18" failures="0" errors="0" time="5.613">
    <testcase time="0.0630000000000002" classname="survival" name="h_log_hr_est_via_score_works_as_expected">
      <skipped message="Reason: On CRAN ('test-survival.R:1:1')"/>
    </testcase>
    <testcase time="0.14" classname="survival" name="h_log_hr_est_via_score_does_not_give_spurious_warning"/>
    <testcase time="0.0150000000000006" classname="survival" name="h_log_hr_est_via_score_does_not_give_spurious_warning">
      <skipped message="Reason: On CRAN ('test-survival.R:12:1')"/>
    </testcase>
    <testcase time="0.101999999999999" classname="survival" name="h_log_hr_est_via_score_extends_the_search_interval_as_needed"/>
    <testcase time="0.00800000000000001" classname="survival" name="h_log_hr_est_via_score_extends_the_search_interval_as_needed">
      <skipped message="Reason: On CRAN ('test-survival.R:25:1')"/>
    </testcase>
    <testcase time="0.0250000000000004" classname="survival" name="h_lr_test_via_score_works_as_expected">
      <skipped message="Reason: On CRAN ('test-survival.R:38:1')"/>
    </testcase>
    <testcase time="0.0699999999999994" classname="survival" name="robin_surv_comparison_works_as_expected_without_covariate_adjustment">
      <skipped message="Reason: On CRAN ('test-survival.R:49:1')"/>
    </testcase>
    <testcase time="0.0330000000000004" classname="survival" name="robin_surv_comparison_can_skip_the_hazard_ratio_estimation">
      <skipped message="Reason: On CRAN ('test-survival.R:69:1')"/>
    </testcase>
    <testcase time="0.0650000000000004" classname="survival" name="robin_surv_no_strata_no_cov_works_as_expected">
      <skipped message="Reason: On CRAN ('test-survival.R:89:1')"/>
    </testcase>
    <testcase time="0.0489999999999995" classname="survival" name="robin_surv_no_strata_no_cov_gives_the_same_results_as_RobinCar_functions"/>
    <testcase time="0.00400000000000045" classname="survival" name="robin_surv_no_strata_no_cov_gives_the_same_results_as_RobinCar_functions"/>
    <testcase time="0.00399999999999956" classname="survival" name="robin_surv_no_strata_no_cov_gives_the_same_results_as_RobinCar_functions"/>
    <testcase time="0.00400000000000045" classname="survival" name="robin_surv_no_strata_no_cov_gives_the_same_results_as_RobinCar_functions"/>
    <testcase time="0.117999999999999" classname="survival" name="robin_surv_strata_works_as_expected">
      <skipped message="Reason: On CRAN ('test-survival.R:133:1')"/>
    </testcase>
    <testcase time="0.220000000000001" classname="survival" name="robin_surv_strata_works_with_multiple_strata_variables"/>
    <testcase time="0.0529999999999999" classname="survival" name="robin_surv_strata_gives_the_same_results_as_RobinCar_functions"/>
    <testcase time="0.00399999999999956" classname="survival" name="robin_surv_strata_gives_the_same_results_as_RobinCar_functions"/>
    <testcase time="0.00400000000000045" classname="survival" name="robin_surv_strata_gives_the_same_results_as_RobinCar_functions"/>
    <testcase time="0.00300000000000011" classname="survival" name="robin_surv_strata_gives_the_same_results_as_RobinCar_functions"/>
    <testcase time="0.202" classname="survival" name="robin_surv_cov_works_as_expected">
      <skipped message="Reason: On CRAN ('test-survival.R:206:1')"/>
    </testcase>
    <testcase time="0.143" classname="survival" name="robin_surv_cov_gives_the_same_results_as_RobinCar_functions"/>
    <testcase time="0.00499999999999989" classname="survival" name="robin_surv_cov_gives_the_same_results_as_RobinCar_functions"/>
    <testcase time="0.00399999999999956" classname="survival" name="robin_surv_cov_gives_the_same_results_as_RobinCar_functions"/>
    <testcase time="0.00400000000000045" classname="survival" name="robin_surv_cov_gives_the_same_results_as_RobinCar_functions"/>
    <testcase time="0.236" classname="survival" name="robin_surv_strata_cov_works_as_expected">
      <skipped message="Reason: On CRAN ('test-survival.R:251:1')"/>
    </testcase>
    <testcase time="0.771" classname="survival" name="robin_surv_strata_cov_works_with_multiple_strata_variables"/>
    <testcase time="0.207" classname="survival" name="robin_surv_strata_cov_gives_the_same_results_as_RobinCar_functions"/>
    <testcase time="0.00400000000000045" classname="survival" name="robin_surv_strata_cov_gives_the_same_results_as_RobinCar_functions"/>
    <testcase time="0.00399999999999956" classname="survival" name="robin_surv_strata_cov_gives_the_same_results_as_RobinCar_functions"/>
    <testcase time="0.00400000000000045" classname="survival" name="robin_surv_strata_cov_gives_the_same_results_as_RobinCar_functions"/>
    <testcase time="0.00800000000000001" classname="survival" name="h_log_hr_coef_mat_works_as_expected">
      <skipped message="Reason: On CRAN ('test-survival.R:325:1')"/>
    </testcase>
    <testcase time="0.032" classname="survival" name="h_log_hr_coef_mat_works_as_expected_for_multiple_comparisons">
      <skipped message="Reason: On CRAN ('test-survival.R:338:1')"/>
    </testcase>
    <testcase time="0.016" classname="survival" name="h_test_mat_works_as_expected">
      <skipped message="Reason: On CRAN ('test-survival.R:351:1')"/>
    </testcase>
    <testcase time="0.016" classname="survival" name="h_events_table_works_as_expected_with_strata"/>
    <testcase time="0.00800000000000001" classname="survival" name="h_events_table_works_as_expected_with_multiple_strata"/>
    <testcase time="0.00699999999999967" classname="survival" name="h_events_table_works_as_expected_without_strata"/>
    <testcase time="0.0470000000000006" classname="survival" name="robin_surv_works_as_expected_without_strata_or_covariates"/>
    <testcase time="0.00999999999999979" classname="survival" name="robin_surv_works_as_expected_without_strata_or_covariates">
      <skipped message="Reason: On CRAN ('test-survival.R:415:1')"/>
    </testcase>
    <testcase time="0.0439999999999996" classname="survival" name="robin_surv_gives_the_same_results_as_RobinCar_functions_without_strata_or_covariates"/>
    <testcase time="0.0100000000000007" classname="survival" name="robin_surv_gives_the_same_results_as_RobinCar_functions_without_strata_or_covariates"/>
    <testcase time="0.00499999999999989" classname="survival" name="robin_surv_gives_the_same_results_as_RobinCar_functions_without_strata_or_covariates"/>
    <testcase time="0.00300000000000011" classname="survival" name="robin_surv_gives_the_same_results_as_RobinCar_functions_without_strata_or_covariates"/>
    <testcase time="0.109" classname="survival" name="robin_surv_works_as_expected_with_strata"/>
    <testcase time="0.00999999999999979" classname="survival" name="robin_surv_works_as_expected_with_strata">
      <skipped message="Reason: On CRAN ('test-survival.R:448:1')"/>
    </testcase>
    <testcase time="0.0659999999999998" classname="survival" name="robin_surv_gives_the_same_results_as_RobinCar_functions_with_strata"/>
    <testcase time="0.00399999999999956" classname="survival" name="robin_surv_gives_the_same_results_as_RobinCar_functions_with_strata"/>
    <testcase time="0.00300000000000011" classname="survival" name="robin_surv_gives_the_same_results_as_RobinCar_functions_with_strata"/>
    <testcase time="0.00399999999999956" classname="survival" name="robin_surv_gives_the_same_results_as_RobinCar_functions_with_strata"/>
    <testcase time="0.155" classname="survival" name="robin_surv_works_as_expected_with_covariates"/>
    <testcase time="0.00999999999999979" classname="survival" name="robin_surv_works_as_expected_with_covariates">
      <skipped message="Reason: On CRAN ('test-survival.R:481:1')"/>
    </testcase>
    <testcase time="0.289000000000001" classname="survival" name="robin_surv_gives_the_same_results_as_RobinCar_functions_with_covariates"/>
    <testcase time="0.00499999999999989" classname="survival" name="robin_surv_gives_the_same_results_as_RobinCar_functions_with_covariates"/>
    <testcase time="0.00399999999999956" classname="survival" name="robin_surv_gives_the_same_results_as_RobinCar_functions_with_covariates"/>
    <testcase time="0.00500000000000078" classname="survival" name="robin_surv_gives_the_same_results_as_RobinCar_functions_with_covariates"/>
    <testcase time="0.119" classname="survival" name="robin_surv_gives_the_same_results_as_RobinCar_for_single_factor_covariate"/>
    <testcase time="0.00399999999999956" classname="survival" name="robin_surv_gives_the_same_results_as_RobinCar_for_single_factor_covariate"/>
    <testcase time="0.00400000000000045" classname="survival" name="robin_surv_gives_the_same_results_as_RobinCar_for_single_factor_covariate"/>
    <testcase time="0.00300000000000011" classname="survival" name="robin_surv_gives_the_same_results_as_RobinCar_for_single_factor_covariate"/>
    <testcase time="0.204" classname="survival" name="robin_surv_works_as_expected_with_strata_and_covariates"/>
    <testcase time="0.00999999999999979" classname="survival" name="robin_surv_works_as_expected_with_strata_and_covariates">
      <skipped message="Reason: On CRAN ('test-survival.R:536:1')"/>
    </testcase>
    <testcase time="0.187" classname="survival" name="robin_surv_gives_the_same_results_as_RobinCar_functions_with_strata_and_covariates"/>
    <testcase time="0.00499999999999989" classname="survival" name="robin_surv_gives_the_same_results_as_RobinCar_functions_with_strata_and_covariates"/>
    <testcase time="0.00399999999999956" classname="survival" name="robin_surv_gives_the_same_results_as_RobinCar_functions_with_strata_and_covariates"/>
    <testcase time="0.00300000000000011" classname="survival" name="robin_surv_gives_the_same_results_as_RobinCar_functions_with_strata_and_covariates"/>
    <testcase time="0.181000000000001" classname="survival" name="robin_surv_also_works_with_multiple_pairwise_comparisons"/>
    <testcase time="0.00300000000000011" classname="survival" name="robin_surv_also_works_with_multiple_pairwise_comparisons"/>
    <testcase time="0.000999999999999446" classname="survival" name="robin_surv_also_works_with_multiple_pairwise_comparisons"/>
    <testcase time="0.00200000000000067" classname="survival" name="robin_surv_also_works_with_multiple_pairwise_comparisons"/>
    <testcase time="0.000999999999999446" classname="survival" name="robin_surv_also_works_with_multiple_pairwise_comparisons"/>
    <testcase time="0.0609999999999999" classname="survival" name="robin_surv_allows_the_user_to_optionally_define_the_comparisons_of_interest"/>
    <testcase time="0.00199999999999889" classname="survival" name="robin_surv_allows_the_user_to_optionally_define_the_comparisons_of_interest"/>
    <testcase time="0.00200000000000067" classname="survival" name="robin_surv_allows_the_user_to_optionally_define_the_comparisons_of_interest"/>
    <testcase time="0.000999999999999446" classname="survival" name="robin_surv_allows_the_user_to_optionally_define_the_comparisons_of_interest"/>
    <testcase time="0.00200000000000067" classname="survival" name="robin_surv_allows_the_user_to_optionally_define_the_comparisons_of_interest"/>
    <testcase time="0.292" classname="survival" name="robin_surv_allows_to_use_unadjusted_standard_error"/>
    <testcase time="0.00300000000000011" classname="survival" name="robin_surv_allows_to_use_unadjusted_standard_error"/>
    <testcase time="0.00399999999999956" classname="survival" name="robin_surv_allows_to_use_unadjusted_standard_error"/>
    <testcase time="0.00300000000000011" classname="survival" name="robin_surv_allows_to_use_unadjusted_standard_error"/>
    <testcase time="0.213000000000001" classname="survival" name="robin_surv_gives_the_same_results_as_RobinCar_for_strong_correlation_covariate_with_strata"/>
    <testcase time="0.00399999999999956" classname="survival" name="robin_surv_gives_the_same_results_as_RobinCar_for_strong_correlation_covariate_with_strata"/>
    <testcase time="0.00399999999999956" classname="survival" name="robin_surv_gives_the_same_results_as_RobinCar_for_strong_correlation_covariate_with_strata"/>
    <testcase time="0.00399999999999956" classname="survival" name="robin_surv_gives_the_same_results_as_RobinCar_for_strong_correlation_covariate_with_strata"/>
    <testcase time="0.212000000000002" classname="survival" name="robin_surv_works_also_with_character_variable_in_the_correlation_case"/>
    <testcase time="0.00599999999999845" classname="survival" name="robin_surv_works_also_with_character_variable_in_the_correlation_case">
      <skipped message="Reason: On CRAN ('test-survival.R:649:1')"/>
    </testcase>
    <testcase time="0.0310000000000006" classname="survival" name="robin_surv_can_skip_the_hazard_ratio_estimation"/>
    <testcase time="0.00200000000000067" classname="survival" name="robin_surv_can_skip_the_hazard_ratio_estimation"/>
    <testcase time="0.00199999999999889" classname="survival" name="robin_surv_can_skip_the_hazard_ratio_estimation"/>
    <testcase time="0.00100000000000122" classname="survival" name="robin_surv_can_skip_the_hazard_ratio_estimation"/>
    <testcase time="0.00199999999999889" classname="survival" name="robin_surv_can_skip_the_hazard_ratio_estimation"/>
    <testcase time="0.00300000000000011" classname="survival" name="robin_surv_can_skip_the_hazard_ratio_estimation"/>
    <testcase time="0.251000000000001" classname="survival" name="robin_surv_can_work_with_interaction_covariates"/>
    <testcase time="0.00199999999999889" classname="survival" name="robin_surv_can_work_with_interaction_covariates"/>
    <testcase time="0.337" classname="survival" name="robin_surv_works_in_a_case_where_previously_separate_design_matrices_led_to_failure"/>
  </testsuite>
  <testsuite name="survival_cov_adj" timestamp="2025-12-03T02:37:00Z" hostname="63f7845ce2d6" tests="32" skipped="2" failures="0" errors="0" time="0.149">
    <testcase time="0.016" classname="survival_cov_adj" name="h_derived_outcome_vals_works_as_expected"/>
    <testcase time="0.00600000000000023" classname="survival_cov_adj" name="h_derived_outcome_vals_works_as_expected"/>
    <testcase time="0.016" classname="survival_cov_adj" name="h_strat_derived_outcome_vals_works_as_expected"/>
    <testcase time="0.00200000000000067" classname="survival_cov_adj" name="h_strat_derived_outcome_vals_works_as_expected"/>
    <testcase time="0.00300000000000011" classname="survival_cov_adj" name="h_strat_derived_outcome_vals_works_as_expected"/>
    <testcase time="0.0229999999999997" classname="survival_cov_adj" name="h_strat_derived_outcome_vals_works_with_multiple_strata"/>
    <testcase time="0.000999999999999446" classname="survival_cov_adj" name="h_strat_derived_outcome_vals_works_with_multiple_strata"/>
    <testcase time="0.00400000000000134" classname="survival_cov_adj" name="h_strat_derived_outcome_vals_works_with_multiple_strata"/>
    <testcase time="0.00499999999999901" classname="survival_cov_adj" name="h_get_lm_input_works_as_expected"/>
    <testcase time="0.000999999999999446" classname="survival_cov_adj" name="h_get_lm_input_works_as_expected"/>
    <testcase time="0.00100000000000122" classname="survival_cov_adj" name="h_get_lm_input_works_as_expected"/>
    <testcase time="0.000999999999999446" classname="survival_cov_adj" name="h_get_lm_input_works_as_expected"/>
    <testcase time="0.000999999999999446" classname="survival_cov_adj" name="h_get_lm_input_works_as_expected"/>
    <testcase time="0.00200000000000067" classname="survival_cov_adj" name="h_get_lm_input_works_as_expected"/>
    <testcase time="0.000999999999999446" classname="survival_cov_adj" name="h_get_lm_input_works_as_expected"/>
    <testcase time="0.0080000000000009" classname="survival_cov_adj" name="h_get_lm_input_fails_when_there_is_no_intercept"/>
    <testcase time="0.00499999999999901" classname="survival_cov_adj" name="h_get_lm_input_works_correctly_across_treatment_levels_with_character_covariates"/>
    <testcase time="0.00300000000000011" classname="survival_cov_adj" name="h_get_lm_input_works_correctly_across_treatment_levels_with_character_covariates"/>
    <testcase time="0.00600000000000023" classname="survival_cov_adj" name="h_get_strat_lm_input_works_as_expected"/>
    <testcase time="0.000999999999999446" classname="survival_cov_adj" name="h_get_strat_lm_input_works_as_expected"/>
    <testcase time="0.00100000000000122" classname="survival_cov_adj" name="h_get_strat_lm_input_works_as_expected"/>
    <testcase time="0.000999999999999446" classname="survival_cov_adj" name="h_get_strat_lm_input_works_as_expected"/>
    <testcase time="0.000999999999999446" classname="survival_cov_adj" name="h_get_strat_lm_input_works_as_expected"/>
    <testcase time="0.00200000000000067" classname="survival_cov_adj" name="h_get_strat_lm_input_works_as_expected"/>
    <testcase time="0.000999999999999446" classname="survival_cov_adj" name="h_get_strat_lm_input_works_as_expected"/>
    <testcase time="0.00100000000000122" classname="survival_cov_adj" name="h_get_strat_lm_input_works_as_expected"/>
    <testcase time="0.000999999999999446" classname="survival_cov_adj" name="h_get_strat_lm_input_works_as_expected"/>
    <testcase time="0.00200000000000067" classname="survival_cov_adj" name="h_get_strat_lm_input_works_as_expected"/>
    <testcase time="0.0119999999999987" classname="survival_cov_adj" name="h_get_beta_estimates_works_as_expected">
      <skipped message="Reason: On CRAN ('test-survival_cov_adj.R:165:1')"/>
    </testcase>
    <testcase time="0.016" classname="survival_cov_adj" name="h_get_strat_beta_estimates_works_as_expected"/>
    <testcase time="0.000999999999999446" classname="survival_cov_adj" name="h_get_strat_beta_estimates_works_as_expected"/>
    <testcase time="0.00399999999999956" classname="survival_cov_adj" name="h_get_strat_beta_estimates_works_as_expected">
      <skipped message="Reason: On CRAN ('test-survival_cov_adj.R:179:1')"/>
    </testcase>
  </testsuite>
  <testsuite name="survival_score" timestamp="2025-12-03T02:37:01Z" hostname="63f7845ce2d6" tests="36" skipped="14" failures="0" errors="0" time="0.734">
    <testcase time="0.0289999999999999" classname="survival_score" name="h_lr_score_no_strata_no_cov_works_as_expected_with_default_options">
      <skipped message="Reason: On CRAN ('test-survival_score.R:1:1')"/>
    </testcase>
    <testcase time="0.0220000000000002" classname="survival_score" name="h_lr_score_no_strata_no_cov_works_as_expected_with_custom_n">
      <skipped message="Reason: On CRAN ('test-survival_score.R:12:1')"/>
    </testcase>
    <testcase time="0.0220000000000002" classname="survival_score" name="h_lr_score_no_strata_no_cov_works_as_expected_when_not_using_ties_factor">
      <skipped message="Reason: On CRAN ('test-survival_score.R:24:1')"/>
    </testcase>
    <testcase time="0.0289999999999999" classname="survival_score" name="h_lr_score_no_strata_no_cov_works_as_expected_with_multiple_theta_values"/>
    <testcase time="0.0109999999999992" classname="survival_score" name="h_lr_score_no_strata_no_cov_works_when_not_calculating_the_variance"/>
    <testcase time="0.00700000000000145" classname="survival_score" name="h_lr_score_no_strata_no_cov_works_when_not_calculating_the_variance"/>
    <testcase time="0.000999999999999446" classname="survival_score" name="h_lr_score_no_strata_no_cov_works_when_not_calculating_the_variance"/>
    <testcase time="0.00300000000000011" classname="survival_score" name="h_lr_score_no_strata_no_cov_works_when_not_calculating_the_variance"/>
    <testcase time="0.0169999999999995" classname="survival_score" name="h_lr_score_strat_works_as_expected_with_default_options">
      <skipped message="Reason: On CRAN ('test-survival_score.R:74:1')"/>
    </testcase>
    <testcase time="0.027000000000001" classname="survival_score" name="h_lr_score_strat_works_with_multiple_strata_variables">
      <skipped message="Reason: On CRAN ('test-survival_score.R:86:1')"/>
    </testcase>
    <testcase time="0.0269999999999992" classname="survival_score" name="h_lr_score_strat_works_as_expected_when_not_using_ties_factor">
      <skipped message="Reason: On CRAN ('test-survival_score.R:98:1')"/>
    </testcase>
    <testcase time="0.0250000000000004" classname="survival_score" name="h_lr_score_strat_works_as_expected_when_not_calculating_the_variance"/>
    <testcase time="0.000999999999999446" classname="survival_score" name="h_lr_score_strat_works_as_expected_when_not_calculating_the_variance"/>
    <testcase time="0.00200000000000067" classname="survival_score" name="h_lr_score_strat_works_as_expected_when_not_calculating_the_variance"/>
    <testcase time="0.00300000000000011" classname="survival_score" name="h_lr_score_strat_works_as_expected_when_not_calculating_the_variance"/>
    <testcase time="0.0389999999999997" classname="survival_score" name="h_lr_score_strat_works_as_expected_with_multiple_theta_values"/>
    <testcase time="0.020999999999999" classname="survival_score" name="h_lr_score_cov_works_as_expected_with_default_options">
      <skipped message="Reason: On CRAN ('test-survival_score.R:153:1')"/>
    </testcase>
    <testcase time="0.032" classname="survival_score" name="h_lr_score_cov_works_as_expected_when_not_using_ties_factor">
      <skipped message="Reason: On CRAN ('test-survival_score.R:165:1')"/>
    </testcase>
    <testcase time="0.0370000000000008" classname="survival_score" name="h_lr_score_cov_works_as_expected_when_not_calculating_the_variance"/>
    <testcase time="0.000999999999999446" classname="survival_score" name="h_lr_score_cov_works_as_expected_when_not_calculating_the_variance"/>
    <testcase time="0.00200000000000067" classname="survival_score" name="h_lr_score_cov_works_as_expected_when_not_calculating_the_variance"/>
    <testcase time="0.00300000000000011" classname="survival_score" name="h_lr_score_cov_works_as_expected_when_not_calculating_the_variance"/>
    <testcase time="0.0429999999999993" classname="survival_score" name="h_lr_score_cov_works_when_using_the_unadjusted_standard_error_option"/>
    <testcase time="0.00399999999999956" classname="survival_score" name="h_lr_score_cov_works_when_using_the_unadjusted_standard_error_option"/>
    <testcase time="0.00100000000000122" classname="survival_score" name="h_lr_score_cov_works_when_using_the_unadjusted_standard_error_option">
      <skipped message="Reason: On CRAN ('test-survival_score.R:195:1')"/>
    </testcase>
    <testcase time="0.0309999999999988" classname="survival_score" name="h_lr_score_cov_works_with_a_single_factor_covariate">
      <skipped message="Reason: On CRAN ('test-survival_score.R:230:1')"/>
    </testcase>
    <testcase time="0.0420000000000016" classname="survival_score" name="h_lr_score_strat_cov_works_as_expected_with_default_options">
      <skipped message="Reason: On CRAN ('test-survival_score.R:242:1')"/>
    </testcase>
    <testcase time="0.0429999999999993" classname="survival_score" name="h_lr_score_strat_cov_works_with_multiple_strata_variables">
      <skipped message="Reason: On CRAN ('test-survival_score.R:255:1')"/>
    </testcase>
    <testcase time="0.0519999999999996" classname="survival_score" name="h_lr_score_strat_cov_works_as_expected_when_not_using_ties_factor">
      <skipped message="Reason: On CRAN ('test-survival_score.R:268:1')"/>
    </testcase>
    <testcase time="0.0380000000000003" classname="survival_score" name="h_lr_score_strat_cov_works_as_expected_when_not_calculating_the_variance"/>
    <testcase time="0.00200000000000067" classname="survival_score" name="h_lr_score_strat_cov_works_as_expected_when_not_calculating_the_variance"/>
    <testcase time="0.000999999999999446" classname="survival_score" name="h_lr_score_strat_cov_works_as_expected_when_not_calculating_the_variance"/>
    <testcase time="0.00399999999999956" classname="survival_score" name="h_lr_score_strat_cov_works_as_expected_when_not_calculating_the_variance"/>
    <testcase time="0.107000000000001" classname="survival_score" name="h_lr_score_strat_cov_works_as_expected_with_unadjusted_standard_error"/>
    <testcase time="0.00300000000000011" classname="survival_score" name="h_lr_score_strat_cov_works_as_expected_with_unadjusted_standard_error"/>
    <testcase time="0.00199999999999889" classname="survival_score" name="h_lr_score_strat_cov_works_as_expected_with_unadjusted_standard_error">
      <skipped message="Reason: On CRAN ('test-survival_score.R:300:1')"/>
    </testcase>
  </testsuite>
  <testsuite name="treatment_effect" timestamp="2025-12-03T02:37:01Z" hostname="63f7845ce2d6" tests="41" skipped="4" failures="0" errors="0" time="0.421">
    <testcase time="0.0289999999999999" classname="treatment_effect" name="h_diff_works_as_expected"/>
    <testcase time="0.00300000000000011" classname="treatment_effect" name="h_diff_works_as_expected"/>
    <testcase time="0.00600000000000023" classname="treatment_effect" name="h_jac_diff_work_as_expected"/>
    <testcase time="0.00200000000000067" classname="treatment_effect" name="h_jac_diff_work_as_expected"/>
    <testcase time="0.00600000000000023" classname="treatment_effect" name="h_risk_ratio_works_as_expected"/>
    <testcase time="0.00299999999999834" classname="treatment_effect" name="h_risk_ratio_works_as_expected"/>
    <testcase time="0.00700000000000145" classname="treatment_effect" name="h_jac_risk_ratio_work_as_expected"/>
    <testcase time="0.00399999999999956" classname="treatment_effect" name="h_jac_risk_ratio_work_as_expected"/>
    <testcase time="0.00600000000000023" classname="treatment_effect" name="h_odds_ratio_works_as_expected"/>
    <testcase time="0.00300000000000011" classname="treatment_effect" name="h_odds_ratio_works_as_expected"/>
    <testcase time="0.00699999999999967" classname="treatment_effect" name="h_jac_odds_ratio_work_as_expected"/>
    <testcase time="0.00399999999999956" classname="treatment_effect" name="h_jac_odds_ratio_work_as_expected"/>
    <testcase time="0.00500000000000078" classname="treatment_effect" name="h_log_risk_ratio_works_as_expected"/>
    <testcase time="0.00300000000000011" classname="treatment_effect" name="h_log_risk_ratio_works_as_expected"/>
    <testcase time="0.00600000000000023" classname="treatment_effect" name="h_jac_risk_ratio_work_as_expected"/>
    <testcase time="0.00199999999999889" classname="treatment_effect" name="h_jac_risk_ratio_work_as_expected"/>
    <testcase time="0.00699999999999967" classname="treatment_effect" name="h_log_odds_ratio_works_as_expected"/>
    <testcase time="0.00300000000000011" classname="treatment_effect" name="h_log_odds_ratio_works_as_expected"/>
    <testcase time="0.00600000000000023" classname="treatment_effect" name="h_jac_log_odds_ratio_work_as_expected"/>
    <testcase time="0.00300000000000011" classname="treatment_effect" name="h_jac_log_odds_ratio_work_as_expected"/>
    <testcase time="0.00699999999999967" classname="treatment_effect" name="eff_jacob_works_as_expected"/>
    <testcase time="0.00400000000000134" classname="treatment_effect" name="eff_jacob_works_as_expected"/>
    <testcase time="0.00499999999999901" classname="treatment_effect" name="eff_jacob_works_as_expected"/>
    <testcase time="0.00399999999999956" classname="treatment_effect" name="eff_jacob_works_as_expected"/>
    <testcase time="0.00500000000000078" classname="treatment_effect" name="eff_jacob_works_as_expected"/>
    <testcase time="0.00999999999999979" classname="treatment_effect" name="treatment_effect_works_as_expected"/>
    <testcase time="0.00399999999999956" classname="treatment_effect" name="treatment_effect_works_as_expected"/>
    <testcase time="0.00300000000000011" classname="treatment_effect" name="treatment_effect_works_as_expected"/>
    <testcase time="0.00500000000000078" classname="treatment_effect" name="treatment_effect_works_as_expected"/>
    <testcase time="0.00499999999999901" classname="treatment_effect" name="treatment_effect_works_as_expected"/>
    <testcase time="0.00600000000000023" classname="treatment_effect" name="treatment_effect_works_as_expected"/>
    <testcase time="0.00500000000000078" classname="treatment_effect" name="treatment_effect_works_as_expected"/>
    <testcase time="0.00399999999999956" classname="treatment_effect" name="treatment_effect_works_as_expected"/>
    <testcase time="0.00600000000000023" classname="treatment_effect" name="treatment_effect_works_as_expected"/>
    <testcase time="0.00499999999999901" classname="treatment_effect" name="treatment_effect_works_as_expected"/>
    <testcase time="0.00500000000000078" classname="treatment_effect" name="treatment_effect_works_as_expected"/>
    <testcase time="0.0139999999999993" classname="treatment_effect" name="treatment_effect_works_as_expected_for_custom_contrast"/>
    <testcase time="0.0550000000000015" classname="treatment_effect" name="treatment_effect_works_for_lm_glm_object">
      <skipped message="Reason: On CRAN ('test-treatment_effect.R:256:1')"/>
    </testcase>
    <testcase time="0.0539999999999985" classname="treatment_effect" name="treatment_effect_works_if_variance_is_not_used">
      <skipped message="Reason: On CRAN ('test-treatment_effect.R:261:1')"/>
    </testcase>
    <testcase time="0.0530000000000008" classname="treatment_effect" name="treatment_effect_works_if_pair_is_defined">
      <skipped message="Reason: On CRAN ('test-treatment_effect.R:265:1')"/>
    </testcase>
    <testcase time="0.0470000000000006" classname="treatment_effect" name="confint_method_for_treatment_effect_works_as_expected">
      <skipped message="Reason: On CRAN ('test-treatment_effect.R:276:1')"/>
    </testcase>
  </testsuite>
  <testsuite name="utils" timestamp="2025-12-03T02:37:02Z" hostname="63f7845ce2d6" tests="41" skipped="0" failures="0" errors="0" time="0.216">
    <testcase time="0.0309999999999988" classname="utils" name="h_get_vars_works_for_formula"/>
    <testcase time="0.00500000000000078" classname="utils" name="h_get_vars_works_for_formula"/>
    <testcase time="0.00399999999999956" classname="utils" name="h_get_vars_works_for_formula"/>
    <testcase time="0.0080000000000009" classname="utils" name="h_get_vars_works_for_formula"/>
    <testcase time="0.00799999999999912" classname="utils" name="h_get_vars_works_for_formula"/>
    <testcase time="0.0080000000000009" classname="utils" name="h_get_vars_works_for_formula"/>
    <testcase time="0.00799999999999912" classname="utils" name="h_get_vars_works_for_formula"/>
    <testcase time="0.00699999999999967" classname="utils" name="h_get_vars_works_for_formula"/>
    <testcase time="0.00699999999999967" classname="utils" name="h_get_vars_works_for_formula"/>
    <testcase time="0.00700000000000145" classname="utils" name="h_get_vars_works_for_formula_with_schemas"/>
    <testcase time="0.00199999999999889" classname="utils" name="h_get_vars_works_for_formula_with_schemas"/>
    <testcase time="0.00200000000000067" classname="utils" name="h_get_vars_works_for_formula_with_schemas"/>
    <testcase time="0.00300000000000011" classname="utils" name="h_get_vars_works_for_formula_with_schemas"/>
    <testcase time="0.00199999999999889" classname="utils" name="h_get_vars_works_for_formula_with_schemas"/>
    <testcase time="0.00200000000000067" classname="utils" name="h_get_vars_works_for_formula_with_schemas"/>
    <testcase time="0.00100000000000122" classname="utils" name="h_get_vars_works_for_formula_with_schemas"/>
    <testcase time="0.00300000000000011" classname="utils" name="h_get_vars_works_for_formula_with_schemas"/>
    <testcase time="0.00499999999999901" classname="utils" name="h_get_vars_is_backwards_compatible_for_use_of_sp_instead_of_sr"/>
    <testcase time="0.00300000000000011" classname="utils" name="h_get_vars_is_backwards_compatible_for_use_of_sp_instead_of_sr"/>
    <testcase time="0.00699999999999967" classname="utils" name="h_prep_survival_input_works_with_strata"/>
    <testcase time="0.00699999999999967" classname="utils" name="h_prep_survival_input_works_with_strata"/>
    <testcase time="0.00600000000000023" classname="utils" name="h_prep_survival_input_works_with_multiple_strata"/>
    <testcase time="0.00699999999999967" classname="utils" name="h_prep_survival_input_works_with_multiple_strata"/>
    <testcase time="0.00600000000000023" classname="utils" name="h_prep_survival_input_works_without_strata"/>
    <testcase time="0.00700000000000145" classname="utils" name="h_prep_survival_input_works_without_strata"/>
    <testcase time="0.00599999999999845" classname="utils" name="h_prep_survival_input_works_without_covariates"/>
    <testcase time="0.011000000000001" classname="utils" name="h_prep_survival_input_works_without_covariates"/>
    <testcase time="0.00499999999999901" classname="utils" name="h_prep_survival_input_works_without_covariates_and_without_strata"/>
    <testcase time="0.00600000000000023" classname="utils" name="h_prep_survival_input_works_without_covariates_and_without_strata"/>
    <testcase time="0.00600000000000023" classname="utils" name="h_n_events_per_time_works_as_expected"/>
    <testcase time="0.00200000000000067" classname="utils" name="h_n_events_per_time_works_as_expected"/>
    <testcase time="0.000999999999999446" classname="utils" name="h_n_events_per_time_works_as_expected"/>
    <testcase time="0.00300000000000011" classname="utils" name="h_n_events_per_time_works_as_expected"/>
    <testcase time="0.00200000000000067" classname="utils" name="h_n_events_per_time_works_as_expected"/>
    <testcase time="0.00199999999999889" classname="utils" name="h_n_events_per_time_works_as_expected"/>
    <testcase time="0.00200000000000067" classname="utils" name="h_n_events_per_time_works_as_expected"/>
    <testcase time="0.00499999999999901" classname="utils" name="h_n_events_per_time_works_when_there_are_no_events"/>
    <testcase time="0.00100000000000122" classname="utils" name="h_n_events_per_time_works_when_there_are_no_events"/>
    <testcase time="0.00199999999999889" classname="utils" name="h_n_events_per_time_works_when_there_are_no_events"/>
    <testcase time="0.00100000000000122" classname="utils" name="h_n_events_per_time_works_when_there_are_no_events"/>
    <testcase time="0.00499999999999901" classname="utils" name="sum_vectors_in_list_works_as_expected"/>
  </testsuite>
  <testsuite name="variance" timestamp="2025-12-03T02:37:02Z" hostname="63f7845ce2d6" tests="2" skipped="2" failures="0" errors="0" time="0.143">
    <testcase time="0.048" classname="variance" name="vcovHC_works">
      <skipped message="Reason: On CRAN ('test-variance.R:1:1')"/>
    </testcase>
    <testcase time="0.0950000000000006" classname="variance" name="vcovG_works">
      <skipped message="Reason: On CRAN ('test-variance.R:12:1')"/>
    </testcase>
  </testsuite>
</testsuites>
