<?xml version="1.0" encoding="UTF-8"?>
<!DOCTYPE coverage SYSTEM "https://raw.githubusercontent.com/cobertura/cobertura/master/cobertura/src/site/htdocs/xml/coverage-04.dtd">
<coverage line-rate="0.886889460154242" branch-rate="0" lines-covered="345" lines-valid="389" branches-covered="0" branches-valid="0" complexity="0" version="3.6.4" timestamp="2025-07-23 13:57:16.111583">
  <sources>
    <source>/__w/RobinCar2/RobinCar2/RobinCar2</source>
  </sources>
  <packages>
    <package name="RobinCar2" line-rate="0.886889460154242" branch-rate="0" complexity="0">
      <classes>
        <class name="bias.R" filename="R/bias.R" line-rate="1" branch-rate="0" complexity="0">
          <methods>
            <method name="bias" signature="" line-rate="1" branch-rate="0" complexity="0">
              <lines>
                <line number="10" hits="25" branch="false"/>
                <line number="11" hits="25" branch="false"/>
                <line number="12" hits="25" branch="false"/>
                <line number="13" hits="25" branch="false"/>
                <line number="14" hits="25" branch="false"/>
                <line number="16" hits="25" branch="false"/>
                <line number="18" hits="25" branch="false"/>
                <line number="19" hits="25" branch="false"/>
                <line number="20" hits="25" branch="false"/>
                <line number="21" hits="25" branch="false"/>
                <line number="23" hits="25" branch="false"/>
              </lines>
            </method>
          </methods>
          <lines>
            <line number="10" hits="25" branch="false"/>
            <line number="11" hits="25" branch="false"/>
            <line number="12" hits="25" branch="false"/>
            <line number="13" hits="25" branch="false"/>
            <line number="14" hits="25" branch="false"/>
            <line number="16" hits="25" branch="false"/>
            <line number="18" hits="25" branch="false"/>
            <line number="19" hits="25" branch="false"/>
            <line number="20" hits="25" branch="false"/>
            <line number="21" hits="25" branch="false"/>
            <line number="23" hits="25" branch="false"/>
          </lines>
        </class>
        <class name="find_data.R" filename="R/find_data.R" line-rate="1" branch-rate="0" complexity="0">
          <methods>
            <method name="find_data" signature="" line-rate="1" branch-rate="0" complexity="0">
              <lines>
                <line number="7" hits="12" branch="false"/>
              </lines>
            </method>
            <method name="find_data.glm" signature="" line-rate="1" branch-rate="0" complexity="0">
              <lines>
                <line number="11" hits="11" branch="false"/>
              </lines>
            </method>
            <method name="find_data.lm" signature="" line-rate="1" branch-rate="0" complexity="0">
              <lines>
                <line number="15" hits="1" branch="false"/>
              </lines>
            </method>
          </methods>
          <lines>
            <line number="7" hits="12" branch="false"/>
            <line number="11" hits="11" branch="false"/>
            <line number="15" hits="1" branch="false"/>
          </lines>
        </class>
        <class name="predict_couterfactual.R" filename="R/predict_couterfactual.R" line-rate="0.91304347826087" branch-rate="0" complexity="0">
          <methods>
            <method name="predict_counterfactual" signature="" line-rate="1" branch-rate="0" complexity="0">
              <lines>
                <line number="28" hits="24" branch="false"/>
              </lines>
            </method>
            <method name="predict_counterfactual.lm" signature="" line-rate="0.91044776119403" branch-rate="0" complexity="0">
              <lines>
                <line number="33" hits="24" branch="false"/>
                <line number="34" hits="24" branch="false"/>
                <line number="35" hits="24" branch="false"/>
                <line number="36" hits="24" branch="false"/>
                <line number="37" hits="24" branch="false"/>
                <line number="38" hits="24" branch="false"/>
                <line number="39" hits="24" branch="false"/>
                <line number="40" hits="24" branch="false"/>
                <line number="41" hits="24" branch="false"/>
                <line number="42" hits="24" branch="false"/>
                <line number="43" hits="24" branch="false"/>
                <line number="44" hits="24" branch="false"/>
                <line number="45" hits="24" branch="false"/>
                <line number="46" hits="24" branch="false"/>
                <line number="47" hits="24" branch="false"/>
                <line number="49" hits="24" branch="false"/>
                <line number="50" hits="24" branch="false"/>
                <line number="52" hits="24" branch="false"/>
                <line number="53" hits="24" branch="false"/>
                <line number="54" hits="24" branch="false"/>
                <line number="55" hits="24" branch="false"/>
                <line number="56" hits="24" branch="false"/>
                <line number="57" hits="24" branch="false"/>
                <line number="59" hits="24" branch="false"/>
                <line number="61" hits="24" branch="false"/>
                <line number="62" hits="24" branch="false"/>
                <line number="63" hits="24" branch="false"/>
                <line number="65" hits="24" branch="false"/>
                <line number="66" hits="24" branch="false"/>
                <line number="67" hits="24" branch="false"/>
                <line number="69" hits="24" branch="false"/>
                <line number="70" hits="24" branch="false"/>
                <line number="71" hits="5" branch="false"/>
                <line number="73" hits="24" branch="false"/>
                <line number="75" hits="24" branch="false"/>
                <line number="76" hits="0" branch="false"/>
                <line number="78" hits="24" branch="false"/>
                <line number="83" hits="24" branch="false"/>
                <line number="84" hits="24" branch="false"/>
                <line number="85" hits="24" branch="false"/>
                <line number="86" hits="24" branch="false"/>
                <line number="87" hits="24" branch="false"/>
                <line number="88" hits="24" branch="false"/>
                <line number="89" hits="24" branch="false"/>
                <line number="90" hits="24" branch="false"/>
                <line number="91" hits="24" branch="false"/>
                <line number="92" hits="24" branch="false"/>
                <line number="93" hits="24" branch="false"/>
                <line number="94" hits="24" branch="false"/>
                <line number="95" hits="24" branch="false"/>
                <line number="96" hits="24" branch="false"/>
                <line number="97" hits="24" branch="false"/>
                <line number="98" hits="24" branch="false"/>
                <line number="99" hits="24" branch="false"/>
                <line number="100" hits="24" branch="false"/>
                <line number="101" hits="24" branch="false"/>
                <line number="102" hits="24" branch="false"/>
                <line number="103" hits="24" branch="false"/>
                <line number="104" hits="24" branch="false"/>
                <line number="105" hits="0" branch="false"/>
                <line number="106" hits="0" branch="false"/>
                <line number="107" hits="0" branch="false"/>
                <line number="109" hits="0" branch="false"/>
                <line number="110" hits="0" branch="false"/>
                <line number="112" hits="24" branch="false"/>
                <line number="113" hits="24" branch="false"/>
                <line number="114" hits="24" branch="false"/>
              </lines>
            </method>
            <method name="predict_counterfactual.glm" signature="" line-rate="1" branch-rate="0" complexity="0">
              <lines>
                <line number="119" hits="21" branch="false"/>
              </lines>
            </method>
          </methods>
          <lines>
            <line number="28" hits="24" branch="false"/>
            <line number="33" hits="24" branch="false"/>
            <line number="34" hits="24" branch="false"/>
            <line number="35" hits="24" branch="false"/>
            <line number="36" hits="24" branch="false"/>
            <line number="37" hits="24" branch="false"/>
            <line number="38" hits="24" branch="false"/>
            <line number="39" hits="24" branch="false"/>
            <line number="40" hits="24" branch="false"/>
            <line number="41" hits="24" branch="false"/>
            <line number="42" hits="24" branch="false"/>
            <line number="43" hits="24" branch="false"/>
            <line number="44" hits="24" branch="false"/>
            <line number="45" hits="24" branch="false"/>
            <line number="46" hits="24" branch="false"/>
            <line number="47" hits="24" branch="false"/>
            <line number="49" hits="24" branch="false"/>
            <line number="50" hits="24" branch="false"/>
            <line number="52" hits="24" branch="false"/>
            <line number="53" hits="24" branch="false"/>
            <line number="54" hits="24" branch="false"/>
            <line number="55" hits="24" branch="false"/>
            <line number="56" hits="24" branch="false"/>
            <line number="57" hits="24" branch="false"/>
            <line number="59" hits="24" branch="false"/>
            <line number="61" hits="24" branch="false"/>
            <line number="62" hits="24" branch="false"/>
            <line number="63" hits="24" branch="false"/>
            <line number="65" hits="24" branch="false"/>
            <line number="66" hits="24" branch="false"/>
            <line number="67" hits="24" branch="false"/>
            <line number="69" hits="24" branch="false"/>
            <line number="70" hits="24" branch="false"/>
            <line number="71" hits="5" branch="false"/>
            <line number="73" hits="24" branch="false"/>
            <line number="75" hits="24" branch="false"/>
            <line number="76" hits="0" branch="false"/>
            <line number="78" hits="24" branch="false"/>
            <line number="83" hits="24" branch="false"/>
            <line number="84" hits="24" branch="false"/>
            <line number="85" hits="24" branch="false"/>
            <line number="86" hits="24" branch="false"/>
            <line number="87" hits="24" branch="false"/>
            <line number="88" hits="24" branch="false"/>
            <line number="89" hits="24" branch="false"/>
            <line number="90" hits="24" branch="false"/>
            <line number="91" hits="24" branch="false"/>
            <line number="92" hits="24" branch="false"/>
            <line number="93" hits="24" branch="false"/>
            <line number="94" hits="24" branch="false"/>
            <line number="95" hits="24" branch="false"/>
            <line number="96" hits="24" branch="false"/>
            <line number="97" hits="24" branch="false"/>
            <line number="98" hits="24" branch="false"/>
            <line number="99" hits="24" branch="false"/>
            <line number="100" hits="24" branch="false"/>
            <line number="101" hits="24" branch="false"/>
            <line number="102" hits="24" branch="false"/>
            <line number="103" hits="24" branch="false"/>
            <line number="104" hits="24" branch="false"/>
            <line number="105" hits="0" branch="false"/>
            <line number="106" hits="0" branch="false"/>
            <line number="107" hits="0" branch="false"/>
            <line number="109" hits="0" branch="false"/>
            <line number="110" hits="0" branch="false"/>
            <line number="112" hits="24" branch="false"/>
            <line number="113" hits="24" branch="false"/>
            <line number="114" hits="24" branch="false"/>
            <line number="119" hits="21" branch="false"/>
          </lines>
        </class>
        <class name="prediction_cf.R" filename="R/prediction_cf.R" line-rate="1" branch-rate="0" complexity="0">
          <methods>
            <method name="print.prediction_cf" signature="" line-rate="1" branch-rate="0" complexity="0">
              <lines>
                <line number="12" hits="7" branch="false"/>
                <line number="13" hits="7" branch="false"/>
                <line number="14" hits="7" branch="false"/>
                <line number="15" hits="7" branch="false"/>
                <line number="16" hits="7" branch="false"/>
                <line number="17" hits="7" branch="false"/>
                <line number="18" hits="7" branch="false"/>
                <line number="19" hits="7" branch="false"/>
                <line number="20" hits="7" branch="false"/>
                <line number="21" hits="7" branch="false"/>
                <line number="22" hits="7" branch="false"/>
                <line number="23" hits="7" branch="false"/>
                <line number="24" hits="7" branch="false"/>
                <line number="25" hits="7" branch="false"/>
                <line number="26" hits="7" branch="false"/>
              </lines>
            </method>
            <method name="confint.prediction_cf" signature="" line-rate="1" branch-rate="0" complexity="0">
              <lines>
                <line number="32" hits="7" branch="false"/>
                <line number="33" hits="7" branch="false"/>
                <line number="34" hits="7" branch="false"/>
                <line number="35" hits="7" branch="false"/>
                <line number="36" hits="7" branch="false"/>
                <line number="37" hits="7" branch="false"/>
                <line number="38" hits="7" branch="false"/>
                <line number="39" hits="7" branch="false"/>
                <line number="40" hits="7" branch="false"/>
                <line number="41" hits="7" branch="false"/>
                <line number="42" hits="7" branch="false"/>
                <line number="43" hits="7" branch="false"/>
                <line number="44" hits="7" branch="false"/>
              </lines>
            </method>
          </methods>
          <lines>
            <line number="12" hits="7" branch="false"/>
            <line number="13" hits="7" branch="false"/>
            <line number="14" hits="7" branch="false"/>
            <line number="15" hits="7" branch="false"/>
            <line number="16" hits="7" branch="false"/>
            <line number="17" hits="7" branch="false"/>
            <line number="18" hits="7" branch="false"/>
            <line number="19" hits="7" branch="false"/>
            <line number="20" hits="7" branch="false"/>
            <line number="21" hits="7" branch="false"/>
            <line number="22" hits="7" branch="false"/>
            <line number="23" hits="7" branch="false"/>
            <line number="24" hits="7" branch="false"/>
            <line number="25" hits="7" branch="false"/>
            <line number="26" hits="7" branch="false"/>
            <line number="32" hits="7" branch="false"/>
            <line number="33" hits="7" branch="false"/>
            <line number="34" hits="7" branch="false"/>
            <line number="35" hits="7" branch="false"/>
            <line number="36" hits="7" branch="false"/>
            <line number="37" hits="7" branch="false"/>
            <line number="38" hits="7" branch="false"/>
            <line number="39" hits="7" branch="false"/>
            <line number="40" hits="7" branch="false"/>
            <line number="41" hits="7" branch="false"/>
            <line number="42" hits="7" branch="false"/>
            <line number="43" hits="7" branch="false"/>
            <line number="44" hits="7" branch="false"/>
          </lines>
        </class>
        <class name="robin_glm.R" filename="R/robin_glm.R" line-rate="1" branch-rate="0" complexity="0">
          <methods>
            <method name="robin_glm" signature="" line-rate="1" branch-rate="0" complexity="0">
              <lines>
                <line number="29" hits="10" branch="false"/>
                <line number="32" hits="10" branch="false"/>
                <line number="33" hits="10" branch="false"/>
                <line number="34" hits="10" branch="false"/>
                <line number="35" hits="1" branch="false"/>
                <line number="37" hits="9" branch="false"/>
                <line number="39" hits="10" branch="false"/>
                <line number="40" hits="10" branch="false"/>
                <line number="41" hits="10" branch="false"/>
                <line number="42" hits="10" branch="false"/>
                <line number="43" hits="2" branch="false"/>
                <line number="44" hits="2" branch="false"/>
                <line number="45" hits="2" branch="false"/>
                <line number="46" hits="2" branch="false"/>
                <line number="48" hits="8" branch="false"/>
                <line number="49" hits="8" branch="false"/>
                <line number="52" hits="8" branch="false"/>
                <line number="53" hits="8" branch="false"/>
                <line number="54" hits="7" branch="false"/>
                <line number="55" hits="2" branch="false"/>
                <line number="56" hits="2" branch="false"/>
                <line number="57" hits="2" branch="false"/>
                <line number="58" hits="2" branch="false"/>
                <line number="59" hits="2" branch="false"/>
                <line number="60" hits="2" branch="false"/>
                <line number="62" hits="7" branch="false"/>
                <line number="64" hits="1" branch="false"/>
                <line number="65" hits="1" branch="false"/>
                <line number="66" hits="1" branch="false"/>
                <line number="67" hits="1" branch="false"/>
                <line number="69" hits="1" branch="false"/>
                <line number="70" hits="1" branch="false"/>
                <line number="71" hits="1" branch="false"/>
              </lines>
            </method>
          </methods>
          <lines>
            <line number="29" hits="10" branch="false"/>
            <line number="32" hits="10" branch="false"/>
            <line number="33" hits="10" branch="false"/>
            <line number="34" hits="10" branch="false"/>
            <line number="35" hits="1" branch="false"/>
            <line number="37" hits="9" branch="false"/>
            <line number="39" hits="10" branch="false"/>
            <line number="40" hits="10" branch="false"/>
            <line number="41" hits="10" branch="false"/>
            <line number="42" hits="10" branch="false"/>
            <line number="43" hits="2" branch="false"/>
            <line number="44" hits="2" branch="false"/>
            <line number="45" hits="2" branch="false"/>
            <line number="46" hits="2" branch="false"/>
            <line number="48" hits="8" branch="false"/>
            <line number="49" hits="8" branch="false"/>
            <line number="52" hits="8" branch="false"/>
            <line number="53" hits="8" branch="false"/>
            <line number="54" hits="7" branch="false"/>
            <line number="55" hits="2" branch="false"/>
            <line number="56" hits="2" branch="false"/>
            <line number="57" hits="2" branch="false"/>
            <line number="58" hits="2" branch="false"/>
            <line number="59" hits="2" branch="false"/>
            <line number="60" hits="2" branch="false"/>
            <line number="62" hits="7" branch="false"/>
            <line number="64" hits="1" branch="false"/>
            <line number="65" hits="1" branch="false"/>
            <line number="66" hits="1" branch="false"/>
            <line number="67" hits="1" branch="false"/>
            <line number="69" hits="1" branch="false"/>
            <line number="70" hits="1" branch="false"/>
            <line number="71" hits="1" branch="false"/>
          </lines>
        </class>
        <class name="robin_lm.R" filename="R/robin_lm.R" line-rate="1" branch-rate="0" complexity="0">
          <methods>
            <method name="robin_lm" signature="" line-rate="1" branch-rate="0" complexity="0">
              <lines>
                <line number="21" hits="2" branch="false"/>
                <line number="22" hits="2" branch="false"/>
                <line number="23" hits="2" branch="false"/>
                <line number="24" hits="2" branch="false"/>
                <line number="25" hits="2" branch="false"/>
                <line number="26" hits="2" branch="false"/>
                <line number="27" hits="2" branch="false"/>
                <line number="28" hits="2" branch="false"/>
                <line number="29" hits="1" branch="false"/>
                <line number="30" hits="1" branch="false"/>
                <line number="31" hits="1" branch="false"/>
                <line number="32" hits="1" branch="false"/>
                <line number="34" hits="1" branch="false"/>
                <line number="35" hits="1" branch="false"/>
                <line number="37" hits="1" branch="false"/>
              </lines>
            </method>
            <method name="h_interaction" signature="" line-rate="1" branch-rate="0" complexity="0">
              <lines>
                <line number="41" hits="16" branch="false"/>
                <line number="42" hits="16" branch="false"/>
                <line number="43" hits="16" branch="false"/>
                <line number="44" hits="16" branch="false"/>
                <line number="45" hits="16" branch="false"/>
                <line number="46" hits="16" branch="false"/>
              </lines>
            </method>
          </methods>
          <lines>
            <line number="21" hits="2" branch="false"/>
            <line number="22" hits="2" branch="false"/>
            <line number="23" hits="2" branch="false"/>
            <line number="24" hits="2" branch="false"/>
            <line number="25" hits="2" branch="false"/>
            <line number="26" hits="2" branch="false"/>
            <line number="27" hits="2" branch="false"/>
            <line number="28" hits="2" branch="false"/>
            <line number="29" hits="1" branch="false"/>
            <line number="30" hits="1" branch="false"/>
            <line number="31" hits="1" branch="false"/>
            <line number="32" hits="1" branch="false"/>
            <line number="34" hits="1" branch="false"/>
            <line number="35" hits="1" branch="false"/>
            <line number="37" hits="1" branch="false"/>
            <line number="41" hits="16" branch="false"/>
            <line number="42" hits="16" branch="false"/>
            <line number="43" hits="16" branch="false"/>
            <line number="44" hits="16" branch="false"/>
            <line number="45" hits="16" branch="false"/>
            <line number="46" hits="16" branch="false"/>
          </lines>
        </class>
        <class name="treatment_effect.R" filename="R/treatment_effect.R" line-rate="0.811320754716981" branch-rate="0" complexity="0">
          <methods>
            <method name="treatment_effect" signature="" line-rate="1" branch-rate="0" complexity="0">
              <lines>
                <line number="26" hits="19" branch="false"/>
              </lines>
            </method>
            <method name="treatment_effect.prediction_cf" signature="" line-rate="0.975" branch-rate="0" complexity="0">
              <lines>
                <line number="32" hits="16" branch="false"/>
                <line number="33" hits="16" branch="false"/>
                <line number="34" hits="16" branch="false"/>
                <line number="36" hits="16" branch="false"/>
                <line number="37" hits="16" branch="false"/>
                <line number="38" hits="16" branch="false"/>
                <line number="39" hits="16" branch="false"/>
                <line number="40" hits="16" branch="false"/>
                <line number="43" hits="16" branch="false"/>
                <line number="45" hits="16" branch="false"/>
                <line number="46" hits="0" branch="false"/>
                <line number="48" hits="16" branch="false"/>
                <line number="51" hits="16" branch="false"/>
                <line number="52" hits="16" branch="false"/>
                <line number="53" hits="16" branch="false"/>
                <line number="54" hits="16" branch="false"/>
                <line number="55" hits="16" branch="false"/>
                <line number="56" hits="16" branch="false"/>
                <line number="57" hits="16" branch="false"/>
                <line number="58" hits="16" branch="false"/>
                <line number="59" hits="16" branch="false"/>
                <line number="60" hits="16" branch="false"/>
                <line number="61" hits="16" branch="false"/>
                <line number="62" hits="16" branch="false"/>
                <line number="63" hits="16" branch="false"/>
                <line number="64" hits="16" branch="false"/>
                <line number="65" hits="16" branch="false"/>
                <line number="66" hits="16" branch="false"/>
                <line number="67" hits="16" branch="false"/>
                <line number="68" hits="16" branch="false"/>
                <line number="69" hits="16" branch="false"/>
                <line number="70" hits="16" branch="false"/>
                <line number="71" hits="16" branch="false"/>
                <line number="72" hits="16" branch="false"/>
                <line number="73" hits="16" branch="false"/>
                <line number="74" hits="16" branch="false"/>
                <line number="75" hits="16" branch="false"/>
                <line number="76" hits="16" branch="false"/>
                <line number="77" hits="16" branch="false"/>
                <line number="78" hits="16" branch="false"/>
              </lines>
            </method>
            <method name="treatment_effect.lm" signature="" line-rate="0" branch-rate="0" complexity="0">
              <lines>
                <line number="87" hits="0" branch="false"/>
                <line number="88" hits="0" branch="false"/>
                <line number="89" hits="0" branch="false"/>
                <line number="91" hits="0" branch="false"/>
              </lines>
            </method>
            <method name="treatment_effect.glm" signature="" line-rate="1" branch-rate="0" complexity="0">
              <lines>
                <line number="98" hits="3" branch="false"/>
                <line number="99" hits="3" branch="false"/>
                <line number="100" hits="2" branch="false"/>
                <line number="102" hits="3" branch="false"/>
              </lines>
            </method>
            <method name="difference" signature="" line-rate="1" branch-rate="0" complexity="0">
              <lines>
                <line number="107" hits="5" branch="false"/>
              </lines>
            </method>
            <method name="risk_ratio" signature="" line-rate="1" branch-rate="0" complexity="0">
              <lines>
                <line number="111" hits="2" branch="false"/>
              </lines>
            </method>
            <method name="odds_ratio" signature="" line-rate="1" branch-rate="0" complexity="0">
              <lines>
                <line number="115" hits="2" branch="false"/>
              </lines>
            </method>
            <method name="log_risk_ratio" signature="" line-rate="1" branch-rate="0" complexity="0">
              <lines>
                <line number="120" hits="1" branch="false"/>
              </lines>
            </method>
            <method name="log_odds_ratio" signature="" line-rate="1" branch-rate="0" complexity="0">
              <lines>
                <line number="124" hits="1" branch="false"/>
              </lines>
            </method>
            <method name="h_diff" signature="" line-rate="1" branch-rate="0" complexity="0">
              <lines>
                <line number="136" hits="92" branch="false"/>
                <line number="137" hits="92" branch="false"/>
                <line number="138" hits="92" branch="false"/>
              </lines>
            </method>
            <method name="h_jac_diff" signature="" line-rate="1" branch-rate="0" complexity="0">
              <lines>
                <line number="144" hits="7" branch="false"/>
                <line number="145" hits="7" branch="false"/>
                <line number="146" hits="7" branch="false"/>
                <line number="147" hits="7" branch="false"/>
              </lines>
            </method>
            <method name="h_ratio" signature="" line-rate="1" branch-rate="0" complexity="0">
              <lines>
                <line number="153" hits="16" branch="false"/>
                <line number="154" hits="16" branch="false"/>
                <line number="155" hits="16" branch="false"/>
              </lines>
            </method>
            <method name="h_jac_ratio" signature="" line-rate="1" branch-rate="0" complexity="0">
              <lines>
                <line number="161" hits="4" branch="false"/>
                <line number="162" hits="4" branch="false"/>
                <line number="163" hits="4" branch="false"/>
              </lines>
            </method>
            <method name="h_odds_ratio" signature="" line-rate="1" branch-rate="0" complexity="0">
              <lines>
                <line number="169" hits="8" branch="false"/>
                <line number="170" hits="8" branch="false"/>
                <line number="171" hits="8" branch="false"/>
              </lines>
            </method>
            <method name="h_jac_odds_ratio" signature="" line-rate="1" branch-rate="0" complexity="0">
              <lines>
                <line number="177" hits="4" branch="false"/>
                <line number="178" hits="4" branch="false"/>
                <line number="179" hits="4" branch="false"/>
              </lines>
            </method>
            <method name="h_log_ratio" signature="" line-rate="1" branch-rate="0" complexity="0">
              <lines>
                <line number="185" hits="2" branch="false"/>
              </lines>
            </method>
            <method name="h_jac_log_ratio" signature="" line-rate="1" branch-rate="0" complexity="0">
              <lines>
                <line number="191" hits="1" branch="false"/>
              </lines>
            </method>
            <method name="h_log_odds_ratio" signature="" line-rate="1" branch-rate="0" complexity="0">
              <lines>
                <line number="197" hits="2" branch="false"/>
              </lines>
            </method>
            <method name="h_jac_log_odds_ratio" signature="" line-rate="1" branch-rate="0" complexity="0">
              <lines>
                <line number="203" hits="1" branch="false"/>
                <line number="204" hits="1" branch="false"/>
                <line number="205" hits="1" branch="false"/>
              </lines>
            </method>
            <method name="eff_jacob" signature="" line-rate="1" branch-rate="0" complexity="0">
              <lines>
                <line number="212" hits="5" branch="false"/>
                <line number="213" hits="5" branch="false"/>
                <line number="214" hits="5" branch="false"/>
                <line number="215" hits="5" branch="false"/>
                <line number="216" hits="5" branch="false"/>
                <line number="217" hits="5" branch="false"/>
                <line number="218" hits="5" branch="false"/>
              </lines>
            </method>
            <method name="print.treatment_effect" signature="" line-rate="1" branch-rate="0" complexity="0">
              <lines>
                <line number="223" hits="3" branch="false"/>
                <line number="224" hits="3" branch="false"/>
                <line number="225" hits="3" branch="false"/>
                <line number="226" hits="3" branch="false"/>
                <line number="227" hits="3" branch="false"/>
              </lines>
            </method>
            <method name="confint.treatment_effect" signature="" line-rate="0" branch-rate="0" complexity="0">
              <lines>
                <line number="235" hits="0" branch="false"/>
                <line number="236" hits="0" branch="false"/>
                <line number="237" hits="0" branch="false"/>
                <line number="238" hits="0" branch="false"/>
                <line number="239" hits="0" branch="false"/>
                <line number="240" hits="0" branch="false"/>
                <line number="241" hits="0" branch="false"/>
                <line number="242" hits="0" branch="false"/>
                <line number="243" hits="0" branch="false"/>
                <line number="244" hits="0" branch="false"/>
                <line number="245" hits="0" branch="false"/>
                <line number="246" hits="0" branch="false"/>
                <line number="247" hits="0" branch="false"/>
                <line number="249" hits="0" branch="false"/>
                <line number="252" hits="0" branch="false"/>
              </lines>
            </method>
          </methods>
          <lines>
            <line number="26" hits="19" branch="false"/>
            <line number="32" hits="16" branch="false"/>
            <line number="33" hits="16" branch="false"/>
            <line number="34" hits="16" branch="false"/>
            <line number="36" hits="16" branch="false"/>
            <line number="37" hits="16" branch="false"/>
            <line number="38" hits="16" branch="false"/>
            <line number="39" hits="16" branch="false"/>
            <line number="40" hits="16" branch="false"/>
            <line number="43" hits="16" branch="false"/>
            <line number="45" hits="16" branch="false"/>
            <line number="46" hits="0" branch="false"/>
            <line number="48" hits="16" branch="false"/>
            <line number="51" hits="16" branch="false"/>
            <line number="52" hits="16" branch="false"/>
            <line number="53" hits="16" branch="false"/>
            <line number="54" hits="16" branch="false"/>
            <line number="55" hits="16" branch="false"/>
            <line number="56" hits="16" branch="false"/>
            <line number="57" hits="16" branch="false"/>
            <line number="58" hits="16" branch="false"/>
            <line number="59" hits="16" branch="false"/>
            <line number="60" hits="16" branch="false"/>
            <line number="61" hits="16" branch="false"/>
            <line number="62" hits="16" branch="false"/>
            <line number="63" hits="16" branch="false"/>
            <line number="64" hits="16" branch="false"/>
            <line number="65" hits="16" branch="false"/>
            <line number="66" hits="16" branch="false"/>
            <line number="67" hits="16" branch="false"/>
            <line number="68" hits="16" branch="false"/>
            <line number="69" hits="16" branch="false"/>
            <line number="70" hits="16" branch="false"/>
            <line number="71" hits="16" branch="false"/>
            <line number="72" hits="16" branch="false"/>
            <line number="73" hits="16" branch="false"/>
            <line number="74" hits="16" branch="false"/>
            <line number="75" hits="16" branch="false"/>
            <line number="76" hits="16" branch="false"/>
            <line number="77" hits="16" branch="false"/>
            <line number="78" hits="16" branch="false"/>
            <line number="87" hits="0" branch="false"/>
            <line number="88" hits="0" branch="false"/>
            <line number="89" hits="0" branch="false"/>
            <line number="91" hits="0" branch="false"/>
            <line number="98" hits="3" branch="false"/>
            <line number="99" hits="3" branch="false"/>
            <line number="100" hits="2" branch="false"/>
            <line number="102" hits="3" branch="false"/>
            <line number="107" hits="5" branch="false"/>
            <line number="111" hits="2" branch="false"/>
            <line number="115" hits="2" branch="false"/>
            <line number="120" hits="1" branch="false"/>
            <line number="124" hits="1" branch="false"/>
            <line number="136" hits="92" branch="false"/>
            <line number="137" hits="92" branch="false"/>
            <line number="138" hits="92" branch="false"/>
            <line number="144" hits="7" branch="false"/>
            <line number="145" hits="7" branch="false"/>
            <line number="146" hits="7" branch="false"/>
            <line number="147" hits="7" branch="false"/>
            <line number="153" hits="16" branch="false"/>
            <line number="154" hits="16" branch="false"/>
            <line number="155" hits="16" branch="false"/>
            <line number="161" hits="4" branch="false"/>
            <line number="162" hits="4" branch="false"/>
            <line number="163" hits="4" branch="false"/>
            <line number="169" hits="8" branch="false"/>
            <line number="170" hits="8" branch="false"/>
            <line number="171" hits="8" branch="false"/>
            <line number="177" hits="4" branch="false"/>
            <line number="178" hits="4" branch="false"/>
            <line number="179" hits="4" branch="false"/>
            <line number="185" hits="2" branch="false"/>
            <line number="191" hits="1" branch="false"/>
            <line number="197" hits="2" branch="false"/>
            <line number="203" hits="1" branch="false"/>
            <line number="204" hits="1" branch="false"/>
            <line number="205" hits="1" branch="false"/>
            <line number="212" hits="5" branch="false"/>
            <line number="213" hits="5" branch="false"/>
            <line number="214" hits="5" branch="false"/>
            <line number="215" hits="5" branch="false"/>
            <line number="216" hits="5" branch="false"/>
            <line number="217" hits="5" branch="false"/>
            <line number="218" hits="5" branch="false"/>
            <line number="223" hits="3" branch="false"/>
            <line number="224" hits="3" branch="false"/>
            <line number="225" hits="3" branch="false"/>
            <line number="226" hits="3" branch="false"/>
            <line number="227" hits="3" branch="false"/>
            <line number="235" hits="0" branch="false"/>
            <line number="236" hits="0" branch="false"/>
            <line number="237" hits="0" branch="false"/>
            <line number="238" hits="0" branch="false"/>
            <line number="239" hits="0" branch="false"/>
            <line number="240" hits="0" branch="false"/>
            <line number="241" hits="0" branch="false"/>
            <line number="242" hits="0" branch="false"/>
            <line number="243" hits="0" branch="false"/>
            <line number="244" hits="0" branch="false"/>
            <line number="245" hits="0" branch="false"/>
            <line number="246" hits="0" branch="false"/>
            <line number="247" hits="0" branch="false"/>
            <line number="249" hits="0" branch="false"/>
            <line number="252" hits="0" branch="false"/>
          </lines>
        </class>
        <class name="utils.R" filename="R/utils.R" line-rate="1" branch-rate="0" complexity="0">
          <methods>
            <method name="h_get_vars" signature="" line-rate="1" branch-rate="0" complexity="0">
              <lines>
                <line number="18" hits="51" branch="false"/>
                <line number="19" hits="49" branch="false"/>
                <line number="20" hits="1" branch="false"/>
                <line number="22" hits="48" branch="false"/>
                <line number="23" hits="2" branch="false"/>
                <line number="25" hits="46" branch="false"/>
                <line number="26" hits="46" branch="false"/>
                <line number="27" hits="46" branch="false"/>
                <line number="28" hits="46" branch="false"/>
                <line number="29" hits="1" branch="false"/>
                <line number="30" hits="45" branch="false"/>
                <line number="31" hits="43" branch="false"/>
                <line number="33" hits="45" branch="false"/>
                <line number="34" hits="45" branch="false"/>
                <line number="35" hits="45" branch="false"/>
                <line number="36" hits="45" branch="false"/>
                <line number="37" hits="45" branch="false"/>
                <line number="38" hits="45" branch="false"/>
              </lines>
            </method>
            <method name="block_sum" signature="" line-rate="1" branch-rate="0" complexity="0">
              <lines>
                <line number="44" hits="1" branch="false"/>
                <line number="45" hits="1" branch="false"/>
                <line number="46" hits="1" branch="false"/>
              </lines>
            </method>
            <method name="pairwise" signature="" line-rate="1" branch-rate="0" complexity="0">
              <lines>
                <line number="52" hits="15" branch="false"/>
                <line number="53" hits="15" branch="false"/>
                <line number="54" hits="15" branch="false"/>
                <line number="55" hits="15" branch="false"/>
                <line number="56" hits="15" branch="false"/>
                <line number="57" hits="15" branch="false"/>
              </lines>
            </method>
            <method name="against_ref" signature="" line-rate="1" branch-rate="0" complexity="0">
              <lines>
                <line number="63" hits="1" branch="false"/>
                <line number="64" hits="1" branch="false"/>
                <line number="65" hits="1" branch="false"/>
                <line number="66" hits="1" branch="false"/>
                <line number="67" hits="1" branch="false"/>
              </lines>
            </method>
            <method name="custom_contrast" signature="" line-rate="1" branch-rate="0" complexity="0">
              <lines>
                <line number="82" hits="32" branch="false"/>
                <line number="83" hits="32" branch="false"/>
                <line number="84" hits="16" branch="false"/>
                <line number="86" hits="16" branch="false"/>
                <line number="87" hits="16" branch="false"/>
                <line number="89" hits="32" branch="false"/>
                <line number="90" hits="16" branch="false"/>
                <line number="92" hits="16" branch="false"/>
                <line number="93" hits="16" branch="false"/>
                <line number="95" hits="32" branch="false"/>
                <line number="96" hits="32" branch="false"/>
                <line number="97" hits="32" branch="false"/>
                <line number="98" hits="32" branch="false"/>
                <line number="99" hits="32" branch="false"/>
                <line number="100" hits="32" branch="false"/>
                <line number="101" hits="32" branch="false"/>
                <line number="102" hits="32" branch="false"/>
                <line number="103" hits="32" branch="false"/>
              </lines>
            </method>
            <method name="update_levels" signature="" line-rate="1" branch-rate="0" complexity="0">
              <lines>
                <line number="109" hits="16" branch="false"/>
                <line number="110" hits="16" branch="false"/>
                <line number="111" hits="16" branch="false"/>
                <line number="112" hits="16" branch="false"/>
                <line number="113" hits="16" branch="false"/>
                <line number="114" hits="16" branch="false"/>
                <line number="115" hits="16" branch="false"/>
                <line number="116" hits="16" branch="false"/>
              </lines>
            </method>
            <method name="jac_mat" signature="" line-rate="1" branch-rate="0" complexity="0">
              <lines>
                <line number="122" hits="16" branch="false"/>
                <line number="123" hits="16" branch="false"/>
                <line number="124" hits="16" branch="false"/>
                <line number="125" hits="16" branch="false"/>
                <line number="126" hits="16" branch="false"/>
                <line number="127" hits="16" branch="false"/>
              </lines>
            </method>
          </methods>
          <lines>
            <line number="18" hits="51" branch="false"/>
            <line number="19" hits="49" branch="false"/>
            <line number="20" hits="1" branch="false"/>
            <line number="22" hits="48" branch="false"/>
            <line number="23" hits="2" branch="false"/>
            <line number="25" hits="46" branch="false"/>
            <line number="26" hits="46" branch="false"/>
            <line number="27" hits="46" branch="false"/>
            <line number="28" hits="46" branch="false"/>
            <line number="29" hits="1" branch="false"/>
            <line number="30" hits="45" branch="false"/>
            <line number="31" hits="43" branch="false"/>
            <line number="33" hits="45" branch="false"/>
            <line number="34" hits="45" branch="false"/>
            <line number="35" hits="45" branch="false"/>
            <line number="36" hits="45" branch="false"/>
            <line number="37" hits="45" branch="false"/>
            <line number="38" hits="45" branch="false"/>
            <line number="44" hits="1" branch="false"/>
            <line number="45" hits="1" branch="false"/>
            <line number="46" hits="1" branch="false"/>
            <line number="52" hits="15" branch="false"/>
            <line number="53" hits="15" branch="false"/>
            <line number="54" hits="15" branch="false"/>
            <line number="55" hits="15" branch="false"/>
            <line number="56" hits="15" branch="false"/>
            <line number="57" hits="15" branch="false"/>
            <line number="63" hits="1" branch="false"/>
            <line number="64" hits="1" branch="false"/>
            <line number="65" hits="1" branch="false"/>
            <line number="66" hits="1" branch="false"/>
            <line number="67" hits="1" branch="false"/>
            <line number="82" hits="32" branch="false"/>
            <line number="83" hits="32" branch="false"/>
            <line number="84" hits="16" branch="false"/>
            <line number="86" hits="16" branch="false"/>
            <line number="87" hits="16" branch="false"/>
            <line number="89" hits="32" branch="false"/>
            <line number="90" hits="16" branch="false"/>
            <line number="92" hits="16" branch="false"/>
            <line number="93" hits="16" branch="false"/>
            <line number="95" hits="32" branch="false"/>
            <line number="96" hits="32" branch="false"/>
            <line number="97" hits="32" branch="false"/>
            <line number="98" hits="32" branch="false"/>
            <line number="99" hits="32" branch="false"/>
            <line number="100" hits="32" branch="false"/>
            <line number="101" hits="32" branch="false"/>
            <line number="102" hits="32" branch="false"/>
            <line number="103" hits="32" branch="false"/>
            <line number="109" hits="16" branch="false"/>
            <line number="110" hits="16" branch="false"/>
            <line number="111" hits="16" branch="false"/>
            <line number="112" hits="16" branch="false"/>
            <line number="113" hits="16" branch="false"/>
            <line number="114" hits="16" branch="false"/>
            <line number="115" hits="16" branch="false"/>
            <line number="116" hits="16" branch="false"/>
            <line number="122" hits="16" branch="false"/>
            <line number="123" hits="16" branch="false"/>
            <line number="124" hits="16" branch="false"/>
            <line number="125" hits="16" branch="false"/>
            <line number="126" hits="16" branch="false"/>
            <line number="127" hits="16" branch="false"/>
          </lines>
        </class>
        <class name="variance_anhecova.R" filename="R/variance_anhecova.R" line-rate="0.590909090909091" branch-rate="0" complexity="0">
          <methods>
            <method name="vcovG" signature="" line-rate="0.952380952380952" branch-rate="0" complexity="0">
              <lines>
                <line number="10" hits="25" branch="false"/>
                <line number="11" hits="25" branch="false"/>
                <line number="12" hits="25" branch="false"/>
                <line number="13" hits="25" branch="false"/>
                <line number="14" hits="25" branch="false"/>
                <line number="15" hits="25" branch="false"/>
                <line number="16" hits="25" branch="false"/>
                <line number="17" hits="25" branch="false"/>
                <line number="18" hits="25" branch="false"/>
                <line number="19" hits="25" branch="false"/>
                <line number="20" hits="25" branch="false"/>
                <line number="22" hits="25" branch="false"/>
                <line number="23" hits="25" branch="false"/>
                <line number="25" hits="25" branch="false"/>
                <line number="26" hits="25" branch="false"/>
                <line number="28" hits="0" branch="false"/>
                <line number="31" hits="25" branch="false"/>
                <line number="32" hits="25" branch="false"/>
                <line number="33" hits="25" branch="false"/>
                <line number="34" hits="25" branch="false"/>
                <line number="35" hits="25" branch="false"/>
              </lines>
            </method>
            <method name="h_adjust_pi" signature="" line-rate="0" branch-rate="0" complexity="0">
              <lines>
                <line number="43" hits="0" branch="false"/>
                <line number="44" hits="0" branch="false"/>
              </lines>
            </method>
            <method name="h_get_erb" signature="" line-rate="0.285714285714286" branch-rate="0" complexity="0">
              <lines>
                <line number="55" hits="25" branch="false"/>
                <line number="56" hits="25" branch="false"/>
                <line number="57" hits="5" branch="false"/>
                <line number="59" hits="20" branch="false"/>
                <line number="60" hits="20" branch="false"/>
                <line number="61" hits="20" branch="false"/>
                <line number="63" hits="0" branch="false"/>
                <line number="64" hits="0" branch="false"/>
                <line number="65" hits="0" branch="false"/>
                <line number="67" hits="0" branch="false"/>
                <line number="68" hits="0" branch="false"/>
                <line number="69" hits="0" branch="false"/>
                <line number="70" hits="0" branch="false"/>
                <line number="71" hits="0" branch="false"/>
                <line number="72" hits="0" branch="false"/>
                <line number="73" hits="0" branch="false"/>
                <line number="74" hits="0" branch="false"/>
                <line number="75" hits="0" branch="false"/>
                <line number="76" hits="0" branch="false"/>
                <line number="77" hits="0" branch="false"/>
                <line number="78" hits="0" branch="false"/>
              </lines>
            </method>
          </methods>
          <lines>
            <line number="10" hits="25" branch="false"/>
            <line number="11" hits="25" branch="false"/>
            <line number="12" hits="25" branch="false"/>
            <line number="13" hits="25" branch="false"/>
            <line number="14" hits="25" branch="false"/>
            <line number="15" hits="25" branch="false"/>
            <line number="16" hits="25" branch="false"/>
            <line number="17" hits="25" branch="false"/>
            <line number="18" hits="25" branch="false"/>
            <line number="19" hits="25" branch="false"/>
            <line number="20" hits="25" branch="false"/>
            <line number="22" hits="25" branch="false"/>
            <line number="23" hits="25" branch="false"/>
            <line number="25" hits="25" branch="false"/>
            <line number="26" hits="25" branch="false"/>
            <line number="28" hits="0" branch="false"/>
            <line number="31" hits="25" branch="false"/>
            <line number="32" hits="25" branch="false"/>
            <line number="33" hits="25" branch="false"/>
            <line number="34" hits="25" branch="false"/>
            <line number="35" hits="25" branch="false"/>
            <line number="43" hits="0" branch="false"/>
            <line number="44" hits="0" branch="false"/>
            <line number="55" hits="25" branch="false"/>
            <line number="56" hits="25" branch="false"/>
            <line number="57" hits="5" branch="false"/>
            <line number="59" hits="20" branch="false"/>
            <line number="60" hits="20" branch="false"/>
            <line number="61" hits="20" branch="false"/>
            <line number="63" hits="0" branch="false"/>
            <line number="64" hits="0" branch="false"/>
            <line number="65" hits="0" branch="false"/>
            <line number="67" hits="0" branch="false"/>
            <line number="68" hits="0" branch="false"/>
            <line number="69" hits="0" branch="false"/>
            <line number="70" hits="0" branch="false"/>
            <line number="71" hits="0" branch="false"/>
            <line number="72" hits="0" branch="false"/>
            <line number="73" hits="0" branch="false"/>
            <line number="74" hits="0" branch="false"/>
            <line number="75" hits="0" branch="false"/>
            <line number="76" hits="0" branch="false"/>
            <line number="77" hits="0" branch="false"/>
            <line number="78" hits="0" branch="false"/>
          </lines>
        </class>
        <class name="variance_hc.R" filename="R/variance_hc.R" line-rate="1" branch-rate="0" complexity="0">
          <methods>
            <method name="vcovHC" signature="" line-rate="1" branch-rate="0" complexity="0">
              <lines>
                <line number="10" hits="1" branch="false"/>
                <line number="11" hits="1" branch="false"/>
                <line number="12" hits="1" branch="false"/>
                <line number="13" hits="1" branch="false"/>
                <line number="14" hits="1" branch="false"/>
                <line number="15" hits="1" branch="false"/>
                <line number="16" hits="1" branch="false"/>
                <line number="17" hits="1" branch="false"/>
                <line number="18" hits="1" branch="false"/>
                <line number="19" hits="1" branch="false"/>
              </lines>
            </method>
          </methods>
          <lines>
            <line number="10" hits="1" branch="false"/>
            <line number="11" hits="1" branch="false"/>
            <line number="12" hits="1" branch="false"/>
            <line number="13" hits="1" branch="false"/>
            <line number="14" hits="1" branch="false"/>
            <line number="15" hits="1" branch="false"/>
            <line number="16" hits="1" branch="false"/>
            <line number="17" hits="1" branch="false"/>
            <line number="18" hits="1" branch="false"/>
            <line number="19" hits="1" branch="false"/>
          </lines>
        </class>
      </classes>
    </package>
  </packages>
</coverage>
