<?xml version="1.0" encoding="UTF-8"?>
<!DOCTYPE coverage SYSTEM "https://raw.githubusercontent.com/cobertura/cobertura/master/cobertura/src/site/htdocs/xml/coverage-04.dtd">
<coverage line-rate="0.974811083123426" branch-rate="0" lines-covered="1161" lines-valid="1191" branches-covered="0" branches-valid="0" complexity="0" version="3.6.4" timestamp="2025-11-11 14:24:00.575672">
  <sources>
    <source>/__w/RobinCar2/RobinCar2/RobinCar2</source>
  </sources>
  <packages>
    <package name="RobinCar2" line-rate="0.974811083123426" branch-rate="0" complexity="0">
      <classes>
        <class name="bias.R" filename="R/bias.R" line-rate="1" branch-rate="0" complexity="0">
          <methods>
            <method name="bias" signature="" line-rate="1" branch-rate="0" complexity="0">
              <lines>
                <line number="10" hits="28" branch="false"/>
                <line number="11" hits="28" branch="false"/>
                <line number="12" hits="28" branch="false"/>
                <line number="13" hits="28" branch="false"/>
                <line number="14" hits="28" branch="false"/>
                <line number="16" hits="28" branch="false"/>
                <line number="18" hits="28" branch="false"/>
                <line number="19" hits="28" branch="false"/>
                <line number="20" hits="28" branch="false"/>
                <line number="21" hits="28" branch="false"/>
                <line number="23" hits="28" branch="false"/>
              </lines>
            </method>
          </methods>
          <lines>
            <line number="10" hits="28" branch="false"/>
            <line number="11" hits="28" branch="false"/>
            <line number="12" hits="28" branch="false"/>
            <line number="13" hits="28" branch="false"/>
            <line number="14" hits="28" branch="false"/>
            <line number="16" hits="28" branch="false"/>
            <line number="18" hits="28" branch="false"/>
            <line number="19" hits="28" branch="false"/>
            <line number="20" hits="28" branch="false"/>
            <line number="21" hits="28" branch="false"/>
            <line number="23" hits="28" branch="false"/>
          </lines>
        </class>
        <class name="find_data.R" filename="R/find_data.R" line-rate="1" branch-rate="0" complexity="0">
          <methods>
            <method name="find_data" signature="" line-rate="1" branch-rate="0" complexity="0">
              <lines>
                <line number="7" hits="14" branch="false"/>
              </lines>
            </method>
            <method name="find_data.glm" signature="" line-rate="1" branch-rate="0" complexity="0">
              <lines>
                <line number="11" hits="13" branch="false"/>
              </lines>
            </method>
            <method name="find_data.lm" signature="" line-rate="1" branch-rate="0" complexity="0">
              <lines>
                <line number="15" hits="1" branch="false"/>
              </lines>
            </method>
          </methods>
          <lines>
            <line number="7" hits="14" branch="false"/>
            <line number="11" hits="13" branch="false"/>
            <line number="15" hits="1" branch="false"/>
          </lines>
        </class>
        <class name="predict_couterfactual.R" filename="R/predict_couterfactual.R" line-rate="0.961038961038961" branch-rate="0" complexity="0">
          <methods>
            <method name="predict_counterfactual" signature="" line-rate="1" branch-rate="0" complexity="0">
              <lines>
                <line number="28" hits="27" branch="false"/>
              </lines>
            </method>
            <method name="predict_counterfactual.lm" signature="" line-rate="0.955882352941177" branch-rate="0" complexity="0">
              <lines>
                <line number="33" hits="27" branch="false"/>
                <line number="34" hits="27" branch="false"/>
                <line number="35" hits="27" branch="false"/>
                <line number="36" hits="27" branch="false"/>
                <line number="37" hits="27" branch="false"/>
                <line number="38" hits="27" branch="false"/>
                <line number="39" hits="27" branch="false"/>
                <line number="40" hits="27" branch="false"/>
                <line number="41" hits="27" branch="false"/>
                <line number="42" hits="27" branch="false"/>
                <line number="43" hits="27" branch="false"/>
                <line number="44" hits="27" branch="false"/>
                <line number="45" hits="27" branch="false"/>
                <line number="46" hits="27" branch="false"/>
                <line number="47" hits="27" branch="false"/>
                <line number="49" hits="27" branch="false"/>
                <line number="50" hits="27" branch="false"/>
                <line number="52" hits="27" branch="false"/>
                <line number="53" hits="27" branch="false"/>
                <line number="54" hits="27" branch="false"/>
                <line number="55" hits="27" branch="false"/>
                <line number="56" hits="27" branch="false"/>
                <line number="57" hits="27" branch="false"/>
                <line number="59" hits="27" branch="false"/>
                <line number="61" hits="27" branch="false"/>
                <line number="62" hits="27" branch="false"/>
                <line number="63" hits="27" branch="false"/>
                <line number="65" hits="27" branch="false"/>
                <line number="66" hits="27" branch="false"/>
                <line number="67" hits="27" branch="false"/>
                <line number="69" hits="27" branch="false"/>
                <line number="70" hits="27" branch="false"/>
                <line number="71" hits="6" branch="false"/>
                <line number="73" hits="27" branch="false"/>
                <line number="75" hits="27" branch="false"/>
                <line number="76" hits="0" branch="false"/>
                <line number="78" hits="27" branch="false"/>
                <line number="83" hits="27" branch="false"/>
                <line number="84" hits="27" branch="false"/>
                <line number="85" hits="27" branch="false"/>
                <line number="86" hits="27" branch="false"/>
                <line number="87" hits="27" branch="false"/>
                <line number="88" hits="27" branch="false"/>
                <line number="89" hits="27" branch="false"/>
                <line number="90" hits="27" branch="false"/>
                <line number="91" hits="27" branch="false"/>
                <line number="92" hits="27" branch="false"/>
                <line number="93" hits="27" branch="false"/>
                <line number="94" hits="27" branch="false"/>
                <line number="95" hits="27" branch="false"/>
                <line number="96" hits="27" branch="false"/>
                <line number="97" hits="27" branch="false"/>
                <line number="98" hits="27" branch="false"/>
                <line number="99" hits="27" branch="false"/>
                <line number="100" hits="27" branch="false"/>
                <line number="101" hits="27" branch="false"/>
                <line number="102" hits="26" branch="false"/>
                <line number="103" hits="26" branch="false"/>
                <line number="104" hits="26" branch="false"/>
                <line number="105" hits="1" branch="false"/>
                <line number="106" hits="1" branch="false"/>
                <line number="107" hits="1" branch="false"/>
                <line number="108" hits="1" branch="false"/>
                <line number="110" hits="0" branch="false"/>
                <line number="111" hits="0" branch="false"/>
                <line number="113" hits="27" branch="false"/>
                <line number="114" hits="27" branch="false"/>
                <line number="115" hits="27" branch="false"/>
              </lines>
            </method>
            <method name="predict_counterfactual.glm" signature="" line-rate="1" branch-rate="0" complexity="0">
              <lines>
                <line number="121" hits="23" branch="false"/>
                <line number="122" hits="23" branch="false"/>
                <line number="123" hits="23" branch="false"/>
                <line number="124" hits="23" branch="false"/>
                <line number="125" hits="23" branch="false"/>
                <line number="126" hits="23" branch="false"/>
                <line number="127" hits="23" branch="false"/>
                <line number="128" hits="23" branch="false"/>
              </lines>
            </method>
          </methods>
          <lines>
            <line number="28" hits="27" branch="false"/>
            <line number="33" hits="27" branch="false"/>
            <line number="34" hits="27" branch="false"/>
            <line number="35" hits="27" branch="false"/>
            <line number="36" hits="27" branch="false"/>
            <line number="37" hits="27" branch="false"/>
            <line number="38" hits="27" branch="false"/>
            <line number="39" hits="27" branch="false"/>
            <line number="40" hits="27" branch="false"/>
            <line number="41" hits="27" branch="false"/>
            <line number="42" hits="27" branch="false"/>
            <line number="43" hits="27" branch="false"/>
            <line number="44" hits="27" branch="false"/>
            <line number="45" hits="27" branch="false"/>
            <line number="46" hits="27" branch="false"/>
            <line number="47" hits="27" branch="false"/>
            <line number="49" hits="27" branch="false"/>
            <line number="50" hits="27" branch="false"/>
            <line number="52" hits="27" branch="false"/>
            <line number="53" hits="27" branch="false"/>
            <line number="54" hits="27" branch="false"/>
            <line number="55" hits="27" branch="false"/>
            <line number="56" hits="27" branch="false"/>
            <line number="57" hits="27" branch="false"/>
            <line number="59" hits="27" branch="false"/>
            <line number="61" hits="27" branch="false"/>
            <line number="62" hits="27" branch="false"/>
            <line number="63" hits="27" branch="false"/>
            <line number="65" hits="27" branch="false"/>
            <line number="66" hits="27" branch="false"/>
            <line number="67" hits="27" branch="false"/>
            <line number="69" hits="27" branch="false"/>
            <line number="70" hits="27" branch="false"/>
            <line number="71" hits="6" branch="false"/>
            <line number="73" hits="27" branch="false"/>
            <line number="75" hits="27" branch="false"/>
            <line number="76" hits="0" branch="false"/>
            <line number="78" hits="27" branch="false"/>
            <line number="83" hits="27" branch="false"/>
            <line number="84" hits="27" branch="false"/>
            <line number="85" hits="27" branch="false"/>
            <line number="86" hits="27" branch="false"/>
            <line number="87" hits="27" branch="false"/>
            <line number="88" hits="27" branch="false"/>
            <line number="89" hits="27" branch="false"/>
            <line number="90" hits="27" branch="false"/>
            <line number="91" hits="27" branch="false"/>
            <line number="92" hits="27" branch="false"/>
            <line number="93" hits="27" branch="false"/>
            <line number="94" hits="27" branch="false"/>
            <line number="95" hits="27" branch="false"/>
            <line number="96" hits="27" branch="false"/>
            <line number="97" hits="27" branch="false"/>
            <line number="98" hits="27" branch="false"/>
            <line number="99" hits="27" branch="false"/>
            <line number="100" hits="27" branch="false"/>
            <line number="101" hits="27" branch="false"/>
            <line number="102" hits="26" branch="false"/>
            <line number="103" hits="26" branch="false"/>
            <line number="104" hits="26" branch="false"/>
            <line number="105" hits="1" branch="false"/>
            <line number="106" hits="1" branch="false"/>
            <line number="107" hits="1" branch="false"/>
            <line number="108" hits="1" branch="false"/>
            <line number="110" hits="0" branch="false"/>
            <line number="111" hits="0" branch="false"/>
            <line number="113" hits="27" branch="false"/>
            <line number="114" hits="27" branch="false"/>
            <line number="115" hits="27" branch="false"/>
            <line number="121" hits="23" branch="false"/>
            <line number="122" hits="23" branch="false"/>
            <line number="123" hits="23" branch="false"/>
            <line number="124" hits="23" branch="false"/>
            <line number="125" hits="23" branch="false"/>
            <line number="126" hits="23" branch="false"/>
            <line number="127" hits="23" branch="false"/>
            <line number="128" hits="23" branch="false"/>
          </lines>
        </class>
        <class name="prediction_cf.R" filename="R/prediction_cf.R" line-rate="1" branch-rate="0" complexity="0">
          <methods>
            <method name="print.prediction_cf" signature="" line-rate="1" branch-rate="0" complexity="0">
              <lines>
                <line number="12" hits="6" branch="false"/>
                <line number="13" hits="6" branch="false"/>
                <line number="14" hits="6" branch="false"/>
                <line number="15" hits="6" branch="false"/>
                <line number="16" hits="6" branch="false"/>
                <line number="17" hits="6" branch="false"/>
                <line number="18" hits="6" branch="false"/>
                <line number="19" hits="6" branch="false"/>
                <line number="20" hits="6" branch="false"/>
                <line number="21" hits="6" branch="false"/>
                <line number="22" hits="6" branch="false"/>
                <line number="23" hits="6" branch="false"/>
                <line number="24" hits="6" branch="false"/>
                <line number="25" hits="6" branch="false"/>
                <line number="26" hits="6" branch="false"/>
              </lines>
            </method>
            <method name="confint.prediction_cf" signature="" line-rate="1" branch-rate="0" complexity="0">
              <lines>
                <line number="48" hits="10" branch="false"/>
                <line number="49" hits="10" branch="false"/>
                <line number="50" hits="10" branch="false"/>
                <line number="51" hits="10" branch="false"/>
                <line number="52" hits="10" branch="false"/>
                <line number="53" hits="10" branch="false"/>
                <line number="54" hits="10" branch="false"/>
              </lines>
            </method>
          </methods>
          <lines>
            <line number="12" hits="6" branch="false"/>
            <line number="13" hits="6" branch="false"/>
            <line number="14" hits="6" branch="false"/>
            <line number="15" hits="6" branch="false"/>
            <line number="16" hits="6" branch="false"/>
            <line number="17" hits="6" branch="false"/>
            <line number="18" hits="6" branch="false"/>
            <line number="19" hits="6" branch="false"/>
            <line number="20" hits="6" branch="false"/>
            <line number="21" hits="6" branch="false"/>
            <line number="22" hits="6" branch="false"/>
            <line number="23" hits="6" branch="false"/>
            <line number="24" hits="6" branch="false"/>
            <line number="25" hits="6" branch="false"/>
            <line number="26" hits="6" branch="false"/>
            <line number="48" hits="10" branch="false"/>
            <line number="49" hits="10" branch="false"/>
            <line number="50" hits="10" branch="false"/>
            <line number="51" hits="10" branch="false"/>
            <line number="52" hits="10" branch="false"/>
            <line number="53" hits="10" branch="false"/>
            <line number="54" hits="10" branch="false"/>
          </lines>
        </class>
        <class name="robin_glm.R" filename="R/robin_glm.R" line-rate="1" branch-rate="0" complexity="0">
          <methods>
            <method name="robin_glm" signature="" line-rate="1" branch-rate="0" complexity="0">
              <lines>
                <line number="37" hits="12" branch="false"/>
                <line number="40" hits="12" branch="false"/>
                <line number="41" hits="12" branch="false"/>
                <line number="42" hits="12" branch="false"/>
                <line number="43" hits="12" branch="false"/>
                <line number="44" hits="12" branch="false"/>
                <line number="45" hits="2" branch="false"/>
                <line number="46" hits="2" branch="false"/>
                <line number="47" hits="2" branch="false"/>
                <line number="48" hits="2" branch="false"/>
                <line number="51" hits="10" branch="false"/>
                <line number="52" hits="1" branch="false"/>
                <line number="54" hits="9" branch="false"/>
                <line number="56" hits="10" branch="false"/>
                <line number="57" hits="10" branch="false"/>
                <line number="58" hits="10" branch="false"/>
                <line number="61" hits="10" branch="false"/>
                <line number="62" hits="9" branch="false"/>
                <line number="63" hits="9" branch="false"/>
                <line number="64" hits="2" branch="false"/>
                <line number="65" hits="2" branch="false"/>
                <line number="66" hits="2" branch="false"/>
                <line number="67" hits="2" branch="false"/>
                <line number="68" hits="2" branch="false"/>
                <line number="69" hits="2" branch="false"/>
                <line number="71" hits="9" branch="false"/>
                <line number="73" hits="1" branch="false"/>
                <line number="74" hits="1" branch="false"/>
                <line number="75" hits="1" branch="false"/>
                <line number="76" hits="1" branch="false"/>
                <line number="78" hits="1" branch="false"/>
                <line number="79" hits="1" branch="false"/>
                <line number="80" hits="1" branch="false"/>
                <line number="81" hits="1" branch="false"/>
                <line number="82" hits="1" branch="false"/>
                <line number="83" hits="1" branch="false"/>
                <line number="85" hits="10" branch="false"/>
                <line number="86" hits="10" branch="false"/>
                <line number="87" hits="10" branch="false"/>
                <line number="88" hits="10" branch="false"/>
                <line number="89" hits="10" branch="false"/>
                <line number="90" hits="10" branch="false"/>
                <line number="91" hits="10" branch="false"/>
              </lines>
            </method>
            <method name="print.robin_output" signature="" line-rate="1" branch-rate="0" complexity="0">
              <lines>
                <line number="96" hits="1" branch="false"/>
                <line number="97" hits="1" branch="false"/>
                <line number="98" hits="1" branch="false"/>
              </lines>
            </method>
          </methods>
          <lines>
            <line number="37" hits="12" branch="false"/>
            <line number="40" hits="12" branch="false"/>
            <line number="41" hits="12" branch="false"/>
            <line number="42" hits="12" branch="false"/>
            <line number="43" hits="12" branch="false"/>
            <line number="44" hits="12" branch="false"/>
            <line number="45" hits="2" branch="false"/>
            <line number="46" hits="2" branch="false"/>
            <line number="47" hits="2" branch="false"/>
            <line number="48" hits="2" branch="false"/>
            <line number="51" hits="10" branch="false"/>
            <line number="52" hits="1" branch="false"/>
            <line number="54" hits="9" branch="false"/>
            <line number="56" hits="10" branch="false"/>
            <line number="57" hits="10" branch="false"/>
            <line number="58" hits="10" branch="false"/>
            <line number="61" hits="10" branch="false"/>
            <line number="62" hits="9" branch="false"/>
            <line number="63" hits="9" branch="false"/>
            <line number="64" hits="2" branch="false"/>
            <line number="65" hits="2" branch="false"/>
            <line number="66" hits="2" branch="false"/>
            <line number="67" hits="2" branch="false"/>
            <line number="68" hits="2" branch="false"/>
            <line number="69" hits="2" branch="false"/>
            <line number="71" hits="9" branch="false"/>
            <line number="73" hits="1" branch="false"/>
            <line number="74" hits="1" branch="false"/>
            <line number="75" hits="1" branch="false"/>
            <line number="76" hits="1" branch="false"/>
            <line number="78" hits="1" branch="false"/>
            <line number="79" hits="1" branch="false"/>
            <line number="80" hits="1" branch="false"/>
            <line number="81" hits="1" branch="false"/>
            <line number="82" hits="1" branch="false"/>
            <line number="83" hits="1" branch="false"/>
            <line number="85" hits="10" branch="false"/>
            <line number="86" hits="10" branch="false"/>
            <line number="87" hits="10" branch="false"/>
            <line number="88" hits="10" branch="false"/>
            <line number="89" hits="10" branch="false"/>
            <line number="90" hits="10" branch="false"/>
            <line number="91" hits="10" branch="false"/>
            <line number="96" hits="1" branch="false"/>
            <line number="97" hits="1" branch="false"/>
            <line number="98" hits="1" branch="false"/>
          </lines>
        </class>
        <class name="robin_lm.R" filename="R/robin_lm.R" line-rate="1" branch-rate="0" complexity="0">
          <methods>
            <method name="robin_lm" signature="" line-rate="1" branch-rate="0" complexity="0">
              <lines>
                <line number="27" hits="2" branch="false"/>
                <line number="28" hits="2" branch="false"/>
                <line number="29" hits="2" branch="false"/>
                <line number="30" hits="2" branch="false"/>
                <line number="31" hits="2" branch="false"/>
                <line number="32" hits="2" branch="false"/>
                <line number="33" hits="2" branch="false"/>
                <line number="34" hits="2" branch="false"/>
                <line number="35" hits="1" branch="false"/>
                <line number="36" hits="1" branch="false"/>
                <line number="37" hits="1" branch="false"/>
                <line number="38" hits="1" branch="false"/>
                <line number="40" hits="1" branch="false"/>
                <line number="41" hits="1" branch="false"/>
                <line number="43" hits="1" branch="false"/>
                <line number="44" hits="1" branch="false"/>
                <line number="45" hits="1" branch="false"/>
                <line number="46" hits="1" branch="false"/>
                <line number="47" hits="1" branch="false"/>
                <line number="48" hits="1" branch="false"/>
                <line number="49" hits="1" branch="false"/>
                <line number="50" hits="1" branch="false"/>
              </lines>
            </method>
            <method name="h_interaction" signature="" line-rate="1" branch-rate="0" complexity="0">
              <lines>
                <line number="58" hits="18" branch="false"/>
                <line number="59" hits="18" branch="false"/>
                <line number="60" hits="18" branch="false"/>
                <line number="61" hits="18" branch="false"/>
                <line number="62" hits="18" branch="false"/>
                <line number="63" hits="18" branch="false"/>
              </lines>
            </method>
          </methods>
          <lines>
            <line number="27" hits="2" branch="false"/>
            <line number="28" hits="2" branch="false"/>
            <line number="29" hits="2" branch="false"/>
            <line number="30" hits="2" branch="false"/>
            <line number="31" hits="2" branch="false"/>
            <line number="32" hits="2" branch="false"/>
            <line number="33" hits="2" branch="false"/>
            <line number="34" hits="2" branch="false"/>
            <line number="35" hits="1" branch="false"/>
            <line number="36" hits="1" branch="false"/>
            <line number="37" hits="1" branch="false"/>
            <line number="38" hits="1" branch="false"/>
            <line number="40" hits="1" branch="false"/>
            <line number="41" hits="1" branch="false"/>
            <line number="43" hits="1" branch="false"/>
            <line number="44" hits="1" branch="false"/>
            <line number="45" hits="1" branch="false"/>
            <line number="46" hits="1" branch="false"/>
            <line number="47" hits="1" branch="false"/>
            <line number="48" hits="1" branch="false"/>
            <line number="49" hits="1" branch="false"/>
            <line number="50" hits="1" branch="false"/>
            <line number="58" hits="18" branch="false"/>
            <line number="59" hits="18" branch="false"/>
            <line number="60" hits="18" branch="false"/>
            <line number="61" hits="18" branch="false"/>
            <line number="62" hits="18" branch="false"/>
            <line number="63" hits="18" branch="false"/>
          </lines>
        </class>
        <class name="surv_effect.R" filename="R/surv_effect.R" line-rate="1" branch-rate="0" complexity="0">
          <methods>
            <method name="print.surv_effect" signature="" line-rate="1" branch-rate="0" complexity="0">
              <lines>
                <line number="19" hits="2" branch="false"/>
                <line number="21" hits="2" branch="false"/>
                <line number="22" hits="2" branch="false"/>
                <line number="23" hits="2" branch="false"/>
                <line number="24" hits="2" branch="false"/>
                <line number="25" hits="2" branch="false"/>
                <line number="26" hits="2" branch="false"/>
                <line number="27" hits="2" branch="false"/>
                <line number="28" hits="2" branch="false"/>
                <line number="29" hits="2" branch="false"/>
                <line number="30" hits="2" branch="false"/>
                <line number="31" hits="2" branch="false"/>
                <line number="32" hits="2" branch="false"/>
                <line number="34" hits="2" branch="false"/>
                <line number="35" hits="1" branch="false"/>
                <line number="36" hits="1" branch="false"/>
                <line number="37" hits="1" branch="false"/>
                <line number="38" hits="1" branch="false"/>
                <line number="41" hits="2" branch="false"/>
                <line number="43" hits="2" branch="false"/>
                <line number="44" hits="2" branch="false"/>
                <line number="45" hits="2" branch="false"/>
                <line number="46" hits="2" branch="false"/>
                <line number="48" hits="2" branch="false"/>
                <line number="49" hits="2" branch="false"/>
                <line number="50" hits="2" branch="false"/>
                <line number="51" hits="2" branch="false"/>
                <line number="52" hits="2" branch="false"/>
              </lines>
            </method>
            <method name="table" signature="" line-rate="1" branch-rate="0" complexity="0">
              <lines>
                <line number="57" hits="30" branch="false"/>
              </lines>
            </method>
            <method name="table.default" signature="" line-rate="1" branch-rate="0" complexity="0">
              <lines>
                <line number="61" hits="29" branch="false"/>
              </lines>
            </method>
            <method name="table.surv_effect" signature="" line-rate="1" branch-rate="0" complexity="0">
              <lines>
                <line number="68" hits="1" branch="false"/>
                <line number="69" hits="1" branch="false"/>
                <line number="70" hits="1" branch="false"/>
                <line number="71" hits="1" branch="false"/>
                <line number="72" hits="1" branch="false"/>
                <line number="73" hits="1" branch="false"/>
                <line number="74" hits="1" branch="false"/>
                <line number="75" hits="1" branch="false"/>
              </lines>
            </method>
            <method name="confint.surv_effect" signature="" line-rate="1" branch-rate="0" complexity="0">
              <lines>
                <line number="82" hits="2" branch="false"/>
                <line number="83" hits="1" branch="false"/>
                <line number="85" hits="1" branch="false"/>
                <line number="86" hits="1" branch="false"/>
                <line number="87" hits="1" branch="false"/>
              </lines>
            </method>
          </methods>
          <lines>
            <line number="19" hits="2" branch="false"/>
            <line number="21" hits="2" branch="false"/>
            <line number="22" hits="2" branch="false"/>
            <line number="23" hits="2" branch="false"/>
            <line number="24" hits="2" branch="false"/>
            <line number="25" hits="2" branch="false"/>
            <line number="26" hits="2" branch="false"/>
            <line number="27" hits="2" branch="false"/>
            <line number="28" hits="2" branch="false"/>
            <line number="29" hits="2" branch="false"/>
            <line number="30" hits="2" branch="false"/>
            <line number="31" hits="2" branch="false"/>
            <line number="32" hits="2" branch="false"/>
            <line number="34" hits="2" branch="false"/>
            <line number="35" hits="1" branch="false"/>
            <line number="36" hits="1" branch="false"/>
            <line number="37" hits="1" branch="false"/>
            <line number="38" hits="1" branch="false"/>
            <line number="41" hits="2" branch="false"/>
            <line number="43" hits="2" branch="false"/>
            <line number="44" hits="2" branch="false"/>
            <line number="45" hits="2" branch="false"/>
            <line number="46" hits="2" branch="false"/>
            <line number="48" hits="2" branch="false"/>
            <line number="49" hits="2" branch="false"/>
            <line number="50" hits="2" branch="false"/>
            <line number="51" hits="2" branch="false"/>
            <line number="52" hits="2" branch="false"/>
            <line number="57" hits="30" branch="false"/>
            <line number="61" hits="29" branch="false"/>
            <line number="68" hits="1" branch="false"/>
            <line number="69" hits="1" branch="false"/>
            <line number="70" hits="1" branch="false"/>
            <line number="71" hits="1" branch="false"/>
            <line number="72" hits="1" branch="false"/>
            <line number="73" hits="1" branch="false"/>
            <line number="74" hits="1" branch="false"/>
            <line number="75" hits="1" branch="false"/>
            <line number="82" hits="2" branch="false"/>
            <line number="83" hits="1" branch="false"/>
            <line number="85" hits="1" branch="false"/>
            <line number="86" hits="1" branch="false"/>
            <line number="87" hits="1" branch="false"/>
          </lines>
        </class>
        <class name="survival_cov_adj.R" filename="R/survival_cov_adj.R" line-rate="1" branch-rate="0" complexity="0">
          <methods>
            <method name="h_derived_outcome_vals" signature="" line-rate="1" branch-rate="0" complexity="0">
              <lines>
                <line number="18" hits="477" branch="false"/>
                <line number="19" hits="477" branch="false"/>
                <line number="20" hits="477" branch="false"/>
                <line number="21" hits="477" branch="false"/>
                <line number="22" hits="477" branch="false"/>
                <line number="23" hits="477" branch="false"/>
                <line number="24" hits="477" branch="false"/>
                <line number="25" hits="477" branch="false"/>
                <line number="26" hits="477" branch="false"/>
                <line number="27" hits="477" branch="false"/>
                <line number="28" hits="477" branch="false"/>
                <line number="29" hits="477" branch="false"/>
                <line number="32" hits="477" branch="false"/>
                <line number="33" hits="477" branch="false"/>
                <line number="34" hits="477" branch="false"/>
                <line number="35" hits="477" branch="false"/>
                <line number="36" hits="477" branch="false"/>
                <line number="37" hits="477" branch="false"/>
                <line number="38" hits="477" branch="false"/>
                <line number="39" hits="477" branch="false"/>
                <line number="40" hits="477" branch="false"/>
                <line number="43" hits="477" branch="false"/>
                <line number="46" hits="477" branch="false"/>
                <line number="47" hits="477" branch="false"/>
                <line number="48" hits="477" branch="false"/>
                <line number="49" hits="477" branch="false"/>
                <line number="50" hits="477" branch="false"/>
                <line number="53" hits="477" branch="false"/>
                <line number="59" hits="477" branch="false"/>
                <line number="64" hits="477" branch="false"/>
                <line number="65" hits="477" branch="false"/>
                <line number="66" hits="477" branch="false"/>
                <line number="67" hits="477" branch="false"/>
                <line number="72" hits="477" branch="false"/>
                <line number="75" hits="477" branch="false"/>
                <line number="77" hits="40687" branch="false"/>
                <line number="80" hits="40687" branch="false"/>
                <line number="83" hits="40687" branch="false"/>
                <line number="86" hits="40687" branch="false"/>
                <line number="90" hits="40687" branch="false"/>
                <line number="93" hits="40687" branch="false"/>
                <line number="96" hits="40687" branch="false"/>
                <line number="99" hits="40687" branch="false"/>
                <line number="103" hits="477" branch="false"/>
                <line number="104" hits="477" branch="false"/>
              </lines>
            </method>
            <method name="h_strat_derived_outcome_vals" signature="" line-rate="1" branch-rate="0" complexity="0">
              <lines>
                <line number="109" hits="140" branch="false"/>
                <line number="110" hits="140" branch="false"/>
                <line number="111" hits="140" branch="false"/>
                <line number="113" hits="140" branch="false"/>
                <line number="114" hits="140" branch="false"/>
                <line number="116" hits="140" branch="false"/>
                <line number="117" hits="140" branch="false"/>
                <line number="119" hits="140" branch="false"/>
                <line number="120" hits="140" branch="false"/>
                <line number="121" hits="140" branch="false"/>
                <line number="122" hits="140" branch="false"/>
                <line number="123" hits="140" branch="false"/>
                <line number="124" hits="140" branch="false"/>
                <line number="125" hits="140" branch="false"/>
                <line number="126" hits="140" branch="false"/>
                <line number="127" hits="140" branch="false"/>
                <line number="128" hits="140" branch="false"/>
              </lines>
            </method>
            <method name="h_get_lm_input" signature="" line-rate="1" branch-rate="0" complexity="0">
              <lines>
                <line number="149" hits="476" branch="false"/>
                <line number="150" hits="476" branch="false"/>
                <line number="151" hits="476" branch="false"/>
                <line number="152" hits="476" branch="false"/>
                <line number="153" hits="476" branch="false"/>
                <line number="156" hits="476" branch="false"/>
                <line number="157" hits="476" branch="false"/>
                <line number="158" hits="476" branch="false"/>
                <line number="161" hits="475" branch="false"/>
                <line number="162" hits="475" branch="false"/>
                <line number="163" hits="475" branch="false"/>
                <line number="164" hits="475" branch="false"/>
                <line number="165" hits="475" branch="false"/>
                <line number="168" hits="475" branch="false"/>
                <line number="169" hits="475" branch="false"/>
                <line number="170" hits="475" branch="false"/>
                <line number="171" hits="475" branch="false"/>
                <line number="172" hits="475" branch="false"/>
                <line number="173" hits="475" branch="false"/>
                <line number="174" hits="475" branch="false"/>
              </lines>
            </method>
            <method name="h_get_strat_lm_input" signature="" line-rate="1" branch-rate="0" complexity="0">
              <lines>
                <line number="179" hits="140" branch="false"/>
                <line number="180" hits="140" branch="false"/>
              </lines>
            </method>
            <method name="h_get_beta_estimates" signature="" line-rate="1" branch-rate="0" complexity="0">
              <lines>
                <line number="198" hits="71" branch="false"/>
                <line number="201" hits="71" branch="false"/>
                <line number="203" hits="71" branch="false"/>
                <line number="204" hits="142" branch="false"/>
                <line number="205" hits="142" branch="false"/>
                <line number="208" hits="142" branch="false"/>
                <line number="211" hits="142" branch="false"/>
                <line number="214" hits="142" branch="false"/>
                <line number="217" hits="142" branch="false"/>
                <line number="220" hits="142" branch="false"/>
                <line number="223" hits="71" branch="false"/>
              </lines>
            </method>
            <method name="h_get_strat_beta_estimates" signature="" line-rate="1" branch-rate="0" complexity="0">
              <lines>
                <line number="228" hits="139" branch="false"/>
                <line number="229" hits="139" branch="false"/>
                <line number="230" hits="139" branch="false"/>
                <line number="233" hits="139" branch="false"/>
                <line number="235" hits="139" branch="false"/>
                <line number="236" hits="278" branch="false"/>
                <line number="237" hits="278" branch="false"/>
                <line number="239" hits="278" branch="false"/>
                <line number="242" hits="800" branch="false"/>
                <line number="244" hits="800" branch="false"/>
                <line number="247" hits="800" branch="false"/>
                <line number="250" hits="800" branch="false"/>
                <line number="253" hits="800" branch="false"/>
                <line number="254" hits="800" branch="false"/>
                <line number="259" hits="278" branch="false"/>
                <line number="260" hits="278" branch="false"/>
                <line number="263" hits="278" branch="false"/>
                <line number="266" hits="139" branch="false"/>
              </lines>
            </method>
          </methods>
          <lines>
            <line number="18" hits="477" branch="false"/>
            <line number="19" hits="477" branch="false"/>
            <line number="20" hits="477" branch="false"/>
            <line number="21" hits="477" branch="false"/>
            <line number="22" hits="477" branch="false"/>
            <line number="23" hits="477" branch="false"/>
            <line number="24" hits="477" branch="false"/>
            <line number="25" hits="477" branch="false"/>
            <line number="26" hits="477" branch="false"/>
            <line number="27" hits="477" branch="false"/>
            <line number="28" hits="477" branch="false"/>
            <line number="29" hits="477" branch="false"/>
            <line number="32" hits="477" branch="false"/>
            <line number="33" hits="477" branch="false"/>
            <line number="34" hits="477" branch="false"/>
            <line number="35" hits="477" branch="false"/>
            <line number="36" hits="477" branch="false"/>
            <line number="37" hits="477" branch="false"/>
            <line number="38" hits="477" branch="false"/>
            <line number="39" hits="477" branch="false"/>
            <line number="40" hits="477" branch="false"/>
            <line number="43" hits="477" branch="false"/>
            <line number="46" hits="477" branch="false"/>
            <line number="47" hits="477" branch="false"/>
            <line number="48" hits="477" branch="false"/>
            <line number="49" hits="477" branch="false"/>
            <line number="50" hits="477" branch="false"/>
            <line number="53" hits="477" branch="false"/>
            <line number="59" hits="477" branch="false"/>
            <line number="64" hits="477" branch="false"/>
            <line number="65" hits="477" branch="false"/>
            <line number="66" hits="477" branch="false"/>
            <line number="67" hits="477" branch="false"/>
            <line number="72" hits="477" branch="false"/>
            <line number="75" hits="477" branch="false"/>
            <line number="77" hits="40687" branch="false"/>
            <line number="80" hits="40687" branch="false"/>
            <line number="83" hits="40687" branch="false"/>
            <line number="86" hits="40687" branch="false"/>
            <line number="90" hits="40687" branch="false"/>
            <line number="93" hits="40687" branch="false"/>
            <line number="96" hits="40687" branch="false"/>
            <line number="99" hits="40687" branch="false"/>
            <line number="103" hits="477" branch="false"/>
            <line number="104" hits="477" branch="false"/>
            <line number="109" hits="140" branch="false"/>
            <line number="110" hits="140" branch="false"/>
            <line number="111" hits="140" branch="false"/>
            <line number="113" hits="140" branch="false"/>
            <line number="114" hits="140" branch="false"/>
            <line number="116" hits="140" branch="false"/>
            <line number="117" hits="140" branch="false"/>
            <line number="119" hits="140" branch="false"/>
            <line number="120" hits="140" branch="false"/>
            <line number="121" hits="140" branch="false"/>
            <line number="122" hits="140" branch="false"/>
            <line number="123" hits="140" branch="false"/>
            <line number="124" hits="140" branch="false"/>
            <line number="125" hits="140" branch="false"/>
            <line number="126" hits="140" branch="false"/>
            <line number="127" hits="140" branch="false"/>
            <line number="128" hits="140" branch="false"/>
            <line number="149" hits="476" branch="false"/>
            <line number="150" hits="476" branch="false"/>
            <line number="151" hits="476" branch="false"/>
            <line number="152" hits="476" branch="false"/>
            <line number="153" hits="476" branch="false"/>
            <line number="156" hits="476" branch="false"/>
            <line number="157" hits="476" branch="false"/>
            <line number="158" hits="476" branch="false"/>
            <line number="161" hits="475" branch="false"/>
            <line number="162" hits="475" branch="false"/>
            <line number="163" hits="475" branch="false"/>
            <line number="164" hits="475" branch="false"/>
            <line number="165" hits="475" branch="false"/>
            <line number="168" hits="475" branch="false"/>
            <line number="169" hits="475" branch="false"/>
            <line number="170" hits="475" branch="false"/>
            <line number="171" hits="475" branch="false"/>
            <line number="172" hits="475" branch="false"/>
            <line number="173" hits="475" branch="false"/>
            <line number="174" hits="475" branch="false"/>
            <line number="179" hits="140" branch="false"/>
            <line number="180" hits="140" branch="false"/>
            <line number="198" hits="71" branch="false"/>
            <line number="201" hits="71" branch="false"/>
            <line number="203" hits="71" branch="false"/>
            <line number="204" hits="142" branch="false"/>
            <line number="205" hits="142" branch="false"/>
            <line number="208" hits="142" branch="false"/>
            <line number="211" hits="142" branch="false"/>
            <line number="214" hits="142" branch="false"/>
            <line number="217" hits="142" branch="false"/>
            <line number="220" hits="142" branch="false"/>
            <line number="223" hits="71" branch="false"/>
            <line number="228" hits="139" branch="false"/>
            <line number="229" hits="139" branch="false"/>
            <line number="230" hits="139" branch="false"/>
            <line number="233" hits="139" branch="false"/>
            <line number="235" hits="139" branch="false"/>
            <line number="236" hits="278" branch="false"/>
            <line number="237" hits="278" branch="false"/>
            <line number="239" hits="278" branch="false"/>
            <line number="242" hits="800" branch="false"/>
            <line number="244" hits="800" branch="false"/>
            <line number="247" hits="800" branch="false"/>
            <line number="250" hits="800" branch="false"/>
            <line number="253" hits="800" branch="false"/>
            <line number="254" hits="800" branch="false"/>
            <line number="259" hits="278" branch="false"/>
            <line number="260" hits="278" branch="false"/>
            <line number="263" hits="278" branch="false"/>
            <line number="266" hits="139" branch="false"/>
          </lines>
        </class>
        <class name="survival_score.R" filename="R/survival_score.R" line-rate="1" branch-rate="0" complexity="0">
          <methods>
            <method name="h_lr_score_no_strata_no_cov" signature="" line-rate="1" branch-rate="0" complexity="0">
              <lines>
                <line number="52" hits="1285" branch="false"/>
                <line number="53" hits="1285" branch="false"/>
                <line number="54" hits="1285" branch="false"/>
                <line number="55" hits="1285" branch="false"/>
                <line number="56" hits="1285" branch="false"/>
                <line number="57" hits="1285" branch="false"/>
                <line number="58" hits="1285" branch="false"/>
                <line number="59" hits="1285" branch="false"/>
                <line number="60" hits="1285" branch="false"/>
                <line number="61" hits="1285" branch="false"/>
                <line number="62" hits="1285" branch="false"/>
                <line number="63" hits="1285" branch="false"/>
                <line number="64" hits="1285" branch="false"/>
                <line number="67" hits="1285" branch="false"/>
                <line number="68" hits="1285" branch="false"/>
                <line number="69" hits="1285" branch="false"/>
                <line number="70" hits="1285" branch="false"/>
                <line number="71" hits="1285" branch="false"/>
                <line number="74" hits="1285" branch="false"/>
                <line number="77" hits="1285" branch="false"/>
                <line number="80" hits="1285" branch="false"/>
                <line number="81" hits="1285" branch="false"/>
                <line number="84" hits="1285" branch="false"/>
                <line number="85" hits="1285" branch="false"/>
                <line number="86" hits="279" branch="false"/>
                <line number="88" hits="1285" branch="false"/>
                <line number="90" hits="85655" branch="false"/>
                <line number="93" hits="85655" branch="false"/>
                <line number="96" hits="85655" branch="false"/>
                <line number="102" hits="85655" branch="false"/>
                <line number="103" hits="85655" branch="false"/>
                <line number="106" hits="85655" branch="false"/>
                <line number="109" hits="85655" branch="false"/>
                <line number="111" hits="85655" branch="false"/>
                <line number="113" hits="19110" branch="false"/>
                <line number="115" hits="19110" branch="false"/>
                <line number="116" hits="17708" branch="false"/>
                <line number="117" hits="19110" branch="false"/>
                <line number="118" hits="1402" branch="false"/>
                <line number="119" hits="19110" branch="false"/>
                <line number="120" hits="19110" branch="false"/>
                <line number="121" hits="19110" branch="false"/>
                <line number="124" hits="1285" branch="false"/>
                <line number="125" hits="1285" branch="false"/>
                <line number="126" hits="1285" branch="false"/>
                <line number="127" hits="1285" branch="false"/>
                <line number="128" hits="1285" branch="false"/>
                <line number="129" hits="1285" branch="false"/>
                <line number="130" hits="1285" branch="false"/>
                <line number="131" hits="1285" branch="false"/>
                <line number="132" hits="1285" branch="false"/>
              </lines>
            </method>
            <method name="h_lr_score_strat" signature="" line-rate="1" branch-rate="0" complexity="0">
              <lines>
                <line number="145" hits="323" branch="false"/>
                <line number="146" hits="323" branch="false"/>
                <line number="147" hits="323" branch="false"/>
                <line number="148" hits="323" branch="false"/>
                <line number="149" hits="323" branch="false"/>
                <line number="150" hits="323" branch="false"/>
                <line number="151" hits="323" branch="false"/>
                <line number="153" hits="323" branch="false"/>
                <line number="154" hits="323" branch="false"/>
                <line number="156" hits="323" branch="false"/>
                <line number="157" hits="323" branch="false"/>
                <line number="159" hits="323" branch="false"/>
                <line number="160" hits="323" branch="false"/>
                <line number="161" hits="323" branch="false"/>
                <line number="162" hits="323" branch="false"/>
                <line number="163" hits="323" branch="false"/>
                <line number="164" hits="323" branch="false"/>
                <line number="165" hits="323" branch="false"/>
                <line number="166" hits="323" branch="false"/>
                <line number="167" hits="323" branch="false"/>
                <line number="168" hits="323" branch="false"/>
                <line number="169" hits="323" branch="false"/>
                <line number="171" hits="323" branch="false"/>
                <line number="172" hits="323" branch="false"/>
                <line number="173" hits="323" branch="false"/>
                <line number="174" hits="323" branch="false"/>
                <line number="175" hits="323" branch="false"/>
                <line number="176" hits="323" branch="false"/>
                <line number="177" hits="323" branch="false"/>
                <line number="178" hits="323" branch="false"/>
                <line number="179" hits="323" branch="false"/>
              </lines>
            </method>
            <method name="h_lr_score_cov" signature="" line-rate="1" branch-rate="0" complexity="0">
              <lines>
                <line number="194" hits="70" branch="false"/>
                <line number="195" hits="70" branch="false"/>
                <line number="196" hits="70" branch="false"/>
                <line number="197" hits="70" branch="false"/>
                <line number="198" hits="70" branch="false"/>
                <line number="199" hits="70" branch="false"/>
                <line number="200" hits="70" branch="false"/>
                <line number="201" hits="70" branch="false"/>
                <line number="202" hits="70" branch="false"/>
                <line number="203" hits="70" branch="false"/>
                <line number="206" hits="70" branch="false"/>
                <line number="207" hits="70" branch="false"/>
                <line number="210" hits="70" branch="false"/>
                <line number="211" hits="70" branch="false"/>
                <line number="212" hits="70" branch="false"/>
                <line number="213" hits="70" branch="false"/>
                <line number="214" hits="70" branch="false"/>
                <line number="215" hits="70" branch="false"/>
                <line number="216" hits="70" branch="false"/>
                <line number="217" hits="70" branch="false"/>
                <line number="218" hits="70" branch="false"/>
                <line number="219" hits="70" branch="false"/>
                <line number="220" hits="70" branch="false"/>
                <line number="223" hits="70" branch="false"/>
                <line number="224" hits="70" branch="false"/>
                <line number="225" hits="70" branch="false"/>
                <line number="226" hits="70" branch="false"/>
                <line number="227" hits="70" branch="false"/>
                <line number="228" hits="70" branch="false"/>
                <line number="229" hits="70" branch="false"/>
                <line number="230" hits="70" branch="false"/>
                <line number="231" hits="70" branch="false"/>
                <line number="232" hits="70" branch="false"/>
                <line number="236" hits="70" branch="false"/>
                <line number="239" hits="70" branch="false"/>
                <line number="240" hits="70" branch="false"/>
                <line number="243" hits="70" branch="false"/>
                <line number="244" hits="70" branch="false"/>
                <line number="247" hits="70" branch="false"/>
                <line number="250" hits="70" branch="false"/>
                <line number="252" hits="70" branch="false"/>
                <line number="254" hits="20" branch="false"/>
                <line number="255" hits="13" branch="false"/>
                <line number="256" hits="20" branch="false"/>
                <line number="257" hits="7" branch="false"/>
                <line number="258" hits="7" branch="false"/>
                <line number="259" hits="7" branch="false"/>
                <line number="260" hits="7" branch="false"/>
                <line number="261" hits="7" branch="false"/>
                <line number="262" hits="7" branch="false"/>
                <line number="263" hits="7" branch="false"/>
                <line number="264" hits="7" branch="false"/>
                <line number="265" hits="7" branch="false"/>
                <line number="266" hits="7" branch="false"/>
                <line number="267" hits="7" branch="false"/>
                <line number="268" hits="20" branch="false"/>
                <line number="271" hits="20" branch="false"/>
                <line number="272" hits="20" branch="false"/>
                <line number="273" hits="20" branch="false"/>
                <line number="276" hits="20" branch="false"/>
                <line number="277" hits="20" branch="false"/>
                <line number="278" hits="20" branch="false"/>
                <line number="281" hits="70" branch="false"/>
                <line number="282" hits="70" branch="false"/>
                <line number="283" hits="70" branch="false"/>
                <line number="284" hits="70" branch="false"/>
                <line number="285" hits="70" branch="false"/>
                <line number="286" hits="70" branch="false"/>
              </lines>
            </method>
            <method name="h_lr_score_strat_cov" signature="" line-rate="1" branch-rate="0" complexity="0">
              <lines>
                <line number="302" hits="138" branch="false"/>
                <line number="303" hits="138" branch="false"/>
                <line number="304" hits="138" branch="false"/>
                <line number="305" hits="138" branch="false"/>
                <line number="306" hits="138" branch="false"/>
                <line number="307" hits="138" branch="false"/>
                <line number="308" hits="138" branch="false"/>
                <line number="309" hits="138" branch="false"/>
                <line number="310" hits="138" branch="false"/>
                <line number="311" hits="138" branch="false"/>
                <line number="314" hits="138" branch="false"/>
                <line number="315" hits="138" branch="false"/>
                <line number="320" hits="138" branch="false"/>
                <line number="321" hits="219" branch="false"/>
                <line number="322" hits="11" branch="false"/>
                <line number="327" hits="138" branch="false"/>
                <line number="328" hits="138" branch="false"/>
                <line number="329" hits="138" branch="false"/>
                <line number="330" hits="138" branch="false"/>
                <line number="331" hits="138" branch="false"/>
                <line number="332" hits="138" branch="false"/>
                <line number="333" hits="138" branch="false"/>
                <line number="334" hits="138" branch="false"/>
                <line number="335" hits="138" branch="false"/>
                <line number="336" hits="138" branch="false"/>
                <line number="337" hits="138" branch="false"/>
                <line number="340" hits="138" branch="false"/>
                <line number="341" hits="138" branch="false"/>
                <line number="342" hits="138" branch="false"/>
                <line number="343" hits="138" branch="false"/>
                <line number="344" hits="138" branch="false"/>
                <line number="345" hits="138" branch="false"/>
                <line number="346" hits="138" branch="false"/>
                <line number="347" hits="138" branch="false"/>
                <line number="348" hits="138" branch="false"/>
                <line number="349" hits="138" branch="false"/>
                <line number="353" hits="138" branch="false"/>
                <line number="355" hits="138" branch="false"/>
                <line number="356" hits="138" branch="false"/>
                <line number="357" hits="138" branch="false"/>
                <line number="360" hits="138" branch="false"/>
                <line number="361" hits="138" branch="false"/>
                <line number="364" hits="138" branch="false"/>
                <line number="365" hits="138" branch="false"/>
                <line number="367" hits="138" branch="false"/>
                <line number="368" hits="138" branch="false"/>
                <line number="370" hits="138" branch="false"/>
                <line number="371" hits="138" branch="false"/>
                <line number="374" hits="138" branch="false"/>
                <line number="377" hits="138" branch="false"/>
                <line number="379" hits="138" branch="false"/>
                <line number="381" hits="30" branch="false"/>
                <line number="382" hits="30" branch="false"/>
                <line number="383" hits="30" branch="false"/>
                <line number="384" hits="30" branch="false"/>
                <line number="385" hits="30" branch="false"/>
                <line number="386" hits="30" branch="false"/>
                <line number="387" hits="30" branch="false"/>
                <line number="389" hits="30" branch="false"/>
                <line number="390" hits="30" branch="false"/>
                <line number="393" hits="30" branch="false"/>
                <line number="394" hits="23" branch="false"/>
                <line number="395" hits="30" branch="false"/>
                <line number="396" hits="7" branch="false"/>
                <line number="397" hits="7" branch="false"/>
                <line number="398" hits="7" branch="false"/>
                <line number="399" hits="7" branch="false"/>
                <line number="400" hits="7" branch="false"/>
                <line number="401" hits="7" branch="false"/>
                <line number="402" hits="7" branch="false"/>
                <line number="403" hits="7" branch="false"/>
                <line number="404" hits="7" branch="false"/>
                <line number="405" hits="7" branch="false"/>
                <line number="406" hits="7" branch="false"/>
                <line number="407" hits="30" branch="false"/>
                <line number="410" hits="30" branch="false"/>
                <line number="411" hits="30" branch="false"/>
                <line number="412" hits="30" branch="false"/>
                <line number="415" hits="138" branch="false"/>
                <line number="416" hits="138" branch="false"/>
                <line number="417" hits="138" branch="false"/>
                <line number="418" hits="138" branch="false"/>
                <line number="419" hits="138" branch="false"/>
                <line number="420" hits="138" branch="false"/>
              </lines>
            </method>
          </methods>
          <lines>
            <line number="52" hits="1285" branch="false"/>
            <line number="53" hits="1285" branch="false"/>
            <line number="54" hits="1285" branch="false"/>
            <line number="55" hits="1285" branch="false"/>
            <line number="56" hits="1285" branch="false"/>
            <line number="57" hits="1285" branch="false"/>
            <line number="58" hits="1285" branch="false"/>
            <line number="59" hits="1285" branch="false"/>
            <line number="60" hits="1285" branch="false"/>
            <line number="61" hits="1285" branch="false"/>
            <line number="62" hits="1285" branch="false"/>
            <line number="63" hits="1285" branch="false"/>
            <line number="64" hits="1285" branch="false"/>
            <line number="67" hits="1285" branch="false"/>
            <line number="68" hits="1285" branch="false"/>
            <line number="69" hits="1285" branch="false"/>
            <line number="70" hits="1285" branch="false"/>
            <line number="71" hits="1285" branch="false"/>
            <line number="74" hits="1285" branch="false"/>
            <line number="77" hits="1285" branch="false"/>
            <line number="80" hits="1285" branch="false"/>
            <line number="81" hits="1285" branch="false"/>
            <line number="84" hits="1285" branch="false"/>
            <line number="85" hits="1285" branch="false"/>
            <line number="86" hits="279" branch="false"/>
            <line number="88" hits="1285" branch="false"/>
            <line number="90" hits="85655" branch="false"/>
            <line number="93" hits="85655" branch="false"/>
            <line number="96" hits="85655" branch="false"/>
            <line number="102" hits="85655" branch="false"/>
            <line number="103" hits="85655" branch="false"/>
            <line number="106" hits="85655" branch="false"/>
            <line number="109" hits="85655" branch="false"/>
            <line number="111" hits="85655" branch="false"/>
            <line number="113" hits="19110" branch="false"/>
            <line number="115" hits="19110" branch="false"/>
            <line number="116" hits="17708" branch="false"/>
            <line number="117" hits="19110" branch="false"/>
            <line number="118" hits="1402" branch="false"/>
            <line number="119" hits="19110" branch="false"/>
            <line number="120" hits="19110" branch="false"/>
            <line number="121" hits="19110" branch="false"/>
            <line number="124" hits="1285" branch="false"/>
            <line number="125" hits="1285" branch="false"/>
            <line number="126" hits="1285" branch="false"/>
            <line number="127" hits="1285" branch="false"/>
            <line number="128" hits="1285" branch="false"/>
            <line number="129" hits="1285" branch="false"/>
            <line number="130" hits="1285" branch="false"/>
            <line number="131" hits="1285" branch="false"/>
            <line number="132" hits="1285" branch="false"/>
            <line number="145" hits="323" branch="false"/>
            <line number="146" hits="323" branch="false"/>
            <line number="147" hits="323" branch="false"/>
            <line number="148" hits="323" branch="false"/>
            <line number="149" hits="323" branch="false"/>
            <line number="150" hits="323" branch="false"/>
            <line number="151" hits="323" branch="false"/>
            <line number="153" hits="323" branch="false"/>
            <line number="154" hits="323" branch="false"/>
            <line number="156" hits="323" branch="false"/>
            <line number="157" hits="323" branch="false"/>
            <line number="159" hits="323" branch="false"/>
            <line number="160" hits="323" branch="false"/>
            <line number="161" hits="323" branch="false"/>
            <line number="162" hits="323" branch="false"/>
            <line number="163" hits="323" branch="false"/>
            <line number="164" hits="323" branch="false"/>
            <line number="165" hits="323" branch="false"/>
            <line number="166" hits="323" branch="false"/>
            <line number="167" hits="323" branch="false"/>
            <line number="168" hits="323" branch="false"/>
            <line number="169" hits="323" branch="false"/>
            <line number="171" hits="323" branch="false"/>
            <line number="172" hits="323" branch="false"/>
            <line number="173" hits="323" branch="false"/>
            <line number="174" hits="323" branch="false"/>
            <line number="175" hits="323" branch="false"/>
            <line number="176" hits="323" branch="false"/>
            <line number="177" hits="323" branch="false"/>
            <line number="178" hits="323" branch="false"/>
            <line number="179" hits="323" branch="false"/>
            <line number="194" hits="70" branch="false"/>
            <line number="195" hits="70" branch="false"/>
            <line number="196" hits="70" branch="false"/>
            <line number="197" hits="70" branch="false"/>
            <line number="198" hits="70" branch="false"/>
            <line number="199" hits="70" branch="false"/>
            <line number="200" hits="70" branch="false"/>
            <line number="201" hits="70" branch="false"/>
            <line number="202" hits="70" branch="false"/>
            <line number="203" hits="70" branch="false"/>
            <line number="206" hits="70" branch="false"/>
            <line number="207" hits="70" branch="false"/>
            <line number="210" hits="70" branch="false"/>
            <line number="211" hits="70" branch="false"/>
            <line number="212" hits="70" branch="false"/>
            <line number="213" hits="70" branch="false"/>
            <line number="214" hits="70" branch="false"/>
            <line number="215" hits="70" branch="false"/>
            <line number="216" hits="70" branch="false"/>
            <line number="217" hits="70" branch="false"/>
            <line number="218" hits="70" branch="false"/>
            <line number="219" hits="70" branch="false"/>
            <line number="220" hits="70" branch="false"/>
            <line number="223" hits="70" branch="false"/>
            <line number="224" hits="70" branch="false"/>
            <line number="225" hits="70" branch="false"/>
            <line number="226" hits="70" branch="false"/>
            <line number="227" hits="70" branch="false"/>
            <line number="228" hits="70" branch="false"/>
            <line number="229" hits="70" branch="false"/>
            <line number="230" hits="70" branch="false"/>
            <line number="231" hits="70" branch="false"/>
            <line number="232" hits="70" branch="false"/>
            <line number="236" hits="70" branch="false"/>
            <line number="239" hits="70" branch="false"/>
            <line number="240" hits="70" branch="false"/>
            <line number="243" hits="70" branch="false"/>
            <line number="244" hits="70" branch="false"/>
            <line number="247" hits="70" branch="false"/>
            <line number="250" hits="70" branch="false"/>
            <line number="252" hits="70" branch="false"/>
            <line number="254" hits="20" branch="false"/>
            <line number="255" hits="13" branch="false"/>
            <line number="256" hits="20" branch="false"/>
            <line number="257" hits="7" branch="false"/>
            <line number="258" hits="7" branch="false"/>
            <line number="259" hits="7" branch="false"/>
            <line number="260" hits="7" branch="false"/>
            <line number="261" hits="7" branch="false"/>
            <line number="262" hits="7" branch="false"/>
            <line number="263" hits="7" branch="false"/>
            <line number="264" hits="7" branch="false"/>
            <line number="265" hits="7" branch="false"/>
            <line number="266" hits="7" branch="false"/>
            <line number="267" hits="7" branch="false"/>
            <line number="268" hits="20" branch="false"/>
            <line number="271" hits="20" branch="false"/>
            <line number="272" hits="20" branch="false"/>
            <line number="273" hits="20" branch="false"/>
            <line number="276" hits="20" branch="false"/>
            <line number="277" hits="20" branch="false"/>
            <line number="278" hits="20" branch="false"/>
            <line number="281" hits="70" branch="false"/>
            <line number="282" hits="70" branch="false"/>
            <line number="283" hits="70" branch="false"/>
            <line number="284" hits="70" branch="false"/>
            <line number="285" hits="70" branch="false"/>
            <line number="286" hits="70" branch="false"/>
            <line number="302" hits="138" branch="false"/>
            <line number="303" hits="138" branch="false"/>
            <line number="304" hits="138" branch="false"/>
            <line number="305" hits="138" branch="false"/>
            <line number="306" hits="138" branch="false"/>
            <line number="307" hits="138" branch="false"/>
            <line number="308" hits="138" branch="false"/>
            <line number="309" hits="138" branch="false"/>
            <line number="310" hits="138" branch="false"/>
            <line number="311" hits="138" branch="false"/>
            <line number="314" hits="138" branch="false"/>
            <line number="315" hits="138" branch="false"/>
            <line number="320" hits="138" branch="false"/>
            <line number="321" hits="219" branch="false"/>
            <line number="322" hits="11" branch="false"/>
            <line number="327" hits="138" branch="false"/>
            <line number="328" hits="138" branch="false"/>
            <line number="329" hits="138" branch="false"/>
            <line number="330" hits="138" branch="false"/>
            <line number="331" hits="138" branch="false"/>
            <line number="332" hits="138" branch="false"/>
            <line number="333" hits="138" branch="false"/>
            <line number="334" hits="138" branch="false"/>
            <line number="335" hits="138" branch="false"/>
            <line number="336" hits="138" branch="false"/>
            <line number="337" hits="138" branch="false"/>
            <line number="340" hits="138" branch="false"/>
            <line number="341" hits="138" branch="false"/>
            <line number="342" hits="138" branch="false"/>
            <line number="343" hits="138" branch="false"/>
            <line number="344" hits="138" branch="false"/>
            <line number="345" hits="138" branch="false"/>
            <line number="346" hits="138" branch="false"/>
            <line number="347" hits="138" branch="false"/>
            <line number="348" hits="138" branch="false"/>
            <line number="349" hits="138" branch="false"/>
            <line number="353" hits="138" branch="false"/>
            <line number="355" hits="138" branch="false"/>
            <line number="356" hits="138" branch="false"/>
            <line number="357" hits="138" branch="false"/>
            <line number="360" hits="138" branch="false"/>
            <line number="361" hits="138" branch="false"/>
            <line number="364" hits="138" branch="false"/>
            <line number="365" hits="138" branch="false"/>
            <line number="367" hits="138" branch="false"/>
            <line number="368" hits="138" branch="false"/>
            <line number="370" hits="138" branch="false"/>
            <line number="371" hits="138" branch="false"/>
            <line number="374" hits="138" branch="false"/>
            <line number="377" hits="138" branch="false"/>
            <line number="379" hits="138" branch="false"/>
            <line number="381" hits="30" branch="false"/>
            <line number="382" hits="30" branch="false"/>
            <line number="383" hits="30" branch="false"/>
            <line number="384" hits="30" branch="false"/>
            <line number="385" hits="30" branch="false"/>
            <line number="386" hits="30" branch="false"/>
            <line number="387" hits="30" branch="false"/>
            <line number="389" hits="30" branch="false"/>
            <line number="390" hits="30" branch="false"/>
            <line number="393" hits="30" branch="false"/>
            <line number="394" hits="23" branch="false"/>
            <line number="395" hits="30" branch="false"/>
            <line number="396" hits="7" branch="false"/>
            <line number="397" hits="7" branch="false"/>
            <line number="398" hits="7" branch="false"/>
            <line number="399" hits="7" branch="false"/>
            <line number="400" hits="7" branch="false"/>
            <line number="401" hits="7" branch="false"/>
            <line number="402" hits="7" branch="false"/>
            <line number="403" hits="7" branch="false"/>
            <line number="404" hits="7" branch="false"/>
            <line number="405" hits="7" branch="false"/>
            <line number="406" hits="7" branch="false"/>
            <line number="407" hits="30" branch="false"/>
            <line number="410" hits="30" branch="false"/>
            <line number="411" hits="30" branch="false"/>
            <line number="412" hits="30" branch="false"/>
            <line number="415" hits="138" branch="false"/>
            <line number="416" hits="138" branch="false"/>
            <line number="417" hits="138" branch="false"/>
            <line number="418" hits="138" branch="false"/>
            <line number="419" hits="138" branch="false"/>
            <line number="420" hits="138" branch="false"/>
          </lines>
        </class>
        <class name="survival.R" filename="R/survival.R" line-rate="1" branch-rate="0" complexity="0">
          <methods>
            <method name="h_log_hr_est_via_score" signature="" line-rate="1" branch-rate="0" complexity="0">
              <lines>
                <line number="22" hits="60" branch="false"/>
                <line number="23" hits="60" branch="false"/>
                <line number="24" hits="60" branch="false"/>
                <line number="26" hits="60" branch="false"/>
                <line number="27" hits="60" branch="false"/>
                <line number="28" hits="60" branch="false"/>
                <line number="29" hits="60" branch="false"/>
                <line number="30" hits="60" branch="false"/>
                <line number="31" hits="60" branch="false"/>
                <line number="32" hits="60" branch="false"/>
                <line number="33" hits="60" branch="false"/>
                <line number="34" hits="60" branch="false"/>
                <line number="35" hits="60" branch="false"/>
                <line number="36" hits="60" branch="false"/>
                <line number="38" hits="60" branch="false"/>
                <line number="39" hits="60" branch="false"/>
                <line number="40" hits="60" branch="false"/>
                <line number="41" hits="60" branch="false"/>
                <line number="42" hits="60" branch="false"/>
                <line number="43" hits="60" branch="false"/>
                <line number="44" hits="60" branch="false"/>
                <line number="46" hits="60" branch="false"/>
                <line number="47" hits="60" branch="false"/>
                <line number="48" hits="60" branch="false"/>
                <line number="49" hits="60" branch="false"/>
                <line number="50" hits="60" branch="false"/>
                <line number="51" hits="60" branch="false"/>
              </lines>
            </method>
            <method name="h_lr_test_via_score" signature="" line-rate="1" branch-rate="0" complexity="0">
              <lines>
                <line number="72" hits="43" branch="false"/>
                <line number="74" hits="43" branch="false"/>
                <line number="75" hits="43" branch="false"/>
                <line number="76" hits="43" branch="false"/>
                <line number="78" hits="43" branch="false"/>
                <line number="79" hits="43" branch="false"/>
                <line number="80" hits="43" branch="false"/>
                <line number="81" hits="43" branch="false"/>
                <line number="83" hits="43" branch="false"/>
                <line number="84" hits="43" branch="false"/>
                <line number="85" hits="43" branch="false"/>
                <line number="86" hits="43" branch="false"/>
                <line number="87" hits="43" branch="false"/>
                <line number="88" hits="43" branch="false"/>
                <line number="89" hits="43" branch="false"/>
              </lines>
            </method>
            <method name="robin_surv_comparison" signature="" line-rate="1" branch-rate="0" complexity="0">
              <lines>
                <line number="130" hits="42" branch="false"/>
                <line number="131" hits="42" branch="false"/>
                <line number="132" hits="42" branch="false"/>
                <line number="133" hits="42" branch="false"/>
                <line number="134" hits="42" branch="false"/>
                <line number="135" hits="42" branch="false"/>
                <line number="136" hits="42" branch="false"/>
                <line number="137" hits="42" branch="false"/>
[...]
                <line number="300" hits="13" branch="false"/>
                <line number="301" hits="13" branch="false"/>
                <line number="302" hits="13" branch="false"/>
                <line number="303" hits="13" branch="false"/>
                <line number="304" hits="13" branch="false"/>
                <line number="305" hits="13" branch="false"/>
                <line number="306" hits="13" branch="false"/>
                <line number="307" hits="13" branch="false"/>
                <line number="308" hits="13" branch="false"/>
                <line number="309" hits="13" branch="false"/>
                <line number="310" hits="13" branch="false"/>
                <line number="311" hits="13" branch="false"/>
                <line number="312" hits="13" branch="false"/>
                <line number="313" hits="13" branch="false"/>
                <line number="314" hits="13" branch="false"/>
                <line number="315" hits="13" branch="false"/>
                <line number="316" hits="13" branch="false"/>
                <line number="317" hits="13" branch="false"/>
                <line number="318" hits="13" branch="false"/>
                <line number="319" hits="1" branch="false"/>
                <line number="321" hits="13" branch="false"/>
                <line number="322" hits="1" branch="false"/>
                <line number="324" hits="13" branch="false"/>
                <line number="325" hits="1" branch="false"/>
                <line number="327" hits="13" branch="false"/>
              </lines>
            </method>
          </methods>
          <lines>
            <line number="18" hits="99" branch="false"/>
            <line number="19" hits="97" branch="false"/>
            <line number="20" hits="1" branch="false"/>
            <line number="22" hits="96" branch="false"/>
            <line number="23" hits="2" branch="false"/>
            <line number="25" hits="94" branch="false"/>
            <line number="26" hits="94" branch="false"/>
            <line number="27" hits="94" branch="false"/>
            <line number="28" hits="94" branch="false"/>
            <line number="29" hits="1" branch="false"/>
            <line number="30" hits="93" branch="false"/>
            <line number="31" hits="52" branch="false"/>
            <line number="33" hits="93" branch="false"/>
            <line number="34" hits="93" branch="false"/>
            <line number="35" hits="93" branch="false"/>
            <line number="36" hits="93" branch="false"/>
            <line number="37" hits="93" branch="false"/>
            <line number="38" hits="93" branch="false"/>
            <line number="71" hits="42" branch="false"/>
            <line number="72" hits="42" branch="false"/>
            <line number="73" hits="42" branch="false"/>
            <line number="74" hits="42" branch="false"/>
            <line number="75" hits="42" branch="false"/>
            <line number="76" hits="42" branch="false"/>
            <line number="77" hits="42" branch="false"/>
            <line number="78" hits="42" branch="false"/>
            <line number="79" hits="42" branch="false"/>
            <line number="81" hits="42" branch="false"/>
            <line number="82" hits="0" branch="false"/>
            <line number="84" hits="42" branch="false"/>
            <line number="85" hits="42" branch="false"/>
            <line number="88" hits="42" branch="false"/>
            <line number="89" hits="42" branch="false"/>
            <line number="90" hits="42" branch="false"/>
            <line number="91" hits="21" branch="false"/>
            <line number="92" hits="42" branch="false"/>
            <line number="93" hits="21" branch="false"/>
            <line number="94" hits="42" branch="false"/>
            <line number="96" hits="42" branch="false"/>
            <line number="97" hits="42" branch="false"/>
            <line number="100" hits="42" branch="false"/>
            <line number="101" hits="42" branch="false"/>
            <line number="102" hits="41" branch="false"/>
            <line number="103" hits="41" branch="false"/>
            <line number="104" hits="41" branch="false"/>
            <line number="105" hits="41" branch="false"/>
            <line number="106" hits="1" branch="false"/>
            <line number="107" hits="1" branch="false"/>
            <line number="108" hits="1" branch="false"/>
            <line number="109" hits="1" branch="false"/>
            <line number="110" hits="1" branch="false"/>
            <line number="111" hits="1" branch="false"/>
            <line number="112" hits="1" branch="false"/>
            <line number="113" hits="1" branch="false"/>
            <line number="114" hits="0" branch="false"/>
            <line number="116" hits="1" branch="false"/>
            <line number="118" hits="0" branch="false"/>
            <line number="122" hits="42" branch="false"/>
            <line number="123" hits="21" branch="false"/>
            <line number="124" hits="42" branch="false"/>
            <line number="125" hits="21" branch="false"/>
            <line number="126" hits="42" branch="false"/>
            <line number="127" hits="42" branch="false"/>
            <line number="129" hits="42" branch="false"/>
            <line number="130" hits="42" branch="false"/>
            <line number="131" hits="42" branch="false"/>
            <line number="132" hits="42" branch="false"/>
            <line number="133" hits="42" branch="false"/>
            <line number="134" hits="42" branch="false"/>
            <line number="135" hits="42" branch="false"/>
            <line number="136" hits="42" branch="false"/>
            <line number="137" hits="42" branch="false"/>
            <line number="138" hits="42" branch="false"/>
            <line number="139" hits="42" branch="false"/>
            <line number="140" hits="42" branch="false"/>
            <line number="141" hits="42" branch="false"/>
            <line number="157" hits="1764" branch="false"/>
            <line number="158" hits="1764" branch="false"/>
            <line number="159" hits="1764" branch="false"/>
            <line number="160" hits="1764" branch="false"/>
            <line number="161" hits="1764" branch="false"/>
            <line number="162" hits="1764" branch="false"/>
            <line number="164" hits="1764" branch="false"/>
            <line number="165" hits="1764" branch="false"/>
            <line number="166" hits="1764" branch="false"/>
            <line number="167" hits="1" branch="false"/>
            <line number="169" hits="1763" branch="false"/>
            <line number="170" hits="1763" branch="false"/>
            <line number="171" hits="1763" branch="false"/>
            <line number="172" hits="1763" branch="false"/>
            <line number="173" hits="1763" branch="false"/>
            <line number="174" hits="1763" branch="false"/>
            <line number="175" hits="1763" branch="false"/>
            <line number="176" hits="1763" branch="false"/>
            <line number="177" hits="1763" branch="false"/>
            <line number="183" hits="1" branch="false"/>
            <line number="184" hits="1" branch="false"/>
            <line number="185" hits="1" branch="false"/>
            <line number="191" hits="39" branch="false"/>
            <line number="192" hits="39" branch="false"/>
            <line number="193" hits="39" branch="false"/>
            <line number="194" hits="39" branch="false"/>
            <line number="195" hits="39" branch="false"/>
            <line number="196" hits="39" branch="false"/>
            <line number="202" hits="1" branch="false"/>
            <line number="203" hits="1" branch="false"/>
            <line number="204" hits="1" branch="false"/>
            <line number="205" hits="1" branch="false"/>
            <line number="206" hits="1" branch="false"/>
            <line number="221" hits="59" branch="false"/>
            <line number="222" hits="59" branch="false"/>
            <line number="223" hits="19" branch="false"/>
            <line number="225" hits="40" branch="false"/>
            <line number="226" hits="40" branch="false"/>
            <line number="228" hits="59" branch="false"/>
            <line number="229" hits="19" branch="false"/>
            <line number="231" hits="40" branch="false"/>
            <line number="232" hits="40" branch="false"/>
            <line number="234" hits="59" branch="false"/>
            <line number="235" hits="59" branch="false"/>
            <line number="236" hits="59" branch="false"/>
            <line number="237" hits="59" branch="false"/>
            <line number="238" hits="59" branch="false"/>
            <line number="239" hits="59" branch="false"/>
            <line number="240" hits="59" branch="false"/>
            <line number="241" hits="59" branch="false"/>
            <line number="242" hits="59" branch="false"/>
            <line number="248" hits="19" branch="false"/>
            <line number="249" hits="19" branch="false"/>
            <line number="250" hits="19" branch="false"/>
            <line number="251" hits="19" branch="false"/>
            <line number="252" hits="19" branch="false"/>
            <line number="253" hits="19" branch="false"/>
            <line number="254" hits="19" branch="false"/>
            <line number="255" hits="19" branch="false"/>
            <line number="261" hits="19" branch="false"/>
            <line number="262" hits="19" branch="false"/>
            <line number="263" hits="19" branch="false"/>
            <line number="264" hits="19" branch="false"/>
            <line number="265" hits="19" branch="false"/>
            <line number="266" hits="19" branch="false"/>
            <line number="272" hits="392" branch="false"/>
            <line number="273" hits="392" branch="false"/>
            <line number="274" hits="392" branch="false"/>
            <line number="275" hits="392" branch="false"/>
            <line number="276" hits="392" branch="false"/>
            <line number="277" hits="392" branch="false"/>
            <line number="278" hits="392" branch="false"/>
            <line number="279" hits="392" branch="false"/>
            <line number="280" hits="392" branch="false"/>
            <line number="286" hits="13" branch="false"/>
            <line number="287" hits="13" branch="false"/>
            <line number="288" hits="13" branch="false"/>
            <line number="289" hits="13" branch="false"/>
            <line number="290" hits="13" branch="false"/>
            <line number="291" hits="13" branch="false"/>
            <line number="292" hits="1" branch="false"/>
            <line number="293" hits="1" branch="false"/>
            <line number="294" hits="1" branch="false"/>
            <line number="295" hits="1" branch="false"/>
            <line number="297" hits="13" branch="false"/>
            <line number="298" hits="12" branch="false"/>
            <line number="300" hits="13" branch="false"/>
            <line number="301" hits="13" branch="false"/>
            <line number="302" hits="13" branch="false"/>
            <line number="303" hits="13" branch="false"/>
            <line number="304" hits="13" branch="false"/>
            <line number="305" hits="13" branch="false"/>
            <line number="306" hits="13" branch="false"/>
            <line number="307" hits="13" branch="false"/>
            <line number="308" hits="13" branch="false"/>
            <line number="309" hits="13" branch="false"/>
            <line number="310" hits="13" branch="false"/>
            <line number="311" hits="13" branch="false"/>
            <line number="312" hits="13" branch="false"/>
            <line number="313" hits="13" branch="false"/>
            <line number="314" hits="13" branch="false"/>
            <line number="315" hits="13" branch="false"/>
            <line number="316" hits="13" branch="false"/>
            <line number="317" hits="13" branch="false"/>
            <line number="318" hits="13" branch="false"/>
            <line number="319" hits="1" branch="false"/>
            <line number="321" hits="13" branch="false"/>
            <line number="322" hits="1" branch="false"/>
            <line number="324" hits="13" branch="false"/>
            <line number="325" hits="1" branch="false"/>
            <line number="327" hits="13" branch="false"/>
          </lines>
        </class>
        <class name="variance_anhecova.R" filename="R/variance_anhecova.R" line-rate="0.590909090909091" branch-rate="0" complexity="0">
          <methods>
            <method name="vcovG" signature="" line-rate="0.952380952380952" branch-rate="0" complexity="0">
              <lines>
                <line number="12" hits="27" branch="false"/>
                <line number="13" hits="27" branch="false"/>
                <line number="14" hits="27" branch="false"/>
                <line number="15" hits="27" branch="false"/>
                <line number="16" hits="27" branch="false"/>
                <line number="17" hits="27" branch="false"/>
                <line number="18" hits="27" branch="false"/>
                <line number="19" hits="27" branch="false"/>
                <line number="20" hits="27" branch="false"/>
                <line number="21" hits="27" branch="false"/>
                <line number="22" hits="27" branch="false"/>
                <line number="24" hits="27" branch="false"/>
                <line number="25" hits="27" branch="false"/>
                <line number="27" hits="27" branch="false"/>
                <line number="28" hits="27" branch="false"/>
                <line number="30" hits="0" branch="false"/>
                <line number="33" hits="27" branch="false"/>
                <line number="34" hits="27" branch="false"/>
                <line number="35" hits="27" branch="false"/>
                <line number="36" hits="27" branch="false"/>
                <line number="37" hits="27" branch="false"/>
              </lines>
            </method>
            <method name="h_adjust_pi" signature="" line-rate="0" branch-rate="0" complexity="0">
              <lines>
                <line number="45" hits="0" branch="false"/>
                <line number="46" hits="0" branch="false"/>
              </lines>
            </method>
            <method name="h_get_erb" signature="" line-rate="0.285714285714286" branch-rate="0" complexity="0">
              <lines>
                <line number="57" hits="27" branch="false"/>
                <line number="58" hits="27" branch="false"/>
                <line number="59" hits="5" branch="false"/>
                <line number="61" hits="22" branch="false"/>
                <line number="62" hits="22" branch="false"/>
                <line number="63" hits="22" branch="false"/>
                <line number="65" hits="0" branch="false"/>
                <line number="66" hits="0" branch="false"/>
                <line number="67" hits="0" branch="false"/>
                <line number="69" hits="0" branch="false"/>
                <line number="70" hits="0" branch="false"/>
                <line number="71" hits="0" branch="false"/>
                <line number="72" hits="0" branch="false"/>
                <line number="73" hits="0" branch="false"/>
                <line number="74" hits="0" branch="false"/>
                <line number="75" hits="0" branch="false"/>
                <line number="76" hits="0" branch="false"/>
                <line number="77" hits="0" branch="false"/>
                <line number="78" hits="0" branch="false"/>
                <line number="79" hits="0" branch="false"/>
                <line number="80" hits="0" branch="false"/>
              </lines>
            </method>
          </methods>
          <lines>
            <line number="12" hits="27" branch="false"/>
            <line number="13" hits="27" branch="false"/>
            <line number="14" hits="27" branch="false"/>
            <line number="15" hits="27" branch="false"/>
            <line number="16" hits="27" branch="false"/>
            <line number="17" hits="27" branch="false"/>
            <line number="18" hits="27" branch="false"/>
            <line number="19" hits="27" branch="false"/>
            <line number="20" hits="27" branch="false"/>
            <line number="21" hits="27" branch="false"/>
            <line number="22" hits="27" branch="false"/>
            <line number="24" hits="27" branch="false"/>
            <line number="25" hits="27" branch="false"/>
            <line number="27" hits="27" branch="false"/>
            <line number="28" hits="27" branch="false"/>
            <line number="30" hits="0" branch="false"/>
            <line number="33" hits="27" branch="false"/>
            <line number="34" hits="27" branch="false"/>
            <line number="35" hits="27" branch="false"/>
            <line number="36" hits="27" branch="false"/>
            <line number="37" hits="27" branch="false"/>
            <line number="45" hits="0" branch="false"/>
            <line number="46" hits="0" branch="false"/>
            <line number="57" hits="27" branch="false"/>
            <line number="58" hits="27" branch="false"/>
            <line number="59" hits="5" branch="false"/>
            <line number="61" hits="22" branch="false"/>
            <line number="62" hits="22" branch="false"/>
            <line number="63" hits="22" branch="false"/>
            <line number="65" hits="0" branch="false"/>
            <line number="66" hits="0" branch="false"/>
            <line number="67" hits="0" branch="false"/>
            <line number="69" hits="0" branch="false"/>
            <line number="70" hits="0" branch="false"/>
            <line number="71" hits="0" branch="false"/>
            <line number="72" hits="0" branch="false"/>
            <line number="73" hits="0" branch="false"/>
            <line number="74" hits="0" branch="false"/>
            <line number="75" hits="0" branch="false"/>
            <line number="76" hits="0" branch="false"/>
            <line number="77" hits="0" branch="false"/>
            <line number="78" hits="0" branch="false"/>
            <line number="79" hits="0" branch="false"/>
            <line number="80" hits="0" branch="false"/>
          </lines>
        </class>
        <class name="variance_hc.R" filename="R/variance_hc.R" line-rate="1" branch-rate="0" complexity="0">
          <methods>
            <method name="vcovHC" signature="" line-rate="1" branch-rate="0" complexity="0">
              <lines>
                <line number="10" hits="1" branch="false"/>
                <line number="11" hits="1" branch="false"/>
                <line number="12" hits="1" branch="false"/>
                <line number="13" hits="1" branch="false"/>
                <line number="14" hits="1" branch="false"/>
                <line number="15" hits="1" branch="false"/>
                <line number="16" hits="1" branch="false"/>
                <line number="17" hits="1" branch="false"/>
                <line number="18" hits="1" branch="false"/>
                <line number="19" hits="1" branch="false"/>
              </lines>
            </method>
          </methods>
          <lines>
            <line number="10" hits="1" branch="false"/>
            <line number="11" hits="1" branch="false"/>
            <line number="12" hits="1" branch="false"/>
            <line number="13" hits="1" branch="false"/>
            <line number="14" hits="1" branch="false"/>
            <line number="15" hits="1" branch="false"/>
            <line number="16" hits="1" branch="false"/>
            <line number="17" hits="1" branch="false"/>
            <line number="18" hits="1" branch="false"/>
            <line number="19" hits="1" branch="false"/>
          </lines>
        </class>
      </classes>
    </package>
  </packages>
</coverage>
